This is pdfTeX, Version 3.14159265-2.6-1.40.15 (TeX Live 2014) (preloaded format=pdflatex 2014.5.25)  2 FEB 2015 12:31
entering extended mode
 restricted \write18 enabled.
 %&-line parsing enabled.
**report_4.tex
(./report_4.tex
LaTeX2e <2014/05/01>
Babel <3.9k> and hyphenation patterns for 78 languages loaded.
(./elsarticle.cls
Document Class: elsarticle 2009/09/17, 1.20b: Elsevier Ltd
\@bls=\dimen102
(/usr/local/texlive/2014/texmf-dist/tex/latex/base/article.cls
Document Class: article 2007/10/19 v1.4h Standard LaTeX document class
(/usr/local/texlive/2014/texmf-dist/tex/latex/base/size12.clo
File: size12.clo 2007/10/19 v1.4h Standard LaTeX file (size option)
)
\c@part=\count79
\c@section=\count80
\c@subsection=\count81
\c@subsubsection=\count82
\c@paragraph=\count83
\c@subparagraph=\count84
\c@figure=\count85
\c@table=\count86
\abovecaptionskip=\skip41
\belowcaptionskip=\skip42
\bibindent=\dimen103
)
(/usr/local/texlive/2014/texmf-dist/tex/latex/graphics/graphicx.sty
Package: graphicx 2014/04/25 v1.0g Enhanced LaTeX Graphics (DPC,SPQR)

(/usr/local/texlive/2014/texmf-dist/tex/latex/graphics/keyval.sty
Package: keyval 2014/05/08 v1.15 key=value parser (DPC)
\KV@toks@=\toks14
)
(/usr/local/texlive/2014/texmf-dist/tex/latex/graphics/graphics.sty
Package: graphics 2009/02/05 v1.0o Standard LaTeX Graphics (DPC,SPQR)

(/usr/local/texlive/2014/texmf-dist/tex/latex/graphics/trig.sty
Package: trig 1999/03/16 v1.09 sin cos tan (DPC)
)
(/usr/local/texlive/2014/texmf-dist/tex/latex/latexconfig/graphics.cfg
File: graphics.cfg 2010/04/23 v1.9 graphics configuration of TeX Live
)
Package graphics Info: Driver file: pdftex.def on input line 91.

(/usr/local/texlive/2014/texmf-dist/tex/latex/pdftex-def/pdftex.def
File: pdftex.def 2011/05/27 v0.06d Graphics/color for pdfTeX

(/usr/local/texlive/2014/texmf-dist/tex/generic/oberdiek/infwarerr.sty
Package: infwarerr 2010/04/08 v1.3 Providing info/warning/error messages (HO)
)
(/usr/local/texlive/2014/texmf-dist/tex/generic/oberdiek/ltxcmds.sty
Package: ltxcmds 2011/11/09 v1.22 LaTeX kernel commands for general use (HO)
)
\Gread@gobject=\count87
))
\Gin@req@height=\dimen104
\Gin@req@width=\dimen105
)
(/usr/local/texlive/2014/texmf-dist/tex/latex/psnfss/pifont.sty
Package: pifont 2005/04/12 PSNFSS-v9.2a Pi font support (SPQR) 
LaTeX Font Info:    Try loading font information for U+pzd on input line 63.

(/usr/local/texlive/2014/texmf-dist/tex/latex/psnfss/upzd.fd
File: upzd.fd 2001/06/04 font definitions for U/pzd.
)
LaTeX Font Info:    Try loading font information for U+psy on input line 64.

(/usr/local/texlive/2014/texmf-dist/tex/latex/psnfss/upsy.fd
File: upsy.fd 2001/06/04 font definitions for U/psy.
))
\c@tnote=\count88
\c@fnote=\count89
\c@cnote=\count90
\c@ead=\count91
\c@author=\count92
\@eadauthor=\toks15
\c@affn=\count93
\absbox=\box26
\keybox=\box27
\Columnwidth=\dimen106
\space@left=\dimen107
\els@boxa=\box28
\els@boxb=\box29
\leftMargin=\dimen108
\@enLab=\toks16
\@sep=\skip43
\@@sep=\skip44
 (./report_4.spl) (/usr/local/texlive/2014/texmf-dist/tex/latex/natbib/natbib.s
ty
Package: natbib 2010/09/13 8.31b (PWD, AO)
\bibhang=\skip45
\bibsep=\skip46
LaTeX Info: Redefining \cite on input line 694.
\c@NAT@ctr=\count94
)
\splwrite=\write3
\openout3 = `report_4.spl'.


(/usr/local/texlive/2014/texmf-dist/tex/latex/geometry/geometry.sty
Package: geometry 2010/09/12 v5.6 Page Geometry

(/usr/local/texlive/2014/texmf-dist/tex/generic/oberdiek/ifpdf.sty
Package: ifpdf 2011/01/30 v2.3 Provides the ifpdf switch (HO)
Package ifpdf Info: pdfTeX in PDF mode is detected.
)
(/usr/local/texlive/2014/texmf-dist/tex/generic/oberdiek/ifvtex.sty
Package: ifvtex 2010/03/01 v1.5 Detect VTeX and its facilities (HO)
Package ifvtex Info: VTeX not detected.
)
(/usr/local/texlive/2014/texmf-dist/tex/generic/ifxetex/ifxetex.sty
Package: ifxetex 2010/09/12 v0.6 Provides ifxetex conditional
)
\Gm@cnth=\count95
\Gm@cntv=\count96
\c@Gm@tempcnt=\count97
\Gm@bindingoffset=\dimen109
\Gm@wd@mp=\dimen110
\Gm@odd@mp=\dimen111
\Gm@even@mp=\dimen112
\Gm@layoutwidth=\dimen113
\Gm@layoutheight=\dimen114
\Gm@layouthoffset=\dimen115
\Gm@layoutvoffset=\dimen116
\Gm@dimlist=\toks17
)
(/usr/local/texlive/2014/texmf-dist/tex/latex/base/fleqn.clo
File: fleqn.clo 1998/08/17 v1.1c Standard LaTeX option (flush left equations)
\mathindent=\dimen117
)
\appnamewidth=\dimen118
)
(/usr/local/texlive/2014/texmf-dist/tex/latex/txfonts/txfonts.sty
Package: txfonts 2008/01/22 v3.2.1
LaTeX Font Info:    Redeclaring symbol font `operators' on input line 21.
LaTeX Font Info:    Overwriting symbol font `operators' in version `normal'
(Font)                  OT1/cmr/m/n --> OT1/txr/m/n on input line 21.
LaTeX Font Info:    Overwriting symbol font `operators' in version `bold'
(Font)                  OT1/cmr/bx/n --> OT1/txr/m/n on input line 21.
LaTeX Font Info:    Overwriting symbol font `operators' in version `bold'
(Font)                  OT1/txr/m/n --> OT1/txr/bx/n on input line 22.
\symitalic=\mathgroup4
LaTeX Font Info:    Overwriting symbol font `italic' in version `bold'
(Font)                  OT1/txr/m/it --> OT1/txr/bx/it on input line 26.
LaTeX Font Info:    Redeclaring math alphabet \mathbf on input line 29.
LaTeX Font Info:    Overwriting math alphabet `\mathbf' in version `normal'
(Font)                  OT1/cmr/bx/n --> OT1/txr/bx/n on input line 29.
LaTeX Font Info:    Overwriting math alphabet `\mathbf' in version `bold'
(Font)                  OT1/cmr/bx/n --> OT1/txr/bx/n on input line 29.
LaTeX Font Info:    Redeclaring math alphabet \mathit on input line 30.
LaTeX Font Info:    Overwriting math alphabet `\mathit' in version `normal'
(Font)                  OT1/cmr/m/it --> OT1/txr/m/it on input line 30.
LaTeX Font Info:    Overwriting math alphabet `\mathit' in version `bold'
(Font)                  OT1/cmr/bx/it --> OT1/txr/m/it on input line 30.
LaTeX Font Info:    Overwriting math alphabet `\mathit' in version `bold'
(Font)                  OT1/txr/m/it --> OT1/txr/bx/it on input line 31.
LaTeX Font Info:    Redeclaring math alphabet \mathsf on input line 40.
LaTeX Font Info:    Overwriting math alphabet `\mathsf' in version `normal'
(Font)                  OT1/cmss/m/n --> OT1/txss/m/n on input line 40.
LaTeX Font Info:    Overwriting math alphabet `\mathsf' in version `bold'
(Font)                  OT1/cmss/bx/n --> OT1/txss/m/n on input line 40.
LaTeX Font Info:    Overwriting math alphabet `\mathsf' in version `bold'
(Font)                  OT1/txss/m/n --> OT1/txss/b/n on input line 41.
LaTeX Font Info:    Redeclaring math alphabet \mathtt on input line 50.
LaTeX Font Info:    Overwriting math alphabet `\mathtt' in version `normal'
(Font)                  OT1/cmtt/m/n --> OT1/txtt/m/n on input line 50.
LaTeX Font Info:    Overwriting math alphabet `\mathtt' in version `bold'
(Font)                  OT1/cmtt/m/n --> OT1/txtt/m/n on input line 50.
LaTeX Font Info:    Overwriting math alphabet `\mathtt' in version `bold'
(Font)                  OT1/txtt/m/n --> OT1/txtt/b/n on input line 51.
LaTeX Font Info:    Redeclaring symbol font `letters' on input line 58.
LaTeX Font Info:    Overwriting symbol font `letters' in version `normal'
(Font)                  OML/cmm/m/it --> OML/txmi/m/it on input line 58.
LaTeX Font Info:    Overwriting symbol font `letters' in version `bold'
(Font)                  OML/cmm/b/it --> OML/txmi/m/it on input line 58.
LaTeX Font Info:    Overwriting symbol font `letters' in version `bold'
(Font)                  OML/txmi/m/it --> OML/txmi/bx/it on input line 59.
\symlettersA=\mathgroup5
LaTeX Font Info:    Overwriting symbol font `lettersA' in version `bold'
(Font)                  U/txmia/m/it --> U/txmia/bx/it on input line 67.
LaTeX Font Info:    Redeclaring symbol font `symbols' on input line 77.
LaTeX Font Info:    Overwriting symbol font `symbols' in version `normal'
(Font)                  OMS/cmsy/m/n --> OMS/txsy/m/n on input line 77.
LaTeX Font Info:    Overwriting symbol font `symbols' in version `bold'
(Font)                  OMS/cmsy/b/n --> OMS/txsy/m/n on input line 77.
LaTeX Font Info:    Overwriting symbol font `symbols' in version `bold'
(Font)                  OMS/txsy/m/n --> OMS/txsy/bx/n on input line 78.
\symAMSa=\mathgroup6
LaTeX Font Info:    Overwriting symbol font `AMSa' in version `bold'
(Font)                  U/txsya/m/n --> U/txsya/bx/n on input line 94.
\symAMSb=\mathgroup7
LaTeX Font Info:    Overwriting symbol font `AMSb' in version `bold'
(Font)                  U/txsyb/m/n --> U/txsyb/bx/n on input line 103.
\symsymbolsC=\mathgroup8
LaTeX Font Info:    Overwriting symbol font `symbolsC' in version `bold'
(Font)                  U/txsyc/m/n --> U/txsyc/bx/n on input line 113.
LaTeX Font Info:    Redeclaring symbol font `largesymbols' on input line 120.
LaTeX Font Info:    Overwriting symbol font `largesymbols' in version `normal'
(Font)                  OMX/cmex/m/n --> OMX/txex/m/n on input line 120.
LaTeX Font Info:    Overwriting symbol font `largesymbols' in version `bold'
(Font)                  OMX/cmex/m/n --> OMX/txex/m/n on input line 120.
LaTeX Font Info:    Overwriting symbol font `largesymbols' in version `bold'
(Font)                  OMX/txex/m/n --> OMX/txex/bx/n on input line 121.
\symlargesymbolsA=\mathgroup9
LaTeX Font Info:    Overwriting symbol font `largesymbolsA' in version `bold'
(Font)                  U/txexa/m/n --> U/txexa/bx/n on input line 129.
LaTeX Info: Redefining \not on input line 1043.
)

Package geometry Warning: Over-specification in `h'-direction.
    `width' (522.0pt) is ignored.


Package geometry Warning: Over-specification in `v'-direction.
    `height' (682.0pt) is ignored.

(/usr/local/texlive/2014/texmf-dist/tex/latex/float/float.sty
Package: float 2001/11/08 v1.3d Float enhancements (AL)
\c@float@type=\count98
\float@exts=\toks18
\float@box=\box30
\@float@everytoks=\toks19
\@floatcapt=\box31
)
(/usr/local/texlive/2014/texmf-dist/tex/latex/amsmath/amsmath.sty
Package: amsmath 2013/01/14 v2.14 AMS math features
\@mathmargin=\skip47

For additional information on amsmath, use the `?' option.
(/usr/local/texlive/2014/texmf-dist/tex/latex/amsmath/amstext.sty
Package: amstext 2000/06/29 v2.01

(/usr/local/texlive/2014/texmf-dist/tex/latex/amsmath/amsgen.sty
File: amsgen.sty 1999/11/30 v2.0
\@emptytoks=\toks20
\ex@=\dimen119
))
(/usr/local/texlive/2014/texmf-dist/tex/latex/amsmath/amsbsy.sty
Package: amsbsy 1999/11/29 v1.2d
\pmbraise@=\dimen120
)
(/usr/local/texlive/2014/texmf-dist/tex/latex/amsmath/amsopn.sty
Package: amsopn 1999/12/14 v2.01 operator names
)
\inf@bad=\count99
LaTeX Info: Redefining \frac on input line 210.
\uproot@=\count100
\leftroot@=\count101
LaTeX Info: Redefining \overline on input line 306.
\classnum@=\count102
\DOTSCASE@=\count103
LaTeX Info: Redefining \ldots on input line 378.
LaTeX Info: Redefining \dots on input line 381.
LaTeX Info: Redefining \cdots on input line 466.
\Mathstrutbox@=\box32
\strutbox@=\box33
\big@size=\dimen121
LaTeX Font Info:    Redeclaring font encoding OML on input line 566.
LaTeX Font Info:    Redeclaring font encoding OMS on input line 567.
\macc@depth=\count104
\c@MaxMatrixCols=\count105
\dotsspace@=\muskip10
\c@parentequation=\count106
\dspbrk@lvl=\count107
\tag@help=\toks21
\row@=\count108
\column@=\count109
\maxfields@=\count110
\andhelp@=\toks22
\eqnshift@=\dimen122
\alignsep@=\dimen123
\tagshift@=\dimen124
\tagwidth@=\dimen125
\totwidth@=\dimen126
\lineht@=\dimen127
\@envbody=\toks23
\multlinegap=\skip48
\multlinetaggap=\skip49
\mathdisplay@stack=\toks24
LaTeX Info: Redefining \[ on input line 2665.
LaTeX Info: Redefining \] on input line 2666.
)
(/usr/local/texlive/2014/texmf-dist/tex/latex/hyperref/hyperref.sty
Package: hyperref 2012/11/06 v6.83m Hypertext links for LaTeX

(/usr/local/texlive/2014/texmf-dist/tex/generic/oberdiek/hobsub-hyperref.sty
Package: hobsub-hyperref 2012/05/28 v1.13 Bundle oberdiek, subset hyperref (HO)


(/usr/local/texlive/2014/texmf-dist/tex/generic/oberdiek/hobsub-generic.sty
Package: hobsub-generic 2012/05/28 v1.13 Bundle oberdiek, subset generic (HO)
Package: hobsub 2012/05/28 v1.13 Construct package bundles (HO)
Package hobsub Info: Skipping package `infwarerr' (already loaded).
Package hobsub Info: Skipping package `ltxcmds' (already loaded).
Package: ifluatex 2010/03/01 v1.3 Provides the ifluatex switch (HO)
Package ifluatex Info: LuaTeX not detected.
Package hobsub Info: Skipping package `ifvtex' (already loaded).
Package: intcalc 2007/09/27 v1.1 Expandable calculations with integers (HO)
Package hobsub Info: Skipping package `ifpdf' (already loaded).
Package: etexcmds 2011/02/16 v1.5 Avoid name clashes with e-TeX commands (HO)
Package etexcmds Info: Could not find \expanded.
(etexcmds)             That can mean that you are not using pdfTeX 1.50 or
(etexcmds)             that some package has redefined \expanded.
(etexcmds)             In the latter case, load this package earlier.
Package: kvsetkeys 2012/04/25 v1.16 Key value parser (HO)
Package: kvdefinekeys 2011/04/07 v1.3 Define keys (HO)
Package: pdftexcmds 2011/11/29 v0.20 Utility functions of pdfTeX for LuaTeX (HO
)
Package pdftexcmds Info: LuaTeX not detected.
Package pdftexcmds Info: \pdf@primitive is available.
Package pdftexcmds Info: \pdf@ifprimitive is available.
Package pdftexcmds Info: \pdfdraftmode found.
Package: pdfescape 2011/11/25 v1.13 Implements pdfTeX's escape features (HO)
Package: bigintcalc 2012/04/08 v1.3 Expandable calculations on big integers (HO
)
Package: bitset 2011/01/30 v1.1 Handle bit-vector datatype (HO)
Package: uniquecounter 2011/01/30 v1.2 Provide unlimited unique counter (HO)
)
Package hobsub Info: Skipping package `hobsub' (already loaded).
Package: letltxmacro 2010/09/02 v1.4 Let assignment for LaTeX macros (HO)
Package: hopatch 2012/05/28 v1.2 Wrapper for package hooks (HO)
Package: xcolor-patch 2011/01/30 xcolor patch
Package: atveryend 2011/06/30 v1.8 Hooks at the very end of document (HO)
Package atveryend Info: \enddocument detected (standard20110627).
Package: atbegshi 2011/10/05 v1.16 At begin shipout hook (HO)
Package: refcount 2011/10/16 v3.4 Data extraction from label references (HO)
Package: hycolor 2011/01/30 v1.7 Color options for hyperref/bookmark (HO)
)
(/usr/local/texlive/2014/texmf-dist/tex/latex/oberdiek/auxhook.sty
Package: auxhook 2011/03/04 v1.3 Hooks for auxiliary files (HO)
)
(/usr/local/texlive/2014/texmf-dist/tex/latex/oberdiek/kvoptions.sty
Package: kvoptions 2011/06/30 v3.11 Key value format for package options (HO)
)
\@linkdim=\dimen128
\Hy@linkcounter=\count111
\Hy@pagecounter=\count112

(/usr/local/texlive/2014/texmf-dist/tex/latex/hyperref/pd1enc.def
File: pd1enc.def 2012/11/06 v6.83m Hyperref: PDFDocEncoding definition (HO)
)
\Hy@SavedSpaceFactor=\count113

(/usr/local/texlive/2014/texmf-dist/tex/latex/latexconfig/hyperref.cfg
File: hyperref.cfg 2002/06/06 v1.2 hyperref configuration of TeXLive
)
Package hyperref Info: Hyper figures OFF on input line 4443.
Package hyperref Info: Link nesting OFF on input line 4448.
Package hyperref Info: Hyper index ON on input line 4451.
Package hyperref Info: Plain pages OFF on input line 4458.
Package hyperref Info: Backreferencing OFF on input line 4463.
Package hyperref Info: Implicit mode ON; LaTeX internals redefined.
Package hyperref Info: Bookmarks ON on input line 4688.
\c@Hy@tempcnt=\count114

(/usr/local/texlive/2014/texmf-dist/tex/latex/url/url.sty
\Urlmuskip=\muskip11
Package: url 2013/09/16  ver 3.4  Verb mode for urls, etc.
)
LaTeX Info: Redefining \url on input line 5041.
\XeTeXLinkMargin=\dimen129
\Fld@menulength=\count115
\Field@Width=\dimen130
\Fld@charsize=\dimen131
Package hyperref Info: Hyper figures OFF on input line 6295.
Package hyperref Info: Link nesting OFF on input line 6300.
Package hyperref Info: Hyper index ON on input line 6303.
Package hyperref Info: backreferencing OFF on input line 6310.
Package hyperref Info: Link coloring OFF on input line 6315.
Package hyperref Info: Link coloring with OCG OFF on input line 6320.
Package hyperref Info: PDF/A mode OFF on input line 6325.
LaTeX Info: Redefining \ref on input line 6365.
LaTeX Info: Redefining \pageref on input line 6369.
\Hy@abspage=\count116
\c@Item=\count117
\c@Hfootnote=\count118
)

Package hyperref Message: Driver (autodetected): hpdftex.

(/usr/local/texlive/2014/texmf-dist/tex/latex/hyperref/hpdftex.def
File: hpdftex.def 2012/11/06 v6.83m Hyperref driver for pdfTeX
\Fld@listcount=\count119
\c@bookmark@seq@number=\count120

(/usr/local/texlive/2014/texmf-dist/tex/latex/oberdiek/rerunfilecheck.sty
Package: rerunfilecheck 2011/04/15 v1.7 Rerun checks for auxiliary files (HO)
Package uniquecounter Info: New unique counter `rerunfilecheck' on input line 2
82.
)
\Hy@SectionHShift=\skip50
)
(/usr/local/texlive/2014/texmf-dist/tex/latex/was/gensymb.sty
Package: gensymb 2003/07/02 v1.0 (WaS)
)
(/usr/local/texlive/2014/texmf-dist/tex/latex/caption/subcaption.sty
Package: subcaption 2013/02/03 v1.1-62 Sub-captions (AR)

(/usr/local/texlive/2014/texmf-dist/tex/latex/caption/caption.sty
Package: caption 2013/05/02 v3.3-89 Customizing captions (AR)

(/usr/local/texlive/2014/texmf-dist/tex/latex/caption/caption3.sty
Package: caption3 2013/05/02 v1.6-88 caption3 kernel (AR)
Package caption3 Info: TeX engine: e-TeX on input line 57.
\captionmargin=\dimen132
\captionmargin@=\dimen133
\captionwidth=\dimen134
\caption@tempdima=\dimen135
\caption@indent=\dimen136
\caption@parindent=\dimen137
\caption@hangindent=\dimen138
)
\c@ContinuedFloat=\count121
Package caption Info: float package is loaded.
Package caption Info: hyperref package is loaded.
)
\c@subfigure=\count122
\c@subtable=\count123
)
(/usr/local/texlive/2014/texmf-dist/tex/latex/footmisc/footmisc.sty
Package: footmisc 2011/06/06 v5.5b a miscellany of footnote facilities
\FN@temptoken=\toks25
\footnotemargin=\dimen139
\c@pp@next@reset=\count124
Package footmisc Info: Declaring symbol style bringhurst on input line 855.
Package footmisc Info: Declaring symbol style chicago on input line 863.
Package footmisc Info: Declaring symbol style wiley on input line 872.
Package footmisc Info: Declaring symbol style lamport-robust on input line 883.

Package footmisc Info: Declaring symbol style lamport* on input line 903.
Package footmisc Info: Declaring symbol style lamport*-robust on input line 924
.
)
(./report_4.aux)
\openout1 = `report_4.aux'.

LaTeX Font Info:    Checking defaults for OML/txmi/m/it on input line 15.
LaTeX Font Info:    Try loading font information for OML+txmi on input line 15.


(/usr/local/texlive/2014/texmf-dist/tex/latex/txfonts/omltxmi.fd
File: omltxmi.fd 2000/12/15 v3.1
)
LaTeX Font Info:    ... okay on input line 15.
LaTeX Font Info:    Checking defaults for T1/cmr/m/n on input line 15.
LaTeX Font Info:    ... okay on input line 15.
LaTeX Font Info:    Checking defaults for OT1/cmr/m/n on input line 15.
LaTeX Font Info:    ... okay on input line 15.
LaTeX Font Info:    Checking defaults for OMS/txsy/m/n on input line 15.
LaTeX Font Info:    Try loading font information for OMS+txsy on input line 15.


(/usr/local/texlive/2014/texmf-dist/tex/latex/txfonts/omstxsy.fd
File: omstxsy.fd 2000/12/15 v3.1
)
LaTeX Font Info:    ... okay on input line 15.
LaTeX Font Info:    Checking defaults for OMX/txex/m/n on input line 15.
LaTeX Font Info:    Try loading font information for OMX+txex on input line 15.


(/usr/local/texlive/2014/texmf-dist/tex/latex/txfonts/omxtxex.fd
File: omxtxex.fd 2000/12/15 v3.1
)
LaTeX Font Info:    ... okay on input line 15.
LaTeX Font Info:    Checking defaults for U/txexa/m/n on input line 15.
LaTeX Font Info:    Try loading font information for U+txexa on input line 15.

(/usr/local/texlive/2014/texmf-dist/tex/latex/txfonts/utxexa.fd
File: utxexa.fd 2000/12/15 v3.1
)
LaTeX Font Info:    ... okay on input line 15.
LaTeX Font Info:    Checking defaults for PD1/pdf/m/n on input line 15.
LaTeX Font Info:    ... okay on input line 15.
LaTeX Font Info:    Try loading font information for OT1+txr on input line 15.

(/usr/local/texlive/2014/texmf-dist/tex/latex/txfonts/ot1txr.fd
File: ot1txr.fd 2000/12/15 v3.1
)
(/usr/local/texlive/2014/texmf-dist/tex/context/base/supp-pdf.mkii
[Loading MPS to PDF converter (version 2006.09.02).]
\scratchcounter=\count125
\scratchdimen=\dimen140
\scratchbox=\box34
\nofMPsegments=\count126
\nofMParguments=\count127
\everyMPshowfont=\toks26
\MPscratchCnt=\count128
\MPscratchDim=\dimen141
\MPnumerator=\count129
\makeMPintoPDFobject=\count130
\everyMPtoPDFconversion=\toks27
) (/usr/local/texlive/2014/texmf-dist/tex/latex/oberdiek/epstopdf-base.sty
Package: epstopdf-base 2010/02/09 v2.5 Base part for package epstopdf

(/usr/local/texlive/2014/texmf-dist/tex/latex/oberdiek/grfext.sty
Package: grfext 2010/08/19 v1.1 Manage graphics extensions (HO)
)
Package grfext Info: Graphics extension search list:
(grfext)             [.png,.pdf,.jpg,.mps,.jpeg,.jbig2,.jb2,.PNG,.PDF,.JPG,.JPE
G,.JBIG2,.JB2,.eps]
(grfext)             \AppendGraphicsExtensions on input line 452.

(/usr/local/texlive/2014/texmf-dist/tex/latex/latexconfig/epstopdf-sys.cfg
File: epstopdf-sys.cfg 2010/07/13 v1.3 Configuration of (r)epstopdf for TeX Liv
e
))
*geometry* driver: auto-detecting
*geometry* detected driver: pdftex
*geometry* verbose mode - [ preamble ] result:
* driver: pdftex
* paper: custom
* layout: <same size as paper>
* layoutoffset:(h,v)=(0.0pt,0.0pt)
* hratio: 1:1
* vratio: 1:1
* modes: 
* h-part:(L,W,R)=(79.49744pt, 438.513pt, 79.49744pt)
* v-part:(T,H,B)=(108.405pt, 628.23685pt, 108.405pt)
* \paperwidth=597.50787pt
* \paperheight=845.04684pt
* \textwidth=438.513pt
* \textheight=628.23685pt
* \oddsidemargin=7.22745pt
* \evensidemargin=7.22745pt
* \topmargin=-25.86499pt
* \headheight=50.0pt
* \headsep=12.0pt
* \topskip=12.0pt
* \footskip=18.0pt
* \marginparwidth=44.0pt
* \marginparsep=10.0pt
* \columnsep=18.0pt
* \skip\footins=24.0pt plus 2.0pt minus 12.0pt
* \hoffset=0.0pt
* \voffset=0.0pt
* \mag=1000
* \@twocolumntrue
* \@twosidefalse
* \@mparswitchfalse
* \@reversemarginfalse
* (1in=72.27pt=25.4mm, 1cm=28.453pt)

\AtBeginShipoutBox=\box35
Package hyperref Info: Link coloring OFF on input line 15.
(/usr/local/texlive/2014/texmf-dist/tex/latex/hyperref/nameref.sty
Package: nameref 2012/10/27 v2.43 Cross-referencing by name of section

(/usr/local/texlive/2014/texmf-dist/tex/generic/oberdiek/gettitlestring.sty
Package: gettitlestring 2010/12/03 v1.4 Cleanup title references (HO)
)
\c@section@level=\count131
)
LaTeX Info: Redefining \ref on input line 15.
LaTeX Info: Redefining \pageref on input line 15.
LaTeX Info: Redefining \nameref on input line 15.

(./report_4.out) (./report_4.out)
\@outlinefile=\write4
\openout4 = `report_4.out'.

LaTeX Info: Redefining \celsius on input line 15.
Package gensymb Info: Faking symbols for \degree and \celsius on input line 15.



Package gensymb Warning: Not defining \perthousand.

LaTeX Info: Redefining \ohm on input line 15.
Package gensymb Info: Using \Omega for \ohm on input line 15.

Package gensymb Warning: Not defining \micro.

Package caption Info: Begin \AtBeginDocument code.
Package caption Info: End \AtBeginDocument code.
LaTeX Font Info:    Try loading font information for U+txmia on input line 21.
(/usr/local/texlive/2014/texmf-dist/tex/latex/txfonts/utxmia.fd
File: utxmia.fd 2000/12/15 v3.1
)
LaTeX Font Info:    Try loading font information for U+txsya on input line 21.

(/usr/local/texlive/2014/texmf-dist/tex/latex/txfonts/utxsya.fd
File: utxsya.fd 2000/12/15 v3.1
)
LaTeX Font Info:    Try loading font information for U+txsyb on input line 21.

(/usr/local/texlive/2014/texmf-dist/tex/latex/txfonts/utxsyb.fd
File: utxsyb.fd 2000/12/15 v3.1
)
LaTeX Font Info:    Try loading font information for U+txsyc on input line 21.

(/usr/local/texlive/2014/texmf-dist/tex/latex/txfonts/utxsyc.fd
File: utxsyc.fd 2000/12/15 v3.1
)
Overfull \hbox (4.86432pt too wide) in paragraph at lines 26--27
[]\OT1/txr/m/n/12 Digital Mul-ti-me-ter (DMM), os-cil-lo-scope,
 []


Overfull \hbox (19.87949pt too wide) in paragraph at lines 26--27
\OT1/txr/m/n/12 to ob-tain mea-sure-ments in ex-per-i-men-tal physics.
 []


Overfull \hbox (3.58353pt too wide) in paragraph at lines 26--27
\OT1/txr/m/n/12 ther our un-der-stand-ing of lin-ear cir-cuits. Lin-
 []


Overfull \hbox (6.31879pt too wide) in paragraph at lines 27--28
\OT1/txr/m/n/12 for lin-ear cir-cuits to AC cir-cuits. AC-powered
 []


Overfull \hbox (7.84354pt too wide) in paragraph at lines 27--28
\OT1/txr/m/n/12 er-cises, we com-pute the er-rors as-so-ci-ated with
 []

<figure/breadboard.png, id=17, 158.5925pt x 81.30376pt>
File: figure/breadboard.png Graphic file (type png)

<use figure/breadboard.png>
Package pdftex.def Info: figure/breadboard.png used on input line 36.
(pdftex.def)             Requested size: 131.55524pt x 67.4486pt.

Overfull \hbox (6.5355pt too wide) in paragraph at lines 41--42
\OT1/txr/m/n/12 rapid-protoyping cir-cuits, with-out long chem-
 []


Overfull \hbox (0.8588pt too wide) in paragraph at lines 41--42
\OT1/txr/m/n/12 These re-sult make sense be-cause since B and
 []

<figure/parta.png, id=21, 625.33624pt x 491.8375pt>
File: figure/parta.png Graphic file (type png)
 <use figure/parta.png>
Package pdftex.def Info: figure/parta.png used on input line 46.
(pdftex.def)             Requested size: 219.2565pt x 172.44589pt.

Overfull \hbox (9.0pt too wide) in paragraph at lines 46--47
 [] 
 []

[1{/usr/local/texlive/2014/texmf-var/fonts/map/pdftex/updmap/pdftex.map}


 <./figure/breadboard.png>]
Overfull \hbox (3.1123pt too wide) in paragraph at lines 53--54
[]\OT1/txr/m/n/12 e) To again pre-vent the ``float-ing" of com-
 []


Overfull \hbox (0.8108pt too wide) in paragraph at lines 53--54
\OT1/txr/m/n/12 mon and ground, we con-nect -12V to ground
 []


Overfull \hbox (0.2348pt too wide) in paragraph at lines 53--54
\OT1/txr/m/n/12 ate the 17V po-ten-tial dif-fer-ence as pre-dicted. 
 []

<figure/ground_common.png, id=39, 80.7015pt x 84.7968pt>
File: figure/ground_common.png Graphic file (type png)

<use figure/ground_common.png>
Package pdftex.def Info: figure/ground_common.png used on input line 58.
(pdftex.def)             Requested size: 109.62825pt x 115.19917pt.

Overfull \hbox (1.38751pt too wide) in paragraph at lines 55--62
 []\OT1/txr/bx/it/12 1.3\OT1/txr/m/it/12 .[] \OT1/txr/m/n/12 The read-ings be-t
ween the 12 out-put and
 []


Overfull \hbox (0.52353pt too wide) in paragraph at lines 55--62
\OT1/txr/m/n/12 nec-es-sar-ily at the same po-ten-tial. If the com-
 []

<figure/1_7_setup.png, id=43, 175.3752pt x 67.6929pt>
File: figure/1_7_setup.png Graphic file (type png)

<use figure/1_7_setup.png>
Package pdftex.def Info: figure/1_7_setup.png used on input line 94.
(pdftex.def)             Requested size: 219.2565pt x 84.6376pt.

Overfull \hbox (9.0pt too wide) in paragraph at lines 94--96
 [] 
 []


LaTeX Warning: `!h' float specifier changed to `!ht'.


Overfull \hbox (0.1508pt too wide) in paragraph at lines 99--101
 []\OT1/txr/bx/it/12 1.7\OT1/txr/m/it/12 .[] \OT1/txr/m/n/12 a) De-pend-ing on 
the DMM setup, it can
 []

[2 <./figure/parta.png> <./figure/ground_common.png>]
Overfull \hbox (4.05151pt too wide) in paragraph at lines 104--108
\OT1/txr/m/n/12 which is ap-prox-i-mately the same as pre-dicted
 []


Overfull \hbox (2.2748pt too wide) in paragraph at lines 104--108
\OT1/txr/m/n/12 b) We con-nected the DMM across the 470k$
$
 []


Overfull \hbox (2.37152pt too wide) in paragraph at lines 104--108
\OT1/txr/m/n/12 com-pute the ac-tual read-ing range as 24.079V
 []


Overfull \hbox (18.36201pt too wide) detected at line 111
[]\OT1/txr/m/n/12 0\OML/txmi/m/it/12 :\OT1/txr/m/n/12 012% \OMS/txsy/m/n/12 ^^B
 \OT1/txr/m/n/12 24\OML/txmi/m/it/12 :\OT1/txr/m/n/12 079\OML/txmi/m/it/12 V \O
T1/txr/m/n/12 + 0\OML/txmi/m/it/12 :\OT1/txr/m/n/12 004% \OMS/txsy/m/n/12 ^^B \
OT1/txr/m/n/12 10\OML/txmi/m/it/12 V \OT1/txr/m/n/12 = 3\OML/txmi/m/it/12 :\OT1
/txr/m/n/12 28948\OML/txmi/m/it/12 mV
 []


Overfull \hbox (6.01953pt too wide) in paragraph at lines 130--136
\OT1/txr/m/n/12 there-fore com-pute the un-cer-tainty of the read-
 []


Underfull \hbox (badness 10000) in paragraph at lines 130--136

 []


Overfull \hbox (0.71552pt too wide) in paragraph at lines 130--136
\OT1/txr/m/n/12 tirely ac-counted for by this mea-sure-ment un-
 []

[3 <./figure/1_7_setup.png>]
Overfull \hbox (3.34352pt too wide) in paragraph at lines 144--147
\OT1/txr/m/n/12 We con-nect the am-me-ter in se-ries and change
 []


Overfull \hbox (4.94832pt too wide) in paragraph at lines 151--152
[]\OT1/txr/m/n/12 c) The $10\OML/txmi/m/it/12 k\OT1/txr/m/n/12 
$ re-sis-tor would reach its max-
 []


Overfull \hbox (12.67952pt too wide) in paragraph at lines 151--152
\OT1/txr/m/n/12 re-sis-tor with a smaller value reaches the thresh-
 []


Overfull \hbox (10.38751pt too wide) in paragraph at lines 157--158
\OT1/txr/m/n/12 may re-sis-tors in se-ries, but re-quire many added
 []


Overfull \hbox (4.41805pt too wide) detected at line 164
\OT1/txr/m/n/12 0\OML/txmi/m/it/12 :\OT1/txr/m/n/12 012%(5\OML/txmi/m/it/12 :\O
T1/txr/m/n/12 0488\OML/txmi/m/it/12 V\OT1/txr/m/n/12 ) + 0\OML/txmi/m/it/12 :\O
T1/txr/m/n/12 004%(10\OML/txmi/m/it/12 V\OT1/txr/m/n/12 ) = 1\OML/txmi/m/it/12 
:\OT1/txr/m/n/12 0059\OML/txmi/m/it/12 V
 []


Overfull \hbox (9.7875pt too wide) in paragraph at lines 173--174
 []\OT1/txr/bx/it/12 1.18\OT1/txr/m/it/12 .[] \OT1/txr/m/n/12 a) By switch-ing 
the os-cil-lo-scope's ``cou-
 []


Overfull \hbox (0.48677pt too wide) in paragraph at lines 173--174
\OT1/txr/m/n/12 pling" op-tion from DC to AC, we see rapidly
 []

[4]
Overfull \hbox (4.82755pt too wide) in paragraph at lines 194--200
[][] 
 []


Overfull \hbox (2.72034pt too wide) in paragraph at lines 190--203
[]\OT1/txr/m/n/12 c) Ge-o-met-ri-cally, we can see that the $\OML/txmi/m/it/12 
V[]$
 []

<figure/1_20.png, id=104, 394.47375pt x 285.065pt>
File: figure/1_20.png Graphic file (type png)
 <use figure/1_20.png>
Package pdftex.def Info: figure/1_20.png used on input line 207.
(pdftex.def)             Requested size: 219.2565pt x 158.44348pt.

Overfull \hbox (9.0pt too wide) in paragraph at lines 207--208
[][] 
 []


Overfull \hbox (8.62352pt too wide) in paragraph at lines 211--213
\OT1/txr/m/n/12 fre-quency ge-o-met-ri-cally rather than arith-meti-
 []


Overfull \hbox (4.42351pt too wide) in paragraph at lines 211--213
\OT1/txr/m/n/12 ues agree within 5% over the fre-quency range
 []


Overfull \hbox (6.81151pt too wide) in paragraph at lines 211--213
\OT1/txr/m/n/12 be-low 1MHz. Ac-cord-ing to the Keith-ley 2100
 []

<figure/ACweird.png, id=106, 537.4479pt x 147.4308pt>
File: figure/ACweird.png Graphic file (type png)
 <use figure/ACweird.png>
Package pdftex.def Info: figure/ACweird.png used on input line 215.
(pdftex.def)             Requested size: 438.513pt x 120.29114pt.

Overfull \hbox (6.93077pt too wide) in paragraph at lines 219--220
 []\OT1/txr/bx/it/12 1.21\OT1/txr/m/it/12 .[] \OT1/txr/m/n/12 The AC set-ting o
n the os-cil-lo-scope sub-
 []


Overfull \hbox (5.98352pt too wide) in paragraph at lines 219--220
\OT1/txr/m/n/12 time in-ter-val. So by de-creas-ing the fre-quency,
 []


Overfull \hbox (3.4515pt too wide) in paragraph at lines 219--220
\OT1/txr/m/n/12 there will be fewer cy-cles in the same amount
 []

[5 <./figure/1_20.png>]
Missing character: There is no Ã in font txi!
Missing character: There is no Å in font txi!

<figure/thev_setup.png, id=123, 319.9152pt x 231.9867pt>
File: figure/thev_setup.png Graphic file (type png)

<use figure/thev_setup.png>
Package pdftex.def Info: figure/thev_setup.png used on input line 225.
(pdftex.def)             Requested size: 200.0pt x 145.0338pt.

Overfull \hbox (13.4235pt too wide) in paragraph at lines 229--230
\OT1/txr/m/n/12 9V. By de-com-pos-ing the com-pli-cated Thevenin
 []


Overfull \hbox (10.03949pt too wide) in paragraph at lines 229--230
\OT1/txr/m/n/12 we can sim-ply treat ev-ery-thing in the Thevenin
 []

<figure/thevenin.png, id=125, 398.6895pt x 288.1164pt>
File: figure/thevenin.png Graphic file (type png)

<use figure/thevenin.png>
Package pdftex.def Info: figure/thevenin.png used on input line 235.
(pdftex.def)             Requested size: 200.0pt x 144.52823pt.
 [6 <./figure/ACweird.png> <./figure/thev_setup.png> <./figure/thevenin.png>]
Overfull \hbox (0.65231pt too wide) in paragraph at lines 246--247
[]\OT1/txr/m/n/12 b) Pinch-ing the red in-su-la-tion of the min-
 []


Overfull \hbox (0.23547pt too wide) in paragraph at lines 247--248
\OT1/txr/m/n/12 thus pre-vents the in-tru-sion of dif-fer-ent wave-
 []


Overfull \hbox (2.2755pt too wide) in paragraph at lines 247--248
\OT1/txr/m/n/12 also dis-torted mo-men-tar-ily, caus-ing the wave
 []

<figure/trace_2_2e.png, id=142, 265.4718pt x 153.2124pt>
File: figure/trace_2_2e.png Graphic file (type png)

<use figure/trace_2_2e.png>
Package pdftex.def Info: figure/trace_2_2e.png used on input line 251.
(pdftex.def)             Requested size: 219.2565pt x 126.5397pt.

Overfull \hbox (9.0pt too wide) in paragraph at lines 251--253
[][]
 []


Package caption Warning: \label without proper \caption on input line 271.
See the caption package documentation for explanation.


LaTeX Warning: Reference `Z_input' on page 7 undefined on input line 259.


Overfull \hbox (6.78754pt too wide) in paragraph at lines 259--260
 []\OT1/txr/bx/it/12 2.3\OT1/txr/m/it/12 .[] \OT1/txr/m/n/12 Here, we treat the
 os-cil-lo-scope as a black
 []


Overfull \hbox (15.25949pt too wide) in paragraph at lines 259--260
\OT1/txr/m/n/12 dif-fer-ent re-sis-tors in the cir-cuit shown in Fig.[][][],
 []


Overfull \hbox (5.35951pt too wide) in paragraph at lines 259--260
\OT1/txr/m/n/12 and mea-sured the in-put volt-age. Us-ing Eq.[]14[],
 []

<figure/Z_input.png, id=147, 356.33125pt x 134.5025pt>
File: figure/Z_input.png Graphic file (type png)

<use figure/Z_input.png>
Package pdftex.def Info: figure/Z_input.png used on input line 270.
(pdftex.def)             Requested size: 219.2565pt x 82.7606pt.

Overfull \hbox (9.0pt too wide) in paragraph at lines 270--272
[][]
 []

<figure/Z_input_plot.png, id=148, 400.49625pt x 288.07625pt>
File: figure/Z_input_plot.png Graphic file (type png)

<use figure/Z_input_plot.png>
Package pdftex.def Info: figure/Z_input_plot.png used on input line 275.
(pdftex.def)             Requested size: 219.2565pt x 157.71272pt.

Overfull \hbox (9.0pt too wide) in paragraph at lines 275--276
[][] 
 []


LaTeX Warning: `!h' float specifier changed to `!ht'.


LaTeX Warning: `!h' float specifier changed to `!ht'.

<figure/2_4_setup.jpg, id=152, 3110.62125pt x 1246.6575pt>
File: figure/2_4_setup.jpg Graphic file (type jpg)

<use figure/2_4_setup.jpg>
Package pdftex.def Info: figure/2_4_setup.jpg used on input line 283.
(pdftex.def)             Requested size: 219.2565pt x 87.86462pt.

Overfull \hbox (9.0pt too wide) in paragraph at lines 283--284
[][] 
 []


LaTeX Warning: `!h' float specifier changed to `!ht'.

[7 <./figure/trace_2_2e.png>]

LaTeX Warning: Reference `2_4_plot' on page 8 undefined on input line 291.

<figure/1-2-4-input-impedance.png, id=171, 398.48875pt x 288.07625pt>
File: figure/1-2-4-input-impedance.png Graphic file (type png)

<use figure/1-2-4-input-impedance.png>
Package pdftex.def Info: figure/1-2-4-input-impedance.png used on input line 29
3.
(pdftex.def)             Requested size: 219.2565pt x 158.50395pt.

Overfull \hbox (9.0pt too wide) in paragraph at lines 293--294
[][] 
 []


Overfull \hbox (5.70752pt too wide) in paragraph at lines 290--298
\OT1/txr/m/n/12 ac-cu-rate since it yields the re-sult for the larger
 []


Overfull \hbox (3.33154pt too wide) in paragraph at lines 290--298
\OT1/txr/m/n/12 impedance (i.e. the mea-sure-ment ap-proaches
 []

<figure/Z_output_setup.png, id=174, 139.722pt x 82.8696pt>
File: figure/Z_output_setup.png Graphic file (type png)

<use figure/Z_output_setup.png>
Package pdftex.def Info: figure/Z_output_setup.png used on input line 301.
(pdftex.def)             Requested size: 219.2565pt x 130.04355pt.

Overfull \hbox (9.0pt too wide) in paragraph at lines 301--302
[][] 
 []


Overfull \hbox (6.95552pt too wide) in paragraph at lines 299--305
 []\OT1/txr/bx/it/12 2.5\OT1/txr/m/it/12 .[] \OT1/txr/m/n/12 Treat-ing the sig-
nal gen-er-a-tor as the black
 []


LaTeX Warning: `!h' float specifier changed to `!ht'.

<figure/Z_output_plot.png, id=175, 406.6392pt x 288.1164pt>
File: figure/Z_output_plot.png Graphic file (type png)

<use figure/Z_output_plot.png>
Package pdftex.def Info: figure/Z_output_plot.png used on input line 307.
(pdftex.def)             Requested size: 219.2565pt x 155.35191pt.

Overfull \hbox (9.0pt too wide) in paragraph at lines 307--308
[][] 
 []


LaTeX Warning: `!h' float specifier changed to `!ht'.


Overfull \hbox (2.2755pt too wide) in paragraph at lines 311--313
\OT1/txr/m/n/12 is hard to achieve the half-voltage point since
 []


Overfull \hbox (6.41548pt too wide) in paragraph at lines 311--313
\OT1/txr/m/n/12 man-ual ad-just-ments of the knob tends to over-
 []

[8 <./figure/Z_input.png> <./figure/Z_input_plot.png> <./figure/2_4_setup.jpg> 
<./figure/1-2-4-input-impedance.png>]
<figure/rc_setup.jpg, id=189, 2861.69125pt x 2094.82625pt>
File: figure/rc_setup.jpg Graphic file (type jpg)

<use figure/rc_setup.jpg>
Package pdftex.def Info: figure/rc_setup.jpg used on input line 316.
(pdftex.def)             Requested size: 219.2565pt x 160.49342pt.

Overfull \hbox (9.0pt too wide) in paragraph at lines 316--317
[][] 
 []

<figure/rc_circuit.png, id=191, 390.4989pt x 285.2256pt>
File: figure/rc_circuit.png Graphic file (type png)

<use figure/rc_circuit.png>
Package pdftex.def Info: figure/rc_circuit.png used on input line 322.
(pdftex.def)             Requested size: 219.2565pt x 160.15175pt.

Overfull \hbox (9.0pt too wide) in paragraph at lines 322--323
[][] 
 []


LaTeX Warning: `!h' float specifier changed to `!ht'.


Overfull \hbox (0.70033pt too wide) in paragraph at lines 326--328
[]\OT1/txr/m/n/12 We mea-sure the phase be-tween in-put and
 []

[9 <./figure/Z_output_setup.png> <./figure/Z_output_plot.png> <./figure/rc_setu
p.jpg> <./figure/rc_circuit.png>]
<figure/phase_plot.png, id=205, 404.51125pt x 286.06876pt>
File: figure/phase_plot.png Graphic file (type png)

<use figure/phase_plot.png>
Package pdftex.def Info: figure/phase_plot.png used on input line 337.
(pdftex.def)             Requested size: 219.2565pt x 155.05974pt.

Overfull \hbox (9.0pt too wide) in paragraph at lines 337--338
[][] 
 []


Overfull \hbox (5.88751pt too wide) in paragraph at lines 335--342
 []\OT1/txr/bx/it/12 2.9\OT1/txr/m/it/12 .[] \OT1/txr/m/n/12 Us-ing the os-cil-
lo-scope's ``mea-sure-ment"
 []


Overfull \hbox (1.47153pt too wide) in paragraph at lines 349--350
\OT1/txr/m/n/12 fore the re-sis-tors in the cir-cuit) heats up. Due
 []


Overfull \hbox (1.12354pt too wide) in paragraph at lines 349--350
\OT1/txr/m/n/12 to the temperature-dependence of re-sis-tance,
 []


Overfull \hbox (1.7948pt too wide) in paragraph at lines 352--355
\OT1/txr/m/n/12 cor-rect, nom-i-nal 100W power num-ber given,
 []

<figure/bode.png, id=207, 404.51125pt x 285.065pt>
File: figure/bode.png Graphic file (type png)
 <use figure/bode.png>
Package pdftex.def Info: figure/bode.png used on input line 362.
(pdftex.def)             Requested size: 219.2565pt x 154.51567pt.

Overfull \hbox (9.0pt too wide) in paragraph at lines 362--363
[][] 
 []

File: figure/bode.png Graphic file (type png)
<use figure/bode.png>
Package pdftex.def Info: figure/bode.png used on input line 368.
(pdftex.def)             Requested size: 219.2565pt x 154.51567pt.

Overfull \hbox (9.0pt too wide) in paragraph at lines 368--369
[][] 
 []

<figure/experiment_theory.png, id=210, 404.51125pt x 285.065pt>
File: figure/experiment_theory.png Graphic file (type png)

<use figure/experiment_theory.png>
Package pdftex.def Info: figure/experiment_theory.png used on input line 374.
(pdftex.def)             Requested size: 219.2565pt x 154.51567pt.

Overfull \hbox (9.0pt too wide) in paragraph at lines 374--375
[][] 
 []


LaTeX Warning: `!h' float specifier changed to `!ht'.


LaTeX Warning: `!h' float specifier changed to `!ht'.

[10 <./figure/phase_plot.png> <./figure/bode.png>]
<figure/2_13_50ohmTerminator.png, id=231, 132.9768pt x 69.6201pt>
File: figure/2_13_50ohmTerminator.png Graphic file (type png)

<use figure/2_13_50ohmTerminator.png>
Package pdftex.def Info: figure/2_13_50ohmTerminator.png used on input line 383
.
(pdftex.def)             Requested size: 219.2565pt x 114.79807pt.

Overfull \hbox (9.0pt too wide) in paragraph at lines 383--384
[][] 
 []

<figure/2_13_short1.png, id=232, 131.7723pt x 53.9616pt>
File: figure/2_13_short1.png Graphic file (type png)

<use figure/2_13_short1.png>
Package pdftex.def Info: figure/2_13_short1.png used on input line 388.
(pdftex.def)             Requested size: 219.2565pt x 89.7911pt.

Overfull \hbox (9.0pt too wide) in paragraph at lines 388--389
[][] 
 []

<figure/10ftlongsetup.jpg, id=233, 3188.91376pt x 1506.62875pt>
File: figure/10ftlongsetup.jpg Graphic file (type jpg)

<use figure/10ftlongsetup.jpg>
Package pdftex.def Info: figure/10ftlongsetup.jpg used on input line 393.
(pdftex.def)             Requested size: 219.2565pt x 103.58966pt.

Overfull \hbox (9.0pt too wide) in paragraph at lines 393--394
[][] 
 []

<figure/2_13_timelag_setup.png, id=236, 417.56pt x 231.86626pt>
File: figure/2_13_timelag_setup.png Graphic file (type png)

<use figure/2_13_timelag_setup.png>
Package pdftex.def Info: figure/2_13_timelag_setup.png used on input line 399.
(pdftex.def)             Requested size: 219.2565pt x 121.75282pt.

Overfull \hbox (9.0pt too wide) in paragraph at lines 399--400
[][] 
 []

<figure/2_13_shorted.png, id=239, 476.78125pt x 190.7125pt>
File: figure/2_13_shorted.png Graphic file (type png)

<use figure/2_13_shorted.png>
Package pdftex.def Info: figure/2_13_shorted.png used on input line 405.
(pdftex.def)             Requested size: 219.2565pt x 87.7026pt.

Overfull \hbox (9.0pt too wide) in paragraph at lines 405--406
[][] 
 []

<figure/2_13_50ohmR.png, id=240, 477.785pt x 191.71625pt>
File: figure/2_13_50ohmR.png Graphic file (type png)

<use figure/2_13_50ohmR.png>
Package pdftex.def Info: figure/2_13_50ohmR.png used on input line 410.
(pdftex.def)             Requested size: 219.2565pt x 87.97699pt.

Overfull \hbox (9.0pt too wide) in paragraph at lines 410--411
[][] 
 []


Overfull \hbox (1.78033pt too wide) in paragraph at lines 381--414
[]\OT1/txr/m/n/12 Then, we shorted the in-put sig-nal by con-
 []


LaTeX Warning: `!h' float specifier changed to `!ht'.


LaTeX Warning: `!h' float specifier changed to `!ht'.


LaTeX Warning: `!h' float specifier changed to `!ht'.


LaTeX Warning: `!h' float specifier changed to `!ht'.

[11 <./figure/experiment_theory.png> <./figure/2_13_50ohmTerminator.png> <./fig
ure/2_13_short1.png> <./figure/10ftlongsetup.jpg>]
Overfull \hbox (3.52348pt too wide) in paragraph at lines 417--418
 []\OT1/txr/bx/it/12 2.14\OT1/txr/m/it/12 .[] \OT1/txr/m/n/12 If we as-sume tha
t sig-nals travel at 2/3c,
 []


Overfull \hbox (8.02728pt too wide) in paragraph at lines 417--418
\OT1/txr/m/n/12 com-puted by $\OML/txmi/m/it/12 t \OT1/txr/m/n/12 = (30\OML/txm
i/m/it/12 :\OT1/txr/m/n/12 5\OML/txmi/m/it/12 m\OT1/txr/m/n/12 )\OML/txmi/m/it/
12 =\OT1/txr/m/n/12 (2\OML/txmi/m/it/12 =\OT1/txr/m/n/12 3(3 \OMS/txsy/m/n/12 ^
^B \OT1/txr/m/n/12 10[]\OML/txmi/m/it/12 m=s\OT1/txr/m/n/12 )) =
 []


Overfull \hbox (4.21951pt too wide) in paragraph at lines 419--421
\OT1/txr/m/n/12 os-cil-lo-scope's screen. When light travel from
 []


Overfull \hbox (0.18748pt too wide) in paragraph at lines 419--421
\OT1/txr/m/n/12 mis-sion and the wave is com-pletely re-flected
 []


Overfull \hbox (1.3995pt too wide) in paragraph at lines 422--423
\OT1/txr/m/n/12 choos-ing impedances such that the first stage
 []

<figure/filter.jpg, id=254, 3088.53876pt x 1617.04124pt>
File: figure/filter.jpg Graphic file (type jpg)

<use figure/filter.jpg>
Package pdftex.def Info: figure/filter.jpg used on input line 428.
(pdftex.def)             Requested size: 219.2565pt x 114.78358pt.

Overfull \hbox (9.0pt too wide) in paragraph at lines 428--429
[][] 
 []


LaTeX Warning: `!h' float specifier changed to `!ht'.

<figure/schema.jpg, id=256, 3158.80125pt x 1709.38625pt>
File: figure/schema.jpg Graphic file (type jpg)

<use figure/schema.jpg>
Package pdftex.def Info: figure/schema.jpg used on input line 439.
(pdftex.def)             Requested size: 219.2565pt x 118.62593pt.

Overfull \hbox (9.0pt too wide) in paragraph at lines 439--440
[][] 
 []

<figure/filter_plot.png, id=258, 426.59375pt x 283.0575pt>
File: figure/filter_plot.png Graphic file (type png)

<use figure/filter_plot.png>
Package pdftex.def Info: figure/filter_plot.png used on input line 445.
(pdftex.def)             Requested size: 219.2565pt x 145.4847pt.

Overfull \hbox (9.0pt too wide) in paragraph at lines 445--446
[][] 
 []

[12 <./figure/2_13_timelag_setup.png> <./figure/2_13_shorted.png> <./figure/2_1
3_50ohmR.png>]

LaTeX Warning: `!h' float specifier changed to `!ht'.


Overfull \hbox (13.03877pt too wide) in paragraph at lines 450--451
\OT1/txr/m/n/12 us-ing the equip-ment in BSC lab through hands-
 []


Overfull \hbox (3.22351pt too wide) in paragraph at lines 450--451
\OT1/txr/m/n/12 ple-men-ta-tions, and ap-plied it to con-struct lin-
 []

LaTeX Font Info:    Try loading font information for OMS+txr on input line 458.

(/usr/local/texlive/2014/texmf-dist/tex/latex/txfonts/omstxr.fd
File: omstxr.fd 2000/12/15 v3.1
)
LaTeX Font Info:    Font shape `OMS/txr/m/n' in size <10> not available
(Font)              Font shape `OMS/txsy/m/n' tried instead on input line 458.
Package atveryend Info: Empty hook `BeforeClearDocument' on input line 467.
 [13 <./figure/filter.jpg> <./figure/schema.jpg> <./figure/filter_plot.png>]
Package atveryend Info: Empty hook `AfterLastShipout' on input line 467.
 (./report_4.aux)
Package atveryend Info: Executing hook `AtVeryEndDocument' on input line 467.
Package atveryend Info: Executing hook `AtEndAfterFileList' on input line 467.
Package rerunfilecheck Info: File `report_4.out' has not changed.
(rerunfilecheck)             Checksum: 42BBEB238EF0CD0D9F87690EF7C7B6B2;172.


LaTeX Warning: There were undefined references.

Package atveryend Info: Empty hook `AtVeryVeryEnd' on input line 467.
 ) 
Here is how much of TeX's memory you used:
 8996 strings out of 493117
 132006 string characters out of 6135433
 230767 words of memory out of 5000000
 12169 multiletter control sequences out of 15000+600000
 44194 words of font info for 108 fonts, out of 8000000 for 9000
 1141 hyphenation exceptions out of 8191
 42i,16n,40p,1053b,346s stack positions out of 5000i,500n,10000p,200000b,80000s
pdfTeX warning (dest): name{Hfootnote.7} has been referenced but does not exi
st, replaced by a fixed one

pdfTeX warning (dest): name{Hfootnote.6} has been referenced but does not exist
, replaced by a fixed one

pdfTeX warning (dest): name{Hfootnote.5} has been referenced but does not exist
, replaced by a fixed one

pdfTeX warning (dest): name{Hfootnote.4} has been referenced but does not exist
, replaced by a fixed one

pdfTeX warning (dest): name{Hfootnote.3} has been referenced but does not exist
, replaced by a fixed one

pdfTeX warning (dest): name{Hfootnote.2} has been referenced but does not exist
, replaced by a fixed one

pdfTeX warning (dest): name{Hfootnote.1} has been referenced but does not exist
, replaced by a fixed one

{/usr/local/texlive/2014/texmf-dist/fonts/enc/dvips/base/8r.enc}</usr/local/tex
live/2014/texmf-dist/fonts/type1/public/txfonts/rtxmi.pfb></usr/local/texlive/2
014/texmf-dist/fonts/type1/public/txfonts/rtxr.pfb></usr/local/texlive/2014/tex
mf-dist/fonts/type1/public/txfonts/txex.pfb></usr/local/texlive/2014/texmf-dist
/fonts/type1/public/txfonts/txsy.pfb></usr/local/texlive/2014/texmf-dist/fonts/
type1/urw/times/utmb8a.pfb></usr/local/texlive/2014/texmf-dist/fonts/type1/urw/
times/utmbi8a.pfb></usr/local/texlive/2014/texmf-dist/fonts/type1/urw/times/utm
r8a.pfb></usr/local/texlive/2014/texmf-dist/fonts/type1/urw/times/utmri8a.pfb>
Output written on report_4.pdf (13 pages, 5474435 bytes).
PDF statistics:
 335 PDF objects out of 1000 (max. 8388607)
 255 compressed objects within 3 object streams
 110 named destinations out of 1000 (max. 500000)
 170 words of extra memory for PDF output out of 10000 (max. 10000000)

