This is pdfTeX, Version 3.14159265-2.6-1.40.15 (TeX Live 2014) (preloaded format=pdflatex 2014.5.25)  6 APR 2015 13:52
entering extended mode
 restricted \write18 enabled.
 %&-line parsing enabled.
**lab8_report.tex
(./lab8_report.tex
LaTeX2e <2014/05/01>
Babel <3.9k> and hyphenation patterns for 78 languages loaded.
(./elsarticle.cls
Document Class: elsarticle 2009/09/17, 1.20b: Elsevier Ltd
\@bls=\dimen102
(/usr/local/texlive/2014/texmf-dist/tex/latex/base/article.cls
Document Class: article 2007/10/19 v1.4h Standard LaTeX document class
(/usr/local/texlive/2014/texmf-dist/tex/latex/base/size12.clo
File: size12.clo 2007/10/19 v1.4h Standard LaTeX file (size option)
)
\c@part=\count79
\c@section=\count80
\c@subsection=\count81
\c@subsubsection=\count82
\c@paragraph=\count83
\c@subparagraph=\count84
\c@figure=\count85
\c@table=\count86
\abovecaptionskip=\skip41
\belowcaptionskip=\skip42
\bibindent=\dimen103
)
(/usr/local/texlive/2014/texmf-dist/tex/latex/graphics/graphicx.sty
Package: graphicx 2014/04/25 v1.0g Enhanced LaTeX Graphics (DPC,SPQR)

(/usr/local/texlive/2014/texmf-dist/tex/latex/graphics/keyval.sty
Package: keyval 2014/05/08 v1.15 key=value parser (DPC)
\KV@toks@=\toks14
)
(/usr/local/texlive/2014/texmf-dist/tex/latex/graphics/graphics.sty
Package: graphics 2009/02/05 v1.0o Standard LaTeX Graphics (DPC,SPQR)

(/usr/local/texlive/2014/texmf-dist/tex/latex/graphics/trig.sty
Package: trig 1999/03/16 v1.09 sin cos tan (DPC)
)
(/usr/local/texlive/2014/texmf-dist/tex/latex/latexconfig/graphics.cfg
File: graphics.cfg 2010/04/23 v1.9 graphics configuration of TeX Live
)
Package graphics Info: Driver file: pdftex.def on input line 91.

(/usr/local/texlive/2014/texmf-dist/tex/latex/pdftex-def/pdftex.def
File: pdftex.def 2011/05/27 v0.06d Graphics/color for pdfTeX

(/usr/local/texlive/2014/texmf-dist/tex/generic/oberdiek/infwarerr.sty
Package: infwarerr 2010/04/08 v1.3 Providing info/warning/error messages (HO)
)
(/usr/local/texlive/2014/texmf-dist/tex/generic/oberdiek/ltxcmds.sty
Package: ltxcmds 2011/11/09 v1.22 LaTeX kernel commands for general use (HO)
)
\Gread@gobject=\count87
))
\Gin@req@height=\dimen104
\Gin@req@width=\dimen105
)
(/usr/local/texlive/2014/texmf-dist/tex/latex/psnfss/pifont.sty
Package: pifont 2005/04/12 PSNFSS-v9.2a Pi font support (SPQR) 
LaTeX Font Info:    Try loading font information for U+pzd on input line 63.

(/usr/local/texlive/2014/texmf-dist/tex/latex/psnfss/upzd.fd
File: upzd.fd 2001/06/04 font definitions for U/pzd.
)
LaTeX Font Info:    Try loading font information for U+psy on input line 64.

(/usr/local/texlive/2014/texmf-dist/tex/latex/psnfss/upsy.fd
File: upsy.fd 2001/06/04 font definitions for U/psy.
))
\c@tnote=\count88
\c@fnote=\count89
\c@cnote=\count90
\c@ead=\count91
\c@author=\count92
\@eadauthor=\toks15
\c@affn=\count93
\absbox=\box26
\keybox=\box27
\Columnwidth=\dimen106
\space@left=\dimen107
\els@boxa=\box28
\els@boxb=\box29
\leftMargin=\dimen108
\@enLab=\toks16
\@sep=\skip43
\@@sep=\skip44

(./lab8_report.spl)
(/usr/local/texlive/2014/texmf-dist/tex/latex/natbib/natbib.sty
Package: natbib 2010/09/13 8.31b (PWD, AO)
\bibhang=\skip45
\bibsep=\skip46
LaTeX Info: Redefining \cite on input line 694.
\c@NAT@ctr=\count94
)
\splwrite=\write3
\openout3 = `lab8_report.spl'.


(/usr/local/texlive/2014/texmf-dist/tex/latex/geometry/geometry.sty
Package: geometry 2010/09/12 v5.6 Page Geometry

(/usr/local/texlive/2014/texmf-dist/tex/generic/oberdiek/ifpdf.sty
Package: ifpdf 2011/01/30 v2.3 Provides the ifpdf switch (HO)
Package ifpdf Info: pdfTeX in PDF mode is detected.
)
(/usr/local/texlive/2014/texmf-dist/tex/generic/oberdiek/ifvtex.sty
Package: ifvtex 2010/03/01 v1.5 Detect VTeX and its facilities (HO)
Package ifvtex Info: VTeX not detected.
)
(/usr/local/texlive/2014/texmf-dist/tex/generic/ifxetex/ifxetex.sty
Package: ifxetex 2010/09/12 v0.6 Provides ifxetex conditional
)
\Gm@cnth=\count95
\Gm@cntv=\count96
\c@Gm@tempcnt=\count97
\Gm@bindingoffset=\dimen109
\Gm@wd@mp=\dimen110
\Gm@odd@mp=\dimen111
\Gm@even@mp=\dimen112
\Gm@layoutwidth=\dimen113
\Gm@layoutheight=\dimen114
\Gm@layouthoffset=\dimen115
\Gm@layoutvoffset=\dimen116
\Gm@dimlist=\toks17
)
(/usr/local/texlive/2014/texmf-dist/tex/latex/base/fleqn.clo
File: fleqn.clo 1998/08/17 v1.1c Standard LaTeX option (flush left equations)
\mathindent=\dimen117
)
\appnamewidth=\dimen118
)
(/usr/local/texlive/2014/texmf-dist/tex/latex/txfonts/txfonts.sty
Package: txfonts 2008/01/22 v3.2.1
LaTeX Font Info:    Redeclaring symbol font `operators' on input line 21.
LaTeX Font Info:    Overwriting symbol font `operators' in version `normal'
(Font)                  OT1/cmr/m/n --> OT1/txr/m/n on input line 21.
LaTeX Font Info:    Overwriting symbol font `operators' in version `bold'
(Font)                  OT1/cmr/bx/n --> OT1/txr/m/n on input line 21.
LaTeX Font Info:    Overwriting symbol font `operators' in version `bold'
(Font)                  OT1/txr/m/n --> OT1/txr/bx/n on input line 22.
\symitalic=\mathgroup4
LaTeX Font Info:    Overwriting symbol font `italic' in version `bold'
(Font)                  OT1/txr/m/it --> OT1/txr/bx/it on input line 26.
LaTeX Font Info:    Redeclaring math alphabet \mathbf on input line 29.
LaTeX Font Info:    Overwriting math alphabet `\mathbf' in version `normal'
(Font)                  OT1/cmr/bx/n --> OT1/txr/bx/n on input line 29.
LaTeX Font Info:    Overwriting math alphabet `\mathbf' in version `bold'
(Font)                  OT1/cmr/bx/n --> OT1/txr/bx/n on input line 29.
LaTeX Font Info:    Redeclaring math alphabet \mathit on input line 30.
LaTeX Font Info:    Overwriting math alphabet `\mathit' in version `normal'
(Font)                  OT1/cmr/m/it --> OT1/txr/m/it on input line 30.
LaTeX Font Info:    Overwriting math alphabet `\mathit' in version `bold'
(Font)                  OT1/cmr/bx/it --> OT1/txr/m/it on input line 30.
LaTeX Font Info:    Overwriting math alphabet `\mathit' in version `bold'
(Font)                  OT1/txr/m/it --> OT1/txr/bx/it on input line 31.
LaTeX Font Info:    Redeclaring math alphabet \mathsf on input line 40.
LaTeX Font Info:    Overwriting math alphabet `\mathsf' in version `normal'
(Font)                  OT1/cmss/m/n --> OT1/txss/m/n on input line 40.
LaTeX Font Info:    Overwriting math alphabet `\mathsf' in version `bold'
(Font)                  OT1/cmss/bx/n --> OT1/txss/m/n on input line 40.
LaTeX Font Info:    Overwriting math alphabet `\mathsf' in version `bold'
(Font)                  OT1/txss/m/n --> OT1/txss/b/n on input line 41.
LaTeX Font Info:    Redeclaring math alphabet \mathtt on input line 50.
LaTeX Font Info:    Overwriting math alphabet `\mathtt' in version `normal'
(Font)                  OT1/cmtt/m/n --> OT1/txtt/m/n on input line 50.
LaTeX Font Info:    Overwriting math alphabet `\mathtt' in version `bold'
(Font)                  OT1/cmtt/m/n --> OT1/txtt/m/n on input line 50.
LaTeX Font Info:    Overwriting math alphabet `\mathtt' in version `bold'
(Font)                  OT1/txtt/m/n --> OT1/txtt/b/n on input line 51.
LaTeX Font Info:    Redeclaring symbol font `letters' on input line 58.
LaTeX Font Info:    Overwriting symbol font `letters' in version `normal'
(Font)                  OML/cmm/m/it --> OML/txmi/m/it on input line 58.
LaTeX Font Info:    Overwriting symbol font `letters' in version `bold'
(Font)                  OML/cmm/b/it --> OML/txmi/m/it on input line 58.
LaTeX Font Info:    Overwriting symbol font `letters' in version `bold'
(Font)                  OML/txmi/m/it --> OML/txmi/bx/it on input line 59.
\symlettersA=\mathgroup5
LaTeX Font Info:    Overwriting symbol font `lettersA' in version `bold'
(Font)                  U/txmia/m/it --> U/txmia/bx/it on input line 67.
LaTeX Font Info:    Redeclaring symbol font `symbols' on input line 77.
LaTeX Font Info:    Overwriting symbol font `symbols' in version `normal'
(Font)                  OMS/cmsy/m/n --> OMS/txsy/m/n on input line 77.
LaTeX Font Info:    Overwriting symbol font `symbols' in version `bold'
(Font)                  OMS/cmsy/b/n --> OMS/txsy/m/n on input line 77.
LaTeX Font Info:    Overwriting symbol font `symbols' in version `bold'
(Font)                  OMS/txsy/m/n --> OMS/txsy/bx/n on input line 78.
\symAMSa=\mathgroup6
LaTeX Font Info:    Overwriting symbol font `AMSa' in version `bold'
(Font)                  U/txsya/m/n --> U/txsya/bx/n on input line 94.
\symAMSb=\mathgroup7
LaTeX Font Info:    Overwriting symbol font `AMSb' in version `bold'
(Font)                  U/txsyb/m/n --> U/txsyb/bx/n on input line 103.
\symsymbolsC=\mathgroup8
LaTeX Font Info:    Overwriting symbol font `symbolsC' in version `bold'
(Font)                  U/txsyc/m/n --> U/txsyc/bx/n on input line 113.
LaTeX Font Info:    Redeclaring symbol font `largesymbols' on input line 120.
LaTeX Font Info:    Overwriting symbol font `largesymbols' in version `normal'
(Font)                  OMX/cmex/m/n --> OMX/txex/m/n on input line 120.
LaTeX Font Info:    Overwriting symbol font `largesymbols' in version `bold'
(Font)                  OMX/cmex/m/n --> OMX/txex/m/n on input line 120.
LaTeX Font Info:    Overwriting symbol font `largesymbols' in version `bold'
(Font)                  OMX/txex/m/n --> OMX/txex/bx/n on input line 121.
\symlargesymbolsA=\mathgroup9
LaTeX Font Info:    Overwriting symbol font `largesymbolsA' in version `bold'
(Font)                  U/txexa/m/n --> U/txexa/bx/n on input line 129.
LaTeX Info: Redefining \not on input line 1043.
)

Package geometry Warning: Over-specification in `h'-direction.
    `width' (522.0pt) is ignored.


Package geometry Warning: Over-specification in `v'-direction.
    `height' (682.0pt) is ignored.

(/usr/local/texlive/2014/texmf-dist/tex/latex/float/float.sty
Package: float 2001/11/08 v1.3d Float enhancements (AL)
\c@float@type=\count98
\float@exts=\toks18
\float@box=\box30
\@float@everytoks=\toks19
\@floatcapt=\box31
)
(/usr/local/texlive/2014/texmf-dist/tex/latex/amsmath/amsmath.sty
Package: amsmath 2013/01/14 v2.14 AMS math features
\@mathmargin=\skip47

For additional information on amsmath, use the `?' option.
(/usr/local/texlive/2014/texmf-dist/tex/latex/amsmath/amstext.sty
Package: amstext 2000/06/29 v2.01

(/usr/local/texlive/2014/texmf-dist/tex/latex/amsmath/amsgen.sty
File: amsgen.sty 1999/11/30 v2.0
\@emptytoks=\toks20
\ex@=\dimen119
))
(/usr/local/texlive/2014/texmf-dist/tex/latex/amsmath/amsbsy.sty
Package: amsbsy 1999/11/29 v1.2d
\pmbraise@=\dimen120
)
(/usr/local/texlive/2014/texmf-dist/tex/latex/amsmath/amsopn.sty
Package: amsopn 1999/12/14 v2.01 operator names
)
\inf@bad=\count99
LaTeX Info: Redefining \frac on input line 210.
\uproot@=\count100
\leftroot@=\count101
LaTeX Info: Redefining \overline on input line 306.
\classnum@=\count102
\DOTSCASE@=\count103
LaTeX Info: Redefining \ldots on input line 378.
LaTeX Info: Redefining \dots on input line 381.
LaTeX Info: Redefining \cdots on input line 466.
\Mathstrutbox@=\box32
\strutbox@=\box33
\big@size=\dimen121
LaTeX Font Info:    Redeclaring font encoding OML on input line 566.
LaTeX Font Info:    Redeclaring font encoding OMS on input line 567.
\macc@depth=\count104
\c@MaxMatrixCols=\count105
\dotsspace@=\muskip10
\c@parentequation=\count106
\dspbrk@lvl=\count107
\tag@help=\toks21
\row@=\count108
\column@=\count109
\maxfields@=\count110
\andhelp@=\toks22
\eqnshift@=\dimen122
\alignsep@=\dimen123
\tagshift@=\dimen124
\tagwidth@=\dimen125
\totwidth@=\dimen126
\lineht@=\dimen127
\@envbody=\toks23
\multlinegap=\skip48
\multlinetaggap=\skip49
\mathdisplay@stack=\toks24
LaTeX Info: Redefining \[ on input line 2665.
LaTeX Info: Redefining \] on input line 2666.
)
(/usr/local/texlive/2014/texmf-dist/tex/latex/hyperref/hyperref.sty
Package: hyperref 2012/11/06 v6.83m Hypertext links for LaTeX

(/usr/local/texlive/2014/texmf-dist/tex/generic/oberdiek/hobsub-hyperref.sty
Package: hobsub-hyperref 2012/05/28 v1.13 Bundle oberdiek, subset hyperref (HO)


(/usr/local/texlive/2014/texmf-dist/tex/generic/oberdiek/hobsub-generic.sty
Package: hobsub-generic 2012/05/28 v1.13 Bundle oberdiek, subset generic (HO)
Package: hobsub 2012/05/28 v1.13 Construct package bundles (HO)
Package hobsub Info: Skipping package `infwarerr' (already loaded).
Package hobsub Info: Skipping package `ltxcmds' (already loaded).
Package: ifluatex 2010/03/01 v1.3 Provides the ifluatex switch (HO)
Package ifluatex Info: LuaTeX not detected.
Package hobsub Info: Skipping package `ifvtex' (already loaded).
Package: intcalc 2007/09/27 v1.1 Expandable calculations with integers (HO)
Package hobsub Info: Skipping package `ifpdf' (already loaded).
Package: etexcmds 2011/02/16 v1.5 Avoid name clashes with e-TeX commands (HO)
Package etexcmds Info: Could not find \expanded.
(etexcmds)             That can mean that you are not using pdfTeX 1.50 or
(etexcmds)             that some package has redefined \expanded.
(etexcmds)             In the latter case, load this package earlier.
Package: kvsetkeys 2012/04/25 v1.16 Key value parser (HO)
Package: kvdefinekeys 2011/04/07 v1.3 Define keys (HO)
Package: pdftexcmds 2011/11/29 v0.20 Utility functions of pdfTeX for LuaTeX (HO
)
Package pdftexcmds Info: LuaTeX not detected.
Package pdftexcmds Info: \pdf@primitive is available.
Package pdftexcmds Info: \pdf@ifprimitive is available.
Package pdftexcmds Info: \pdfdraftmode found.
Package: pdfescape 2011/11/25 v1.13 Implements pdfTeX's escape features (HO)
Package: bigintcalc 2012/04/08 v1.3 Expandable calculations on big integers (HO
)
Package: bitset 2011/01/30 v1.1 Handle bit-vector datatype (HO)
Package: uniquecounter 2011/01/30 v1.2 Provide unlimited unique counter (HO)
)
Package hobsub Info: Skipping package `hobsub' (already loaded).
Package: letltxmacro 2010/09/02 v1.4 Let assignment for LaTeX macros (HO)
Package: hopatch 2012/05/28 v1.2 Wrapper for package hooks (HO)
Package: xcolor-patch 2011/01/30 xcolor patch
Package: atveryend 2011/06/30 v1.8 Hooks at the very end of document (HO)
Package atveryend Info: \enddocument detected (standard20110627).
Package: atbegshi 2011/10/05 v1.16 At begin shipout hook (HO)
Package: refcount 2011/10/16 v3.4 Data extraction from label references (HO)
Package: hycolor 2011/01/30 v1.7 Color options for hyperref/bookmark (HO)
)
(/usr/local/texlive/2014/texmf-dist/tex/latex/oberdiek/auxhook.sty
Package: auxhook 2011/03/04 v1.3 Hooks for auxiliary files (HO)
)
(/usr/local/texlive/2014/texmf-dist/tex/latex/oberdiek/kvoptions.sty
Package: kvoptions 2011/06/30 v3.11 Key value format for package options (HO)
)
\@linkdim=\dimen128
\Hy@linkcounter=\count111
\Hy@pagecounter=\count112

(/usr/local/texlive/2014/texmf-dist/tex/latex/hyperref/pd1enc.def
File: pd1enc.def 2012/11/06 v6.83m Hyperref: PDFDocEncoding definition (HO)
)
\Hy@SavedSpaceFactor=\count113

(/usr/local/texlive/2014/texmf-dist/tex/latex/latexconfig/hyperref.cfg
File: hyperref.cfg 2002/06/06 v1.2 hyperref configuration of TeXLive
)
Package hyperref Info: Hyper figures OFF on input line 4443.
Package hyperref Info: Link nesting OFF on input line 4448.
Package hyperref Info: Hyper index ON on input line 4451.
Package hyperref Info: Plain pages OFF on input line 4458.
Package hyperref Info: Backreferencing OFF on input line 4463.
Package hyperref Info: Implicit mode ON; LaTeX internals redefined.
Package hyperref Info: Bookmarks ON on input line 4688.
\c@Hy@tempcnt=\count114

(/usr/local/texlive/2014/texmf-dist/tex/latex/url/url.sty
\Urlmuskip=\muskip11
Package: url 2013/09/16  ver 3.4  Verb mode for urls, etc.
)
LaTeX Info: Redefining \url on input line 5041.
\XeTeXLinkMargin=\dimen129
\Fld@menulength=\count115
\Field@Width=\dimen130
\Fld@charsize=\dimen131
Package hyperref Info: Hyper figures OFF on input line 6295.
Package hyperref Info: Link nesting OFF on input line 6300.
Package hyperref Info: Hyper index ON on input line 6303.
Package hyperref Info: backreferencing OFF on input line 6310.
Package hyperref Info: Link coloring OFF on input line 6315.
Package hyperref Info: Link coloring with OCG OFF on input line 6320.
Package hyperref Info: PDF/A mode OFF on input line 6325.
LaTeX Info: Redefining \ref on input line 6365.
LaTeX Info: Redefining \pageref on input line 6369.
\Hy@abspage=\count116
\c@Item=\count117
\c@Hfootnote=\count118
)

Package hyperref Message: Driver (autodetected): hpdftex.

(/usr/local/texlive/2014/texmf-dist/tex/latex/hyperref/hpdftex.def
File: hpdftex.def 2012/11/06 v6.83m Hyperref driver for pdfTeX
\Fld@listcount=\count119
\c@bookmark@seq@number=\count120

(/usr/local/texlive/2014/texmf-dist/tex/latex/oberdiek/rerunfilecheck.sty
Package: rerunfilecheck 2011/04/15 v1.7 Rerun checks for auxiliary files (HO)
Package uniquecounter Info: New unique counter `rerunfilecheck' on input line 2
82.
)
\Hy@SectionHShift=\skip50
)
(/usr/local/texlive/2014/texmf-dist/tex/latex/was/gensymb.sty
Package: gensymb 2003/07/02 v1.0 (WaS)
)
(/usr/local/texlive/2014/texmf-dist/tex/latex/caption/subcaption.sty
Package: subcaption 2013/02/03 v1.1-62 Sub-captions (AR)

(/usr/local/texlive/2014/texmf-dist/tex/latex/caption/caption.sty
Package: caption 2013/05/02 v3.3-89 Customizing captions (AR)

(/usr/local/texlive/2014/texmf-dist/tex/latex/caption/caption3.sty
Package: caption3 2013/05/02 v1.6-88 caption3 kernel (AR)
Package caption3 Info: TeX engine: e-TeX on input line 57.
\captionmargin=\dimen132
\captionmargin@=\dimen133
\captionwidth=\dimen134
\caption@tempdima=\dimen135
\caption@indent=\dimen136
\caption@parindent=\dimen137
\caption@hangindent=\dimen138
)
\c@ContinuedFloat=\count121
Package caption Info: float package is loaded.
Package caption Info: hyperref package is loaded.
)
\c@subfigure=\count122
\c@subtable=\count123
)
(/usr/local/texlive/2014/texmf-dist/tex/latex/footmisc/footmisc.sty
Package: footmisc 2011/06/06 v5.5b a miscellany of footnote facilities
\FN@temptoken=\toks25
\footnotemargin=\dimen139
\c@pp@next@reset=\count124
Package footmisc Info: Declaring symbol style bringhurst on input line 855.
Package footmisc Info: Declaring symbol style chicago on input line 863.
Package footmisc Info: Declaring symbol style wiley on input line 872.
Package footmisc Info: Declaring symbol style lamport-robust on input line 883.

Package footmisc Info: Declaring symbol style lamport* on input line 903.
Package footmisc Info: Declaring symbol style lamport*-robust on input line 924
.
)
(./lab8_report.aux

LaTeX Warning: Label `8_18_schema' multiply defined.


LaTeX Warning: Label `8_18_schema' multiply defined.

)
\openout1 = `lab8_report.aux'.

LaTeX Font Info:    Checking defaults for OML/txmi/m/it on input line 15.
LaTeX Font Info:    Try loading font information for OML+txmi on input line 15.

 (/usr/local/texlive/2014/texmf-dist/tex/latex/txfonts/omltxmi.fd
File: omltxmi.fd 2000/12/15 v3.1
)
LaTeX Font Info:    ... okay on input line 15.
LaTeX Font Info:    Checking defaults for T1/cmr/m/n on input line 15.
LaTeX Font Info:    ... okay on input line 15.
LaTeX Font Info:    Checking defaults for OT1/cmr/m/n on input line 15.
LaTeX Font Info:    ... okay on input line 15.
LaTeX Font Info:    Checking defaults for OMS/txsy/m/n on input line 15.
LaTeX Font Info:    Try loading font information for OMS+txsy on input line 15.


(/usr/local/texlive/2014/texmf-dist/tex/latex/txfonts/omstxsy.fd
File: omstxsy.fd 2000/12/15 v3.1
)
LaTeX Font Info:    ... okay on input line 15.
LaTeX Font Info:    Checking defaults for OMX/txex/m/n on input line 15.
LaTeX Font Info:    Try loading font information for OMX+txex on input line 15.


(/usr/local/texlive/2014/texmf-dist/tex/latex/txfonts/omxtxex.fd
File: omxtxex.fd 2000/12/15 v3.1
)
LaTeX Font Info:    ... okay on input line 15.
LaTeX Font Info:    Checking defaults for U/txexa/m/n on input line 15.
LaTeX Font Info:    Try loading font information for U+txexa on input line 15.

(/usr/local/texlive/2014/texmf-dist/tex/latex/txfonts/utxexa.fd
File: utxexa.fd 2000/12/15 v3.1
)
LaTeX Font Info:    ... okay on input line 15.
LaTeX Font Info:    Checking defaults for PD1/pdf/m/n on input line 15.
LaTeX Font Info:    ... okay on input line 15.
LaTeX Font Info:    Try loading font information for OT1+txr on input line 15.

(/usr/local/texlive/2014/texmf-dist/tex/latex/txfonts/ot1txr.fd
File: ot1txr.fd 2000/12/15 v3.1
)
(/usr/local/texlive/2014/texmf-dist/tex/context/base/supp-pdf.mkii
[Loading MPS to PDF converter (version 2006.09.02).]
\scratchcounter=\count125
\scratchdimen=\dimen140
\scratchbox=\box34
\nofMPsegments=\count126
\nofMParguments=\count127
\everyMPshowfont=\toks26
\MPscratchCnt=\count128
\MPscratchDim=\dimen141
\MPnumerator=\count129
\makeMPintoPDFobject=\count130
\everyMPtoPDFconversion=\toks27
) (/usr/local/texlive/2014/texmf-dist/tex/latex/oberdiek/epstopdf-base.sty
Package: epstopdf-base 2010/02/09 v2.5 Base part for package epstopdf

(/usr/local/texlive/2014/texmf-dist/tex/latex/oberdiek/grfext.sty
Package: grfext 2010/08/19 v1.1 Manage graphics extensions (HO)
)
Package grfext Info: Graphics extension search list:
(grfext)             [.png,.pdf,.jpg,.mps,.jpeg,.jbig2,.jb2,.PNG,.PDF,.JPG,.JPE
G,.JBIG2,.JB2,.eps]
(grfext)             \AppendGraphicsExtensions on input line 452.

(/usr/local/texlive/2014/texmf-dist/tex/latex/latexconfig/epstopdf-sys.cfg
File: epstopdf-sys.cfg 2010/07/13 v1.3 Configuration of (r)epstopdf for TeX Liv
e
))
*geometry* driver: auto-detecting
*geometry* detected driver: pdftex
*geometry* verbose mode - [ preamble ] result:
* driver: pdftex
* paper: custom
* layout: <same size as paper>
* layoutoffset:(h,v)=(0.0pt,0.0pt)
* hratio: 1:1
* vratio: 1:1
* modes: 
* h-part:(L,W,R)=(79.49744pt, 438.513pt, 79.49744pt)
* v-part:(T,H,B)=(108.405pt, 628.23685pt, 108.405pt)
* \paperwidth=597.50787pt
* \paperheight=845.04684pt
* \textwidth=438.513pt
* \textheight=628.23685pt
* \oddsidemargin=7.22745pt
* \evensidemargin=7.22745pt
* \topmargin=-25.86499pt
* \headheight=50.0pt
* \headsep=12.0pt
* \topskip=12.0pt
* \footskip=18.0pt
* \marginparwidth=44.0pt
* \marginparsep=10.0pt
* \columnsep=18.0pt
* \skip\footins=24.0pt plus 2.0pt minus 12.0pt
* \hoffset=0.0pt
* \voffset=0.0pt
* \mag=1000
* \@twocolumntrue
* \@twosidefalse
* \@mparswitchfalse
* \@reversemarginfalse
* (1in=72.27pt=25.4mm, 1cm=28.453pt)

\AtBeginShipoutBox=\box35
Package hyperref Info: Link coloring OFF on input line 15.
(/usr/local/texlive/2014/texmf-dist/tex/latex/hyperref/nameref.sty
Package: nameref 2012/10/27 v2.43 Cross-referencing by name of section

(/usr/local/texlive/2014/texmf-dist/tex/generic/oberdiek/gettitlestring.sty
Package: gettitlestring 2010/12/03 v1.4 Cleanup title references (HO)
)
\c@section@level=\count131
)
LaTeX Info: Redefining \ref on input line 15.
LaTeX Info: Redefining \pageref on input line 15.
LaTeX Info: Redefining \nameref on input line 15.

(./lab8_report.out) (./lab8_report.out)
\@outlinefile=\write4
\openout4 = `lab8_report.out'.

LaTeX Info: Redefining \celsius on input line 15.
Package gensymb Info: Faking symbols for \degree and \celsius on input line 15.



Package gensymb Warning: Not defining \perthousand.

LaTeX Info: Redefining \ohm on input line 15.
Package gensymb Info: Using \Omega for \ohm on input line 15.

Package gensymb Warning: Not defining \micro.

Package caption Info: Begin \AtBeginDocument code.
Package caption Info: End \AtBeginDocument code.
LaTeX Font Info:    Try loading font information for U+txmia on input line 19.
(/usr/local/texlive/2014/texmf-dist/tex/latex/txfonts/utxmia.fd
File: utxmia.fd 2000/12/15 v3.1
)
LaTeX Font Info:    Try loading font information for U+txsya on input line 19.

(/usr/local/texlive/2014/texmf-dist/tex/latex/txfonts/utxsya.fd
File: utxsya.fd 2000/12/15 v3.1
)
LaTeX Font Info:    Try loading font information for U+txsyb on input line 19.

(/usr/local/texlive/2014/texmf-dist/tex/latex/txfonts/utxsyb.fd
File: utxsyb.fd 2000/12/15 v3.1
)
LaTeX Font Info:    Try loading font information for U+txsyc on input line 19.

(/usr/local/texlive/2014/texmf-dist/tex/latex/txfonts/utxsyc.fd
File: utxsyc.fd 2000/12/15 v3.1
)
Overfull \hbox (4.72353pt too wide) in paragraph at lines 21--22
\OT1/txr/m/n/12 com-po-nents. Most im-por-tantly, we learn how
 []

<figure/8_1_schema.png, id=4, 189.1065pt x 77.088pt>
File: figure/8_1_schema.png Graphic file (type png)

<use figure/8_1_schema.png>
Package pdftex.def Info: figure/8_1_schema.png used on input line 25.
(pdftex.def)             Requested size: 219.2565pt x 89.3833pt.

Overfull \hbox (9.0pt too wide) in paragraph at lines 25--26
 [][] 
 []


Overfull \hbox (0.20828pt too wide) in paragraph at lines 29--30
[]\OT1/txr/m/n/12 We built the in-vert-ing am-pli-fier as shown
 []


Overfull \hbox (22.89078pt too wide) in paragraph at lines 32--33
\OT1/txr/m/n/12 1.08 V $\OMS/txsy/m/n/12 ^^F$ \OT1/txr/m/n/12 0.3296mV. There i
s order-of-magnitude
 []

<figure/8_2_schema.png, id=8, 189.1065pt x 117.43875pt>
File: figure/8_2_schema.png Graphic file (type png)

<use figure/8_2_schema.png>
Package pdftex.def Info: figure/8_2_schema.png used on input line 37.
(pdftex.def)             Requested size: 219.2565pt x 136.16989pt.

Overfull \hbox (9.0pt too wide) in paragraph at lines 37--38
 [][] 
 []


Overfull \hbox (5.08351pt too wide) in paragraph at lines 34--41
\OT1/txr/m/n/12 the in-put off-set. Us-ing the op-amp from ques-
 []

<figure/8_3_schema.png, id=9, 189.1065pt x 141.52875pt>
File: figure/8_3_schema.png Graphic file (type png)

<use figure/8_3_schema.png>
Package pdftex.def Info: figure/8_3_schema.png used on input line 44.
(pdftex.def)             Requested size: 175.40251pt x 131.27916pt.
 [1{/usr/local/texlive/2014/texmf-var/fonts/map/pdftex/updmap/pdftex.map}


 <./figure/8_1_schema.png> <./figure/8_2_schema.png>]
Overfull \hbox (6.71231pt too wide) in paragraph at lines 48--49
[]\OT1/txr/m/n/12 We con-struct the cir-cuit as shown in Fig.[]3[].
 []


Overfull \hbox (6.42752pt too wide) in paragraph at lines 48--49
\OT1/txr/m/n/12 When we re-moved the short-ing wire, we mea-
 []

<figure/8_4_schema.png, id=31, 138.5175pt x 72.27pt>
File: figure/8_4_schema.png Graphic file (type png)

<use figure/8_4_schema.png>
Package pdftex.def Info: figure/8_4_schema.png used on input line 56.
(pdftex.def)             Requested size: 219.2565pt x 114.39484pt.

Overfull \hbox (9.0pt too wide) in paragraph at lines 56--57
 [][] 
 []


LaTeX Warning: `!h' float specifier changed to `!ht'.

<figure/8_5_schema.png, id=33, 216.81pt x 81.906pt>
File: figure/8_5_schema.png Graphic file (type png)

<use figure/8_5_schema.png>
Package pdftex.def Info: figure/8_5_schema.png used on input line 64.
(pdftex.def)             Requested size: 219.2565pt x 82.83438pt.

Overfull \hbox (9.0pt too wide) in paragraph at lines 64--65
 [][] 
 []


Overfull \hbox (6.4755pt too wide) in paragraph at lines 61--68
\OT1/txr/m/n/12 dis-tin-guisah-bly much higher pitch and sounds
 []


Overfull \hbox (9.20831pt too wide) in paragraph at lines 68--69
[]\OT1/txr/m/n/12 The max-i-mum am-pli-tude that we can drive
 []


Overfull \hbox (1.66747pt too wide) in paragraph at lines 68--69
\OT1/txr/m/n/12 the speaker with-out dis-tor-tion is 320.0 m$\OML/txmi/m/it/12 
V[]$\OT1/txr/m/n/12 .
 []

<figure/waveformlots.png, id=35, 508.90125pt x 226.8475pt>
File: figure/waveformlots.png Graphic file (type png)

<use figure/waveformlots.png>
Package pdftex.def Info: figure/waveformlots.png used on input line 72.
(pdftex.def)             Requested size: 438.53178pt x 170.71672pt.
 [2 <./figure/8_3_schema.png> <./figure/8_4_schema.png> <./figure/8_5_schema.pn
g>]
<figure/8_7_scope.png, id=52, 501.875pt x 384.43625pt>
File: figure/8_7_scope.png Graphic file (type png)

<use figure/8_7_scope.png>
Package pdftex.def Info: figure/8_7_scope.png used on input line 79.
(pdftex.def)             Requested size: 438.53456pt x 170.71869pt.
 <figure/001V.JPG, id=53, 1274.7625pt x 903.375pt>
File: figure/001V.JPG Graphic file (type jpg)

<use figure/001V.JPG>
Package pdftex.def Info: figure/001V.JPG used on input line 86.
(pdftex.def)             Requested size: 140.32156pt x 142.25475pt.
 <figure/005V.JPG, id=54, 1278.7775pt x 901.3675pt>
File: figure/005V.JPG Graphic file (type jpg)

<use figure/005V.JPG>
Package pdftex.def Info: figure/005V.JPG used on input line 87.
(pdftex.def)             Requested size: 140.31473pt x 142.25496pt.
 <figure/025V.JPG, id=55, 1272.755pt x 898.35625pt>
File: figure/025V.JPG Graphic file (type jpg)

<use figure/025V.JPG>
Package pdftex.def Info: figure/025V.JPG used on input line 88.
(pdftex.def)             Requested size: 140.31421pt x 142.25949pt.
Missing character: There is no â in font txr!
Missing character: There is no € in font txr!
Missing character: There is no ™ in font txr!
Missing character: There is no â in font txr!
Missing character: There is no € in font txr!
Missing character: There is no ™ in font txr!

Overfull \hbox (2.69553pt too wide) in paragraph at lines 92--93
\OT1/txr/m/n/12 cause the feed-back loop is con-nected di-rectly
 []

<figure/8_9_schema.png, id=56, 216.20775pt x 113.223pt>
File: figure/8_9_schema.png Graphic file (type png)

<use figure/8_9_schema.png>
Package pdftex.def Info: figure/8_9_schema.png used on input line 98.
(pdftex.def)             Requested size: 219.2565pt x 114.82079pt.

Overfull \hbox (9.0pt too wide) in paragraph at lines 98--99
 [][] 
 []

<figure/crossover_scope.png, id=59, 832.7913pt x 597.432pt>
File: figure/crossover_scope.png Graphic file (type png)

<use figure/crossover_scope.png>
Package pdftex.def Info: figure/crossover_scope.png used on input line 104.
(pdftex.def)             Requested size: 438.50543pt x 170.71657pt.

Overfull \hbox (6.67952pt too wide) in paragraph at lines 108--109
\OT1/txr/m/n/12 cur-rent and the cur-rent goes through the lower
 []

<figure/8_9_schema2.png, id=66, 216.20775pt x 113.223pt>
File: figure/8_9_schema2.png Graphic file (type png)

<use figure/8_9_schema2.png>
Package pdftex.def Info: figure/8_9_schema2.png used on input line 112.
(pdftex.def)             Requested size: 219.2565pt x 114.82079pt.

Overfull \hbox (9.0pt too wide) in paragraph at lines 112--113
 [][] 
 []

[3 <./figure/8_9_schema.png>]
Overfull \hbox (10.66348pt too wide) in paragraph at lines 116--117
\OT1/txr/m/n/12 qual-ity is slightly bet-ter in the cir-cuit in Fig.[]11[]. 
 []

<figure/8_10_schema.png, id=81, 216.20775pt x 66.84975pt>
File: figure/8_10_schema.png Graphic file (type png)

<use figure/8_10_schema.png>
Package pdftex.def Info: figure/8_10_schema.png used on input line 120.
(pdftex.def)             Requested size: 219.2565pt x 67.79309pt.

Overfull \hbox (9.0pt too wide) in paragraph at lines 120--121
 [][] 
 []


Overfull \hbox (9.5715pt too wide) in paragraph at lines 124--125
\OT1/txr/m/n/12 re-spec-tively. With R=0, we we used the DMM
 []


Overfull \hbox (1.76349pt too wide) in paragraph at lines 124--125
\OT1/txr/m/n/12 scope mea-sured a $\OML/txmi/m/it/12 V[]$ \OT1/txr/m/n/12 of 12
4mV, so the noise
 []


Overfull \hbox (0.46346pt too wide) in paragraph at lines 124--125
\OT1/txr/m/n/12 is com-puted as 124mV/6 = 20.7$\OMS/txsy/m/n/12 ^^F$\OT1/txr/m/
n/12 0.0065mV. 
 []


Overfull \hbox (80.76747pt too wide) in paragraph at lines 125--126
\OT1/txr/m/n/12 the os-cil-l-lo-scope we mea-sured 4.40V/6 =0.733V$\OMS/txsy/m/
n/12 ^^F$\OT1/txr/m/n/12 0.4879mV.
 []

<figure/generate_spectrum.jpg, id=84, 205.5178pt x 175.40532pt>
File: figure/generate_spectrum.jpg Graphic file (type jpg)

<use figure/generate_spectrum.jpg>
Package pdftex.def Info: figure/generate_spectrum.jpg used on input line 130.
(pdftex.def)             Requested size: 219.2565pt x 187.13046pt.

Overfull \hbox (9.0pt too wide) in paragraph at lines 130--131
 [][] 
 []


Overfull \hbox (3.3195pt too wide) in paragraph at lines 127--134
\OT1/txr/m/n/12 dis-tri-bu-tion ev-ery-time we do a gen-er-ate spec-
 []

<figure/furnace.jpg, id=86, 395.4775pt x 217.81375pt>
File: figure/furnace.jpg Graphic file (type jpg)
 <use figure/furnace.jpg>
Package pdftex.def Info: figure/furnace.jpg used on input line 137.
(pdftex.def)             Requested size: 219.2565pt x 120.75842pt.

Overfull \hbox (9.0pt too wide) in paragraph at lines 137--138
 [][] 
 []


Overfull \hbox (10.3635pt too wide) in paragraph at lines 134--141
\OT1/txr/m/n/12 quency, it cuts away the high fre-quency noises.
 []


Overfull \hbox (0.1395pt too wide) in paragraph at lines 134--141
\OT1/txr/m/n/12 the au-dio rfe-quency sounds lower (like a fur-
 []


LaTeX Warning: `!h' float specifier changed to `!ht'.

<figure/N_1000_shot_spectrum.JPG, id=88, 400.49625pt x 218.8175pt>
File: figure/N_1000_shot_spectrum.JPG Graphic file (type jpg)

<use figure/N_1000_shot_spectrum.JPG>
Package pdftex.def Info: figure/N_1000_shot_spectrum.JPG used on input line 145
.
(pdftex.def)             Requested size: 219.2565pt x 119.79573pt.

<figure/N_100000_shot_spectrum.JPG, id=89, 398.48875pt x 219.82124pt>
File: figure/N_100000_shot_spectrum.JPG Graphic file (type jpg)

<use figure/N_100000_shot_spectrum.JPG>
Package pdftex.def Info: figure/N_100000_shot_spectrum.JPG used on input line 1
46.
(pdftex.def)             Requested size: 219.2565pt x 120.949pt.

Overfull \hbox (9.0pt too wide) in paragraph at lines 145--147
 [][] 
 []


Overfull \hbox (9.0pt too wide) in paragraph at lines 145--147
 [] 
 []

[4 <./figure/8_9_schema2.png> <./figure/8_10_schema.png> <./figure/generate_spe
ctrum.jpg>] <figure/shot.png, id=102, 624.1719pt x 156.585pt>
File: figure/shot.png Graphic file (type png)

<use figure/shot.png>
Package pdftex.def Info: figure/shot.png used on input line 152.
(pdftex.def)             Requested size: 438.5174pt x 113.81389pt.

Overfull \hbox (8.95953pt too wide) in paragraph at lines 150--156
\OT1/txr/m/n/12 be-cause when there is greater num-ber of peaks
 []


Overfull \hbox (8.8515pt too wide) in paragraph at lines 150--156
\OT1/txr/m/n/12 (even though it pro-vided a larger off-set). Since
 []

<figure/line.png, id=104, 794.97pt x 205.7286pt>
File: figure/line.png Graphic file (type png)
 <use figure/line.png>
Package pdftex.def Info: figure/line.png used on input line 159.
(pdftex.def)             Requested size: 438.52066pt x 113.81029pt.

Overfull \hbox (3.27151pt too wide) in paragraph at lines 157--163
\OT1/txr/m/n/12 quency com-po-nents, as shown in Fig.[]17[]. The
 []


Overfull \hbox (8.27548pt too wide) in paragraph at lines 157--163
\OT1/txr/m/n/12 sound of the line noise sounds like the buzzing
 []

<figure/8_12_schematic.JPG, id=106, 694.84593pt x 421.575pt>
File: figure/8_12_schematic.JPG Graphic file (type jpg)

<use figure/8_12_schematic.JPG>
Package pdftex.def Info: figure/8_12_schematic.JPG used on input line 167.
(pdftex.def)             Requested size: 219.2565pt x 133.02196pt.

Overfull \hbox (9.0pt too wide) in paragraph at lines 167--168
 [][] 
 []

<figure/8_12_phase_shift.JPG, id=108, 404.51125pt x 287.0725pt>
File: figure/8_12_phase_shift.JPG Graphic file (type jpg)

<use figure/8_12_phase_shift.JPG>
Package pdftex.def Info: figure/8_12_phase_shift.JPG used on input line 174.
(pdftex.def)             Requested size: 219.2565pt x 155.6038pt.

Overfull \hbox (9.0pt too wide) in paragraph at lines 174--175
 [][] 
 []


LaTeX Warning: `!h' float specifier changed to `!ht'.

<figure/8_13_schema.png, id=110, 195.73125pt x 77.69025pt>
File: figure/8_13_schema.png Graphic file (type png)

<use figure/8_13_schema.png>
Package pdftex.def Info: figure/8_13_schema.png used on input line 182.
(pdftex.def)             Requested size: 219.2565pt x 87.03261pt.

Overfull \hbox (9.0pt too wide) in paragraph at lines 182--183
 [][] 
 []


Overfull \hbox (7.99632pt too wide) in paragraph at lines 179--186
[]\OT1/txr/m/n/12 We con-structed the dif-fer-en-tia-tor as shown
 []

[5 <./figure/furnace.jpg> <./figure/N_1000_shot_spectrum.JPG> <./figure/N_10000
0_shot_spectrum.JPG> <./figure/8_12_schematic.JPG>]
<figure/8_13_scope.png, id=122, 481.8pt x 234.8775pt>
File: figure/8_13_scope.png Graphic file (type png)

<use figure/8_13_scope.png>
Package pdftex.def Info: figure/8_13_scope.png used on input line 189.
(pdftex.def)             Requested size: 219.2565pt x 106.88734pt.

Overfull \hbox (9.0pt too wide) in paragraph at lines 189--190
 [][] 
 []

<figure/8_14_plot.png, id=124, 425.59pt x 283.0575pt>
File: figure/8_14_plot.png Graphic file (type png)

<use figure/8_14_plot.png>
Package pdftex.def Info: figure/8_14_plot.png used on input line 197.
(pdftex.def)             Requested size: 219.2565pt x 145.8259pt.

Overfull \hbox (9.0pt too wide) in paragraph at lines 197--198
 [][] 
 []


LaTeX Warning: `!h' float specifier changed to `!ht'.

<figure/TEK00000.png, id=127, 481.8pt x 234.8775pt>
File: figure/TEK00000.png Graphic file (type png)
 <use figure/TEK00000.png>
Package pdftex.def Info: figure/TEK00000.png used on input line 209.
(pdftex.def)             Requested size: 219.2565pt x 106.88734pt.

Overfull \hbox (9.0pt too wide) in paragraph at lines 209--210
 [][] 
 []


LaTeX Warning: `!h' float specifier changed to `!ht'.


Overfull \hbox (9.88351pt too wide) in paragraph at lines 214--215
\OT1/txr/m/n/12 sis-tor to 51$
$, then we can draw a large amount
 []

[6 <./figure/8_12_phase_shift.JPG> <./figure/8_13_schema.png> <./figure/8_13_sc
ope.png (PNG copy)>]
Overfull \hbox (8.9443pt too wide) in paragraph at lines 215--216
[]\OT1/txr/m/n/12 The push-pull cir-cuit in ques-tion 8.9 averts
 []


Overfull \hbox (1.41148pt too wide) in paragraph at lines 215--216
\OT1/txr/m/n/12 comes con-duct-ing for a neg-a-tive in-put. Like-
 []


Overfull \hbox (14.5635pt too wide) in paragraph at lines 215--216
\OT1/txr/m/n/12 the cur-rent to-wards the load and an-other ``pulls"
 []

<figure/8_17_schema.png, id=142, 187.29974pt x 111.41624pt>
File: figure/8_17_schema.png Graphic file (type png)

<use figure/8_17_schema.png>
Package pdftex.def Info: figure/8_17_schema.png used on input line 219.
(pdftex.def)             Requested size: 219.2565pt x 130.42618pt.

Overfull \hbox (9.0pt too wide) in paragraph at lines 219--220
 [][] 
 []


Underfull \hbox (badness 7256) in paragraph at lines 224--224
[][]\OT1/txr/m/n/10 Note that in the last two mea-sure-ment
 []

<figure/8_17_plot.png, id=145, 426.59375pt x 283.0575pt>
File: figure/8_17_plot.png Graphic file (type png)

<use figure/8_17_plot.png>
Package pdftex.def Info: figure/8_17_plot.png used on input line 227.
(pdftex.def)             Requested size: 219.2565pt x 145.4847pt.

<figure/8_17_plotlog.png, id=146, 426.59375pt x 283.0575pt>
File: figure/8_17_plotlog.png Graphic file (type png)

<use figure/8_17_plotlog.png>
Package pdftex.def Info: figure/8_17_plotlog.png used on input line 228.
(pdftex.def)             Requested size: 219.2565pt x 145.4847pt.

Overfull \hbox (9.0pt too wide) in paragraph at lines 227--229
 [][] 
 []


Overfull \hbox (9.0pt too wide) in paragraph at lines 227--229
 [] 
 []

[7 <./figure/8_14_plot.png> <./figure/TEK00000.png (PNG copy)> <./figure/8_17_s
chema.png>] <figure/8_18_schema.png, id=158, 216.81pt x 96.36pt>
File: figure/8_18_schema.png Graphic file (type png)

<use figure/8_18_schema.png>
Package pdftex.def Info: figure/8_18_schema.png used on input line 236.
(pdftex.def)             Requested size: 219.2565pt x 97.4522pt.

Overfull \hbox (9.0pt too wide) in paragraph at lines 236--237
 [][] 
 []


LaTeX Warning: `!h' float specifier changed to `!ht'.


LaTeX Warning: Reference `8_18_plot' on page 8 undefined on input line 240.

<figure/8_18_plot.png, id=160, 208.1376pt x 147.4308pt>
File: figure/8_18_plot.png Graphic file (type png)

<use figure/8_18_plot.png>
Package pdftex.def Info: figure/8_18_plot.png used on input line 243.
(pdftex.def)             Requested size: 219.2565pt x 155.3153pt.

<figure/8_18_plot2.png, id=161, 208.1376pt x 142.6128pt>
File: figure/8_18_plot2.png Graphic file (type png)

<use figure/8_18_plot2.png>
Package pdftex.def Info: figure/8_18_plot2.png used on input line 244.
(pdftex.def)             Requested size: 219.2565pt x 150.23962pt.

Overfull \hbox (9.0pt too wide) in paragraph at lines 243--245
 [][] 
 []


Overfull \hbox (9.0pt too wide) in paragraph at lines 243--245
 [] 
 []


Overfull \hbox (1.3603pt too wide) in paragraph at lines 240--248
[]\OT1/txr/m/n/12 We con-struct the Fig.[]27[] cir-cuit and drove
 []


LaTeX Warning: `!h' float specifier changed to `!ht'.


Overfull \hbox (12.70032pt too wide) in paragraph at lines 248--249
[]\OT1/txr/m/n/12 The gain ini-tially de-creases with fre-quency.
 []


Overfull \hbox (1.36351pt too wide) in paragraph at lines 248--249
\OT1/txr/m/n/12 in-crease again. There is a con-stant $\OML/txmi/m/it/12 ^^Y=\O
T1/txr/m/n/12 2$ phase
 []

[8 <./figure/8_17_plot.png> <./figure/8_17_plotlog.png> <./figure/8_18_schema.p
ng> <./figure/8_18_plot.png> <./figure/8_18_plot2.png>]
Missing character: There is no â in font txr!
Missing character: There is no € in font txr!
Missing character: There is no ™ in font txr!

Overfull \hbox (3.7635pt too wide) in paragraph at lines 257--259
\OT1/txr/m/n/12 the gain com-puted in 8.17, which had smaller
 []

<figure/8_20_schema.png, id=175, 143.3355pt x 101.78024pt>
File: figure/8_20_schema.png Graphic file (type png)

<use figure/8_20_schema.png>
Package pdftex.def Info: figure/8_20_schema.png used on input line 262.
(pdftex.def)             Requested size: 219.2565pt x 155.69682pt.

Overfull \hbox (9.0pt too wide) in paragraph at lines 262--263
 [][] 
 []


LaTeX Warning: `!h' float specifier changed to `!ht'.

<figure/tri.png, id=178, 143.0946pt x 69.861pt>
File: figure/tri.png Graphic file (type png)
 <use figure/tri.png>
Package pdftex.def Info: figure/tri.png used on input line 269.
(pdftex.def)             Requested size: 219.2565pt x 107.04471pt.

Overfull \hbox (9.0pt too wide) in paragraph at lines 269--270
 [][] 
 []


Overfull \hbox (15.3043pt too wide) in paragraph at lines 266--273
[]\OT1/txr/m/n/12 We build the ac-tive rec-ti-fier cir-cuit as shown
 []

<figure/la.png, id=180, 208.1376pt x 101.6598pt>
File: figure/la.png Graphic file (type png)
 <use figure/la.png>
Package pdftex.def Info: figure/la.png used on input line 276.
(pdftex.def)             Requested size: 219.2565pt x 107.0965pt.

Overfull \hbox (9.0pt too wide) in paragraph at lines 276--277
 [][] 
 []


LaTeX Warning: `!h' float specifier changed to `!ht'.

<figure/8_20_schema_2.png, id=183, 199.947pt x 80.09924pt>
File: figure/8_20_schema_2.png Graphic file (type png)

<use figure/8_20_schema_2.png>
Package pdftex.def Info: figure/8_20_schema_2.png used on input line 283.
(pdftex.def)             Requested size: 219.2565pt x 87.83809pt.

Overfull \hbox (9.0pt too wide) in paragraph at lines 283--284
 [][] 
 []

<figure/better.png, id=184, 206.6922pt x 100.6962pt>
File: figure/better.png Graphic file (type png)
 <use figure/better.png>
Package pdftex.def Info: figure/better.png used on input line 289.
(pdftex.def)             Requested size: 219.2565pt x 106.81888pt.

<figure/better2.png, id=185, 162.8484pt x 79.497pt>
File: figure/better2.png Graphic file (type png)
 <use figure/better2.png>
Package pdftex.def Info: figure/better2.png used on input line 290.
(pdftex.def)             Requested size: 219.2565pt x 107.03609pt.

Overfull \hbox (9.0pt too wide) in paragraph at lines 289--291
 [][] 
 []


Overfull \hbox (9.0pt too wide) in paragraph at lines 289--291
 [] 
 []

Missing character: There is no â in font txr!
Missing character: There is no € in font txr!
Missing character: There is no ™ in font txr!
Missing character: There is no â in font txr!
Missing character: There is no € in font txr!
Missing character: There is no ™ in font txr!

Overfull \hbox (13.0243pt too wide) in paragraph at lines 280--294
[]\OT1/txr/m/n/12 We im-prove the rec-ti-fy-ing cir-cuit by adding
 []


Overfull \hbox (9.01949pt too wide) in paragraph at lines 280--294
\OT1/txr/m/n/12 i-tive por-tions of the sig-nal, as shown in Fig.[]32[].
 []

[9 <./figure/8_20_schema.png> <./figure/tri.png>]
LaTeX Font Info:    Try loading font information for OMS+txr on input line 303.


(/usr/local/texlive/2014/texmf-dist/tex/latex/txfonts/omstxr.fd
File: omstxr.fd 2000/12/15 v3.1
)
LaTeX Font Info:    Font shape `OMS/txr/m/n' in size <10> not available
(Font)              Font shape `OMS/txsy/m/n' tried instead on input line 303.
Package atveryend Info: Empty hook `BeforeClearDocument' on input line 309.
 [10 <./figure/la.png> <./figure/8_20_schema_2.png> <./figure/better.png> <./fi
gure/better2.png>] [11 <./figure/waveformlots.png> <./figure/8_7_scope.png> <./
figure/001V.JPG> <./figure/005V.JPG> <./figure/025V.JPG>] [12 <./figure/crossov
er_scope.png> <./figure/shot.png> <./figure/line.png>]
Package atveryend Info: Empty hook `AfterLastShipout' on input line 309.
 (./lab8_report.aux)
Package atveryend Info: Executing hook `AtVeryEndDocument' on input line 309.
Package atveryend Info: Executing hook `AtEndAfterFileList' on input line 309.
Package rerunfilecheck Info: File `lab8_report.out' has not changed.
(rerunfilecheck)             Checksum: D41D8CD98F00B204E9800998ECF8427E;0.


LaTeX Warning: There were undefined references.


LaTeX Warning: There were multiply-defined labels.

Package atveryend Info: Empty hook `AtVeryVeryEnd' on input line 309.
 ) 
Here is how much of TeX's memory you used:
 8979 strings out of 493117
 132339 string characters out of 6135433
 230614 words of memory out of 5000000
 12187 multiletter control sequences out of 15000+600000
 39321 words of font info for 100 fonts, out of 8000000 for 9000
 1141 hyphenation exceptions out of 8191
 42i,8n,40p,915b,387s stack positions out of 5000i,500n,10000p,200000b,80000s
pdfTeX warning (dest): name{Hfootnote.1} has been referenced but does not exi
st, replaced by a fixed one

{/usr/local/texlive/2014/texmf-dist/fonts/enc/dvips/base/8r.enc}</usr/local/tex
live/2014/texmf-dist/fonts/type1/public/txfonts/rtxmi.pfb></usr/local/texlive/2
014/texmf-dist/fonts/type1/public/txfonts/rtxr.pfb></usr/local/texlive/2014/tex
mf-dist/fonts/type1/public/txfonts/txex.pfb></usr/local/texlive/2014/texmf-dist
/fonts/type1/public/txfonts/txsy.pfb></usr/local/texlive/2014/texmf-dist/fonts/
type1/urw/times/utmb8a.pfb></usr/local/texlive/2014/texmf-dist/fonts/type1/urw/
times/utmr8a.pfb></usr/local/texlive/2014/texmf-dist/fonts/type1/urw/times/utmr
i8a.pfb>
Output written on lab8_report.pdf (12 pages, 2753801 bytes).
PDF statistics:
 270 PDF objects out of 1000 (max. 8388607)
 179 compressed objects within 2 object streams
 74 named destinations out of 1000 (max. 500000)
 191 words of extra memory for PDF output out of 10000 (max. 10000000)

