This is pdfTeX, Version 3.14159265-2.6-1.40.15 (TeX Live 2014) (preloaded format=pdflatex 2014.5.25)  3 MAR 2015 09:47
entering extended mode
 restricted \write18 enabled.
 %&-line parsing enabled.
**lab5_report.tex
(./lab5_report.tex
LaTeX2e <2014/05/01>
Babel <3.9k> and hyphenation patterns for 78 languages loaded.
(./elsarticle.cls
Document Class: elsarticle 2009/09/17, 1.20b: Elsevier Ltd
\@bls=\dimen102
(/usr/local/texlive/2014/texmf-dist/tex/latex/base/article.cls
Document Class: article 2007/10/19 v1.4h Standard LaTeX document class
(/usr/local/texlive/2014/texmf-dist/tex/latex/base/size12.clo
File: size12.clo 2007/10/19 v1.4h Standard LaTeX file (size option)
)
\c@part=\count79
\c@section=\count80
\c@subsection=\count81
\c@subsubsection=\count82
\c@paragraph=\count83
\c@subparagraph=\count84
\c@figure=\count85
\c@table=\count86
\abovecaptionskip=\skip41
\belowcaptionskip=\skip42
\bibindent=\dimen103
)
(/usr/local/texlive/2014/texmf-dist/tex/latex/graphics/graphicx.sty
Package: graphicx 2014/04/25 v1.0g Enhanced LaTeX Graphics (DPC,SPQR)

(/usr/local/texlive/2014/texmf-dist/tex/latex/graphics/keyval.sty
Package: keyval 2014/05/08 v1.15 key=value parser (DPC)
\KV@toks@=\toks14
)
(/usr/local/texlive/2014/texmf-dist/tex/latex/graphics/graphics.sty
Package: graphics 2009/02/05 v1.0o Standard LaTeX Graphics (DPC,SPQR)

(/usr/local/texlive/2014/texmf-dist/tex/latex/graphics/trig.sty
Package: trig 1999/03/16 v1.09 sin cos tan (DPC)
)
(/usr/local/texlive/2014/texmf-dist/tex/latex/latexconfig/graphics.cfg
File: graphics.cfg 2010/04/23 v1.9 graphics configuration of TeX Live
)
Package graphics Info: Driver file: pdftex.def on input line 91.

(/usr/local/texlive/2014/texmf-dist/tex/latex/pdftex-def/pdftex.def
File: pdftex.def 2011/05/27 v0.06d Graphics/color for pdfTeX

(/usr/local/texlive/2014/texmf-dist/tex/generic/oberdiek/infwarerr.sty
Package: infwarerr 2010/04/08 v1.3 Providing info/warning/error messages (HO)
)
(/usr/local/texlive/2014/texmf-dist/tex/generic/oberdiek/ltxcmds.sty
Package: ltxcmds 2011/11/09 v1.22 LaTeX kernel commands for general use (HO)
)
\Gread@gobject=\count87
))
\Gin@req@height=\dimen104
\Gin@req@width=\dimen105
)
(/usr/local/texlive/2014/texmf-dist/tex/latex/psnfss/pifont.sty
Package: pifont 2005/04/12 PSNFSS-v9.2a Pi font support (SPQR) 
LaTeX Font Info:    Try loading font information for U+pzd on input line 63.

(/usr/local/texlive/2014/texmf-dist/tex/latex/psnfss/upzd.fd
File: upzd.fd 2001/06/04 font definitions for U/pzd.
)
LaTeX Font Info:    Try loading font information for U+psy on input line 64.

(/usr/local/texlive/2014/texmf-dist/tex/latex/psnfss/upsy.fd
File: upsy.fd 2001/06/04 font definitions for U/psy.
))
\c@tnote=\count88
\c@fnote=\count89
\c@cnote=\count90
\c@ead=\count91
\c@author=\count92
\@eadauthor=\toks15
\c@affn=\count93
\absbox=\box26
\keybox=\box27
\Columnwidth=\dimen106
\space@left=\dimen107
\els@boxa=\box28
\els@boxb=\box29
\leftMargin=\dimen108
\@enLab=\toks16
\@sep=\skip43
\@@sep=\skip44

(./lab5_report.spl)
(/usr/local/texlive/2014/texmf-dist/tex/latex/natbib/natbib.sty
Package: natbib 2010/09/13 8.31b (PWD, AO)
\bibhang=\skip45
\bibsep=\skip46
LaTeX Info: Redefining \cite on input line 694.
\c@NAT@ctr=\count94
)
\splwrite=\write3
\openout3 = `lab5_report.spl'.


(/usr/local/texlive/2014/texmf-dist/tex/latex/geometry/geometry.sty
Package: geometry 2010/09/12 v5.6 Page Geometry

(/usr/local/texlive/2014/texmf-dist/tex/generic/oberdiek/ifpdf.sty
Package: ifpdf 2011/01/30 v2.3 Provides the ifpdf switch (HO)
Package ifpdf Info: pdfTeX in PDF mode is detected.
)
(/usr/local/texlive/2014/texmf-dist/tex/generic/oberdiek/ifvtex.sty
Package: ifvtex 2010/03/01 v1.5 Detect VTeX and its facilities (HO)
Package ifvtex Info: VTeX not detected.
)
(/usr/local/texlive/2014/texmf-dist/tex/generic/ifxetex/ifxetex.sty
Package: ifxetex 2010/09/12 v0.6 Provides ifxetex conditional
)
\Gm@cnth=\count95
\Gm@cntv=\count96
\c@Gm@tempcnt=\count97
\Gm@bindingoffset=\dimen109
\Gm@wd@mp=\dimen110
\Gm@odd@mp=\dimen111
\Gm@even@mp=\dimen112
\Gm@layoutwidth=\dimen113
\Gm@layoutheight=\dimen114
\Gm@layouthoffset=\dimen115
\Gm@layoutvoffset=\dimen116
\Gm@dimlist=\toks17
)
(/usr/local/texlive/2014/texmf-dist/tex/latex/base/fleqn.clo
File: fleqn.clo 1998/08/17 v1.1c Standard LaTeX option (flush left equations)
\mathindent=\dimen117
)
\appnamewidth=\dimen118
)
(/usr/local/texlive/2014/texmf-dist/tex/latex/txfonts/txfonts.sty
Package: txfonts 2008/01/22 v3.2.1
LaTeX Font Info:    Redeclaring symbol font `operators' on input line 21.
LaTeX Font Info:    Overwriting symbol font `operators' in version `normal'
(Font)                  OT1/cmr/m/n --> OT1/txr/m/n on input line 21.
LaTeX Font Info:    Overwriting symbol font `operators' in version `bold'
(Font)                  OT1/cmr/bx/n --> OT1/txr/m/n on input line 21.
LaTeX Font Info:    Overwriting symbol font `operators' in version `bold'
(Font)                  OT1/txr/m/n --> OT1/txr/bx/n on input line 22.
\symitalic=\mathgroup4
LaTeX Font Info:    Overwriting symbol font `italic' in version `bold'
(Font)                  OT1/txr/m/it --> OT1/txr/bx/it on input line 26.
LaTeX Font Info:    Redeclaring math alphabet \mathbf on input line 29.
LaTeX Font Info:    Overwriting math alphabet `\mathbf' in version `normal'
(Font)                  OT1/cmr/bx/n --> OT1/txr/bx/n on input line 29.
LaTeX Font Info:    Overwriting math alphabet `\mathbf' in version `bold'
(Font)                  OT1/cmr/bx/n --> OT1/txr/bx/n on input line 29.
LaTeX Font Info:    Redeclaring math alphabet \mathit on input line 30.
LaTeX Font Info:    Overwriting math alphabet `\mathit' in version `normal'
(Font)                  OT1/cmr/m/it --> OT1/txr/m/it on input line 30.
LaTeX Font Info:    Overwriting math alphabet `\mathit' in version `bold'
(Font)                  OT1/cmr/bx/it --> OT1/txr/m/it on input line 30.
LaTeX Font Info:    Overwriting math alphabet `\mathit' in version `bold'
(Font)                  OT1/txr/m/it --> OT1/txr/bx/it on input line 31.
LaTeX Font Info:    Redeclaring math alphabet \mathsf on input line 40.
LaTeX Font Info:    Overwriting math alphabet `\mathsf' in version `normal'
(Font)                  OT1/cmss/m/n --> OT1/txss/m/n on input line 40.
LaTeX Font Info:    Overwriting math alphabet `\mathsf' in version `bold'
(Font)                  OT1/cmss/bx/n --> OT1/txss/m/n on input line 40.
LaTeX Font Info:    Overwriting math alphabet `\mathsf' in version `bold'
(Font)                  OT1/txss/m/n --> OT1/txss/b/n on input line 41.
LaTeX Font Info:    Redeclaring math alphabet \mathtt on input line 50.
LaTeX Font Info:    Overwriting math alphabet `\mathtt' in version `normal'
(Font)                  OT1/cmtt/m/n --> OT1/txtt/m/n on input line 50.
LaTeX Font Info:    Overwriting math alphabet `\mathtt' in version `bold'
(Font)                  OT1/cmtt/m/n --> OT1/txtt/m/n on input line 50.
LaTeX Font Info:    Overwriting math alphabet `\mathtt' in version `bold'
(Font)                  OT1/txtt/m/n --> OT1/txtt/b/n on input line 51.
LaTeX Font Info:    Redeclaring symbol font `letters' on input line 58.
LaTeX Font Info:    Overwriting symbol font `letters' in version `normal'
(Font)                  OML/cmm/m/it --> OML/txmi/m/it on input line 58.
LaTeX Font Info:    Overwriting symbol font `letters' in version `bold'
(Font)                  OML/cmm/b/it --> OML/txmi/m/it on input line 58.
LaTeX Font Info:    Overwriting symbol font `letters' in version `bold'
(Font)                  OML/txmi/m/it --> OML/txmi/bx/it on input line 59.
\symlettersA=\mathgroup5
LaTeX Font Info:    Overwriting symbol font `lettersA' in version `bold'
(Font)                  U/txmia/m/it --> U/txmia/bx/it on input line 67.
LaTeX Font Info:    Redeclaring symbol font `symbols' on input line 77.
LaTeX Font Info:    Overwriting symbol font `symbols' in version `normal'
(Font)                  OMS/cmsy/m/n --> OMS/txsy/m/n on input line 77.
LaTeX Font Info:    Overwriting symbol font `symbols' in version `bold'
(Font)                  OMS/cmsy/b/n --> OMS/txsy/m/n on input line 77.
LaTeX Font Info:    Overwriting symbol font `symbols' in version `bold'
(Font)                  OMS/txsy/m/n --> OMS/txsy/bx/n on input line 78.
\symAMSa=\mathgroup6
LaTeX Font Info:    Overwriting symbol font `AMSa' in version `bold'
(Font)                  U/txsya/m/n --> U/txsya/bx/n on input line 94.
\symAMSb=\mathgroup7
LaTeX Font Info:    Overwriting symbol font `AMSb' in version `bold'
(Font)                  U/txsyb/m/n --> U/txsyb/bx/n on input line 103.
\symsymbolsC=\mathgroup8
LaTeX Font Info:    Overwriting symbol font `symbolsC' in version `bold'
(Font)                  U/txsyc/m/n --> U/txsyc/bx/n on input line 113.
LaTeX Font Info:    Redeclaring symbol font `largesymbols' on input line 120.
LaTeX Font Info:    Overwriting symbol font `largesymbols' in version `normal'
(Font)                  OMX/cmex/m/n --> OMX/txex/m/n on input line 120.
LaTeX Font Info:    Overwriting symbol font `largesymbols' in version `bold'
(Font)                  OMX/cmex/m/n --> OMX/txex/m/n on input line 120.
LaTeX Font Info:    Overwriting symbol font `largesymbols' in version `bold'
(Font)                  OMX/txex/m/n --> OMX/txex/bx/n on input line 121.
\symlargesymbolsA=\mathgroup9
LaTeX Font Info:    Overwriting symbol font `largesymbolsA' in version `bold'
(Font)                  U/txexa/m/n --> U/txexa/bx/n on input line 129.
LaTeX Info: Redefining \not on input line 1043.
)

Package geometry Warning: Over-specification in `h'-direction.
    `width' (522.0pt) is ignored.


Package geometry Warning: Over-specification in `v'-direction.
    `height' (682.0pt) is ignored.

(/usr/local/texlive/2014/texmf-dist/tex/latex/float/float.sty
Package: float 2001/11/08 v1.3d Float enhancements (AL)
\c@float@type=\count98
\float@exts=\toks18
\float@box=\box30
\@float@everytoks=\toks19
\@floatcapt=\box31
)
(/usr/local/texlive/2014/texmf-dist/tex/latex/amsmath/amsmath.sty
Package: amsmath 2013/01/14 v2.14 AMS math features
\@mathmargin=\skip47

For additional information on amsmath, use the `?' option.
(/usr/local/texlive/2014/texmf-dist/tex/latex/amsmath/amstext.sty
Package: amstext 2000/06/29 v2.01

(/usr/local/texlive/2014/texmf-dist/tex/latex/amsmath/amsgen.sty
File: amsgen.sty 1999/11/30 v2.0
\@emptytoks=\toks20
\ex@=\dimen119
))
(/usr/local/texlive/2014/texmf-dist/tex/latex/amsmath/amsbsy.sty
Package: amsbsy 1999/11/29 v1.2d
\pmbraise@=\dimen120
)
(/usr/local/texlive/2014/texmf-dist/tex/latex/amsmath/amsopn.sty
Package: amsopn 1999/12/14 v2.01 operator names
)
\inf@bad=\count99
LaTeX Info: Redefining \frac on input line 210.
\uproot@=\count100
\leftroot@=\count101
LaTeX Info: Redefining \overline on input line 306.
\classnum@=\count102
\DOTSCASE@=\count103
LaTeX Info: Redefining \ldots on input line 378.
LaTeX Info: Redefining \dots on input line 381.
LaTeX Info: Redefining \cdots on input line 466.
\Mathstrutbox@=\box32
\strutbox@=\box33
\big@size=\dimen121
LaTeX Font Info:    Redeclaring font encoding OML on input line 566.
LaTeX Font Info:    Redeclaring font encoding OMS on input line 567.
\macc@depth=\count104
\c@MaxMatrixCols=\count105
\dotsspace@=\muskip10
\c@parentequation=\count106
\dspbrk@lvl=\count107
\tag@help=\toks21
\row@=\count108
\column@=\count109
\maxfields@=\count110
\andhelp@=\toks22
\eqnshift@=\dimen122
\alignsep@=\dimen123
\tagshift@=\dimen124
\tagwidth@=\dimen125
\totwidth@=\dimen126
\lineht@=\dimen127
\@envbody=\toks23
\multlinegap=\skip48
\multlinetaggap=\skip49
\mathdisplay@stack=\toks24
LaTeX Info: Redefining \[ on input line 2665.
LaTeX Info: Redefining \] on input line 2666.
)
(/usr/local/texlive/2014/texmf-dist/tex/latex/hyperref/hyperref.sty
Package: hyperref 2012/11/06 v6.83m Hypertext links for LaTeX

(/usr/local/texlive/2014/texmf-dist/tex/generic/oberdiek/hobsub-hyperref.sty
Package: hobsub-hyperref 2012/05/28 v1.13 Bundle oberdiek, subset hyperref (HO)


(/usr/local/texlive/2014/texmf-dist/tex/generic/oberdiek/hobsub-generic.sty
Package: hobsub-generic 2012/05/28 v1.13 Bundle oberdiek, subset generic (HO)
Package: hobsub 2012/05/28 v1.13 Construct package bundles (HO)
Package hobsub Info: Skipping package `infwarerr' (already loaded).
Package hobsub Info: Skipping package `ltxcmds' (already loaded).
Package: ifluatex 2010/03/01 v1.3 Provides the ifluatex switch (HO)
Package ifluatex Info: LuaTeX not detected.
Package hobsub Info: Skipping package `ifvtex' (already loaded).
Package: intcalc 2007/09/27 v1.1 Expandable calculations with integers (HO)
Package hobsub Info: Skipping package `ifpdf' (already loaded).
Package: etexcmds 2011/02/16 v1.5 Avoid name clashes with e-TeX commands (HO)
Package etexcmds Info: Could not find \expanded.
(etexcmds)             That can mean that you are not using pdfTeX 1.50 or
(etexcmds)             that some package has redefined \expanded.
(etexcmds)             In the latter case, load this package earlier.
Package: kvsetkeys 2012/04/25 v1.16 Key value parser (HO)
Package: kvdefinekeys 2011/04/07 v1.3 Define keys (HO)
Package: pdftexcmds 2011/11/29 v0.20 Utility functions of pdfTeX for LuaTeX (HO
)
Package pdftexcmds Info: LuaTeX not detected.
Package pdftexcmds Info: \pdf@primitive is available.
Package pdftexcmds Info: \pdf@ifprimitive is available.
Package pdftexcmds Info: \pdfdraftmode found.
Package: pdfescape 2011/11/25 v1.13 Implements pdfTeX's escape features (HO)
Package: bigintcalc 2012/04/08 v1.3 Expandable calculations on big integers (HO
)
Package: bitset 2011/01/30 v1.1 Handle bit-vector datatype (HO)
Package: uniquecounter 2011/01/30 v1.2 Provide unlimited unique counter (HO)
)
Package hobsub Info: Skipping package `hobsub' (already loaded).
Package: letltxmacro 2010/09/02 v1.4 Let assignment for LaTeX macros (HO)
Package: hopatch 2012/05/28 v1.2 Wrapper for package hooks (HO)
Package: xcolor-patch 2011/01/30 xcolor patch
Package: atveryend 2011/06/30 v1.8 Hooks at the very end of document (HO)
Package atveryend Info: \enddocument detected (standard20110627).
Package: atbegshi 2011/10/05 v1.16 At begin shipout hook (HO)
Package: refcount 2011/10/16 v3.4 Data extraction from label references (HO)
Package: hycolor 2011/01/30 v1.7 Color options for hyperref/bookmark (HO)
)
(/usr/local/texlive/2014/texmf-dist/tex/latex/oberdiek/auxhook.sty
Package: auxhook 2011/03/04 v1.3 Hooks for auxiliary files (HO)
)
(/usr/local/texlive/2014/texmf-dist/tex/latex/oberdiek/kvoptions.sty
Package: kvoptions 2011/06/30 v3.11 Key value format for package options (HO)
)
\@linkdim=\dimen128
\Hy@linkcounter=\count111
\Hy@pagecounter=\count112

(/usr/local/texlive/2014/texmf-dist/tex/latex/hyperref/pd1enc.def
File: pd1enc.def 2012/11/06 v6.83m Hyperref: PDFDocEncoding definition (HO)
)
\Hy@SavedSpaceFactor=\count113

(/usr/local/texlive/2014/texmf-dist/tex/latex/latexconfig/hyperref.cfg
File: hyperref.cfg 2002/06/06 v1.2 hyperref configuration of TeXLive
)
Package hyperref Info: Hyper figures OFF on input line 4443.
Package hyperref Info: Link nesting OFF on input line 4448.
Package hyperref Info: Hyper index ON on input line 4451.
Package hyperref Info: Plain pages OFF on input line 4458.
Package hyperref Info: Backreferencing OFF on input line 4463.
Package hyperref Info: Implicit mode ON; LaTeX internals redefined.
Package hyperref Info: Bookmarks ON on input line 4688.
\c@Hy@tempcnt=\count114

(/usr/local/texlive/2014/texmf-dist/tex/latex/url/url.sty
\Urlmuskip=\muskip11
Package: url 2013/09/16  ver 3.4  Verb mode for urls, etc.
)
LaTeX Info: Redefining \url on input line 5041.
\XeTeXLinkMargin=\dimen129
\Fld@menulength=\count115
\Field@Width=\dimen130
\Fld@charsize=\dimen131
Package hyperref Info: Hyper figures OFF on input line 6295.
Package hyperref Info: Link nesting OFF on input line 6300.
Package hyperref Info: Hyper index ON on input line 6303.
Package hyperref Info: backreferencing OFF on input line 6310.
Package hyperref Info: Link coloring OFF on input line 6315.
Package hyperref Info: Link coloring with OCG OFF on input line 6320.
Package hyperref Info: PDF/A mode OFF on input line 6325.
LaTeX Info: Redefining \ref on input line 6365.
LaTeX Info: Redefining \pageref on input line 6369.
\Hy@abspage=\count116
\c@Item=\count117
\c@Hfootnote=\count118
)

Package hyperref Message: Driver (autodetected): hpdftex.

(/usr/local/texlive/2014/texmf-dist/tex/latex/hyperref/hpdftex.def
File: hpdftex.def 2012/11/06 v6.83m Hyperref driver for pdfTeX
\Fld@listcount=\count119
\c@bookmark@seq@number=\count120

(/usr/local/texlive/2014/texmf-dist/tex/latex/oberdiek/rerunfilecheck.sty
Package: rerunfilecheck 2011/04/15 v1.7 Rerun checks for auxiliary files (HO)
Package uniquecounter Info: New unique counter `rerunfilecheck' on input line 2
82.
)
\Hy@SectionHShift=\skip50
)
(/usr/local/texlive/2014/texmf-dist/tex/latex/was/gensymb.sty
Package: gensymb 2003/07/02 v1.0 (WaS)
)
(/usr/local/texlive/2014/texmf-dist/tex/latex/caption/subcaption.sty
Package: subcaption 2013/02/03 v1.1-62 Sub-captions (AR)

(/usr/local/texlive/2014/texmf-dist/tex/latex/caption/caption.sty
Package: caption 2013/05/02 v3.3-89 Customizing captions (AR)

(/usr/local/texlive/2014/texmf-dist/tex/latex/caption/caption3.sty
Package: caption3 2013/05/02 v1.6-88 caption3 kernel (AR)
Package caption3 Info: TeX engine: e-TeX on input line 57.
\captionmargin=\dimen132
\captionmargin@=\dimen133
\captionwidth=\dimen134
\caption@tempdima=\dimen135
\caption@indent=\dimen136
\caption@parindent=\dimen137
\caption@hangindent=\dimen138
)
\c@ContinuedFloat=\count121
Package caption Info: float package is loaded.
Package caption Info: hyperref package is loaded.
)
\c@subfigure=\count122
\c@subtable=\count123
)
(/usr/local/texlive/2014/texmf-dist/tex/latex/footmisc/footmisc.sty
Package: footmisc 2011/06/06 v5.5b a miscellany of footnote facilities
\FN@temptoken=\toks25
\footnotemargin=\dimen139
\c@pp@next@reset=\count124
Package footmisc Info: Declaring symbol style bringhurst on input line 855.
Package footmisc Info: Declaring symbol style chicago on input line 863.
Package footmisc Info: Declaring symbol style wiley on input line 872.
Package footmisc Info: Declaring symbol style lamport-robust on input line 883.

Package footmisc Info: Declaring symbol style lamport* on input line 903.
Package footmisc Info: Declaring symbol style lamport*-robust on input line 924
.
)
(./lab5_report.aux

LaTeX Warning: Label `q12setup' multiply defined.

)
\openout1 = `lab5_report.aux'.

LaTeX Font Info:    Checking defaults for OML/txmi/m/it on input line 15.
LaTeX Font Info:    Try loading font information for OML+txmi on input line 15.

 (/usr/local/texlive/2014/texmf-dist/tex/latex/txfonts/omltxmi.fd
File: omltxmi.fd 2000/12/15 v3.1
)
LaTeX Font Info:    ... okay on input line 15.
LaTeX Font Info:    Checking defaults for T1/cmr/m/n on input line 15.
LaTeX Font Info:    ... okay on input line 15.
LaTeX Font Info:    Checking defaults for OT1/cmr/m/n on input line 15.
LaTeX Font Info:    ... okay on input line 15.
LaTeX Font Info:    Checking defaults for OMS/txsy/m/n on input line 15.
LaTeX Font Info:    Try loading font information for OMS+txsy on input line 15.


(/usr/local/texlive/2014/texmf-dist/tex/latex/txfonts/omstxsy.fd
File: omstxsy.fd 2000/12/15 v3.1
)
LaTeX Font Info:    ... okay on input line 15.
LaTeX Font Info:    Checking defaults for OMX/txex/m/n on input line 15.
LaTeX Font Info:    Try loading font information for OMX+txex on input line 15.


(/usr/local/texlive/2014/texmf-dist/tex/latex/txfonts/omxtxex.fd
File: omxtxex.fd 2000/12/15 v3.1
)
LaTeX Font Info:    ... okay on input line 15.
LaTeX Font Info:    Checking defaults for U/txexa/m/n on input line 15.
LaTeX Font Info:    Try loading font information for U+txexa on input line 15.

(/usr/local/texlive/2014/texmf-dist/tex/latex/txfonts/utxexa.fd
File: utxexa.fd 2000/12/15 v3.1
)
LaTeX Font Info:    ... okay on input line 15.
LaTeX Font Info:    Checking defaults for PD1/pdf/m/n on input line 15.
LaTeX Font Info:    ... okay on input line 15.
LaTeX Font Info:    Try loading font information for OT1+txr on input line 15.

(/usr/local/texlive/2014/texmf-dist/tex/latex/txfonts/ot1txr.fd
File: ot1txr.fd 2000/12/15 v3.1
)
(/usr/local/texlive/2014/texmf-dist/tex/context/base/supp-pdf.mkii
[Loading MPS to PDF converter (version 2006.09.02).]
\scratchcounter=\count125
\scratchdimen=\dimen140
\scratchbox=\box34
\nofMPsegments=\count126
\nofMParguments=\count127
\everyMPshowfont=\toks26
\MPscratchCnt=\count128
\MPscratchDim=\dimen141
\MPnumerator=\count129
\makeMPintoPDFobject=\count130
\everyMPtoPDFconversion=\toks27
) (/usr/local/texlive/2014/texmf-dist/tex/latex/oberdiek/epstopdf-base.sty
Package: epstopdf-base 2010/02/09 v2.5 Base part for package epstopdf

(/usr/local/texlive/2014/texmf-dist/tex/latex/oberdiek/grfext.sty
Package: grfext 2010/08/19 v1.1 Manage graphics extensions (HO)
)
Package grfext Info: Graphics extension search list:
(grfext)             [.png,.pdf,.jpg,.mps,.jpeg,.jbig2,.jb2,.PNG,.PDF,.JPG,.JPE
G,.JBIG2,.JB2,.eps]
(grfext)             \AppendGraphicsExtensions on input line 452.

(/usr/local/texlive/2014/texmf-dist/tex/latex/latexconfig/epstopdf-sys.cfg
File: epstopdf-sys.cfg 2010/07/13 v1.3 Configuration of (r)epstopdf for TeX Liv
e
))
*geometry* driver: auto-detecting
*geometry* detected driver: pdftex
*geometry* verbose mode - [ preamble ] result:
* driver: pdftex
* paper: custom
* layout: <same size as paper>
* layoutoffset:(h,v)=(0.0pt,0.0pt)
* hratio: 1:1
* vratio: 1:1
* modes: 
* h-part:(L,W,R)=(79.49744pt, 438.513pt, 79.49744pt)
* v-part:(T,H,B)=(108.405pt, 628.23685pt, 108.405pt)
* \paperwidth=597.50787pt
* \paperheight=845.04684pt
* \textwidth=438.513pt
* \textheight=628.23685pt
* \oddsidemargin=7.22745pt
* \evensidemargin=7.22745pt
* \topmargin=-25.86499pt
* \headheight=50.0pt
* \headsep=12.0pt
* \topskip=12.0pt
* \footskip=18.0pt
* \marginparwidth=44.0pt
* \marginparsep=10.0pt
* \columnsep=18.0pt
* \skip\footins=24.0pt plus 2.0pt minus 12.0pt
* \hoffset=0.0pt
* \voffset=0.0pt
* \mag=1000
* \@twocolumntrue
* \@twosidefalse
* \@mparswitchfalse
* \@reversemarginfalse
* (1in=72.27pt=25.4mm, 1cm=28.453pt)

\AtBeginShipoutBox=\box35
Package hyperref Info: Link coloring OFF on input line 15.
(/usr/local/texlive/2014/texmf-dist/tex/latex/hyperref/nameref.sty
Package: nameref 2012/10/27 v2.43 Cross-referencing by name of section

(/usr/local/texlive/2014/texmf-dist/tex/generic/oberdiek/gettitlestring.sty
Package: gettitlestring 2010/12/03 v1.4 Cleanup title references (HO)
)
\c@section@level=\count131
)
LaTeX Info: Redefining \ref on input line 15.
LaTeX Info: Redefining \pageref on input line 15.
LaTeX Info: Redefining \nameref on input line 15.

(./lab5_report.out) (./lab5_report.out)
\@outlinefile=\write4
\openout4 = `lab5_report.out'.

LaTeX Info: Redefining \celsius on input line 15.
Package gensymb Info: Faking symbols for \degree and \celsius on input line 15.



Package gensymb Warning: Not defining \perthousand.

LaTeX Info: Redefining \ohm on input line 15.
Package gensymb Info: Using \Omega for \ohm on input line 15.

Package gensymb Warning: Not defining \micro.

Package caption Info: Begin \AtBeginDocument code.
Package caption Info: End \AtBeginDocument code.
LaTeX Font Info:    Try loading font information for U+txmia on input line 19.
(/usr/local/texlive/2014/texmf-dist/tex/latex/txfonts/utxmia.fd
File: utxmia.fd 2000/12/15 v3.1
)
LaTeX Font Info:    Try loading font information for U+txsya on input line 19.

(/usr/local/texlive/2014/texmf-dist/tex/latex/txfonts/utxsya.fd
File: utxsya.fd 2000/12/15 v3.1
)
LaTeX Font Info:    Try loading font information for U+txsyb on input line 19.

(/usr/local/texlive/2014/texmf-dist/tex/latex/txfonts/utxsyb.fd
File: utxsyb.fd 2000/12/15 v3.1
)
LaTeX Font Info:    Try loading font information for U+txsyc on input line 19.

(/usr/local/texlive/2014/texmf-dist/tex/latex/txfonts/utxsyc.fd
File: utxsyc.fd 2000/12/15 v3.1
)
Overfull \hbox (4.8675pt too wide) in paragraph at lines 21--22
\OT1/txr/m/n/12 ves-ti-gate the char-ac-ter-is-tics of JFETs through
 []

<figure/q1setup.png, id=5, 153.6942pt x 110.0913pt>
File: figure/q1setup.png Graphic file (type png)
 <use figure/q1setup.png>
Package pdftex.def Info: figure/q1setup.png used on input line 26.
(pdftex.def)             Requested size: 175.40251pt x 125.64478pt.

Overfull \hbox (4.81549pt too wide) in paragraph at lines 30--31
\OT1/txr/m/n/12 and source to get a $\OML/txmi/m/it/12 V[]$ \OT1/txr/m/n/12 val
ue of 1.60V$\OMS/txsy/m/n/12 ^^F$\OT1/txr/m/n/12 0.592
 []


Overfull \hbox (18.91472pt too wide) in paragraph at lines 30--31
\OT1/txr/m/n/12 mV, $\OML/txmi/m/it/12 V[]$ \OT1/txr/m/n/12 of 11.42V $\OMS/txs
y/m/n/12 ^^F$ \OT1/txr/m/n/12 5.3704mV, $\OML/txmi/m/it/12 I[]$ \OT1/txr/m/n/12
 of $0\OML/txmi/m/it/12 :\OT1/txr/m/n/12 0149 \OMS/txsy/m/n/12 ^^F
 []


Overfull \hbox (0.94348pt too wide) in paragraph at lines 30--31
\OT1/txr/m/n/12 2\OML/txmi/m/it/12 :\OT1/txr/m/n/12 188 \OMS/txsy/m/n/12 ^^B \O
T1/txr/m/n/12 10[]$mA. The the-o-ret-i-cal gain is com-
 []


Overfull \hbox (3.75151pt too wide) in paragraph at lines 30--31
\OT1/txr/m/n/12 puted as be-low, by as-sum-ing that the as-sump-
 []

<figure/q1trace.png, id=8, 481.8pt x 234.8775pt>
File: figure/q1trace.png Graphic file (type png)
 <use figure/q1trace.png>
Package pdftex.def Info: figure/q1trace.png used on input line 44.
(pdftex.def)             Requested size: 175.40251pt x 85.50557pt.


LaTeX Warning: `!h' float specifier changed to `!ht'.

[1{/usr/local/texlive/2014/texmf-var/fonts/map/pdftex/updmap/pdftex.map}


 <./figure/q1setup.png>]
Overfull \hbox (8.36362pt too wide) in paragraph at lines 70--82
[]\OT1/txr/m/n/12 Cooling the JFET in-creases the $\OML/txmi/m/it/12 V[]$\OT1/t
xr/m/n/12 , there-
 []

[2 <./figure/q1trace.png (PNG copy)>]
Overfull \hbox (29.03232pt too wide) in paragraph at lines 92--93
[]\OT1/txr/m/n/12 This by-pass-ing setup still yields a temperature-
 []


Overfull \hbox (10.0603pt too wide) in paragraph at lines 94--95
[]\OT1/txr/m/n/12 We built the dif-fer-en-tial am-pli-fier as shown
 []


Overfull \hbox (2.1315pt too wide) in paragraph at lines 94--95
\OT1/txr/m/n/12 mea-sure-ment is 140.7$[]$ and -54$[]$ re-spec-tively. 
 []


Overfull \hbox (0.6075pt too wide) in paragraph at lines 95--96
\OT1/txr/m/n/12 sides of the dif-fer-en-tial am-pli-fier is sup-posed
 []

<figure/q5setup.png, id=46, 216.20775pt x 163.20975pt>
File: figure/q5setup.png Graphic file (type png)

<use figure/q5setup.png>
Package pdftex.def Info: figure/q5setup.png used on input line 99.
(pdftex.def)             Requested size: 219.2565pt x 165.51292pt.

Overfull \hbox (9.0pt too wide) in paragraph at lines 99--100
 [][] 
 []


Overfull \hbox (5.31554pt too wide) in paragraph at lines 107--113
[][] 
 []

[3 <./figure/q5setup.png>]
<figure/q7setup.png, id=60, 148.1535pt x 113.82526pt>
File: figure/q7setup.png Graphic file (type png)
 <use figure/q7setup.png>
Package pdftex.def Info: figure/q7setup.png used on input line 120.
(pdftex.def)             Requested size: 175.40251pt x 134.77115pt.

<figure/q7trace.png, id=62, 481.8pt x 234.8775pt>
File: figure/q7trace.png Graphic file (type png)
 <use figure/q7trace.png>
Package pdftex.def Info: figure/q7trace.png used on input line 127.
(pdftex.def)             Requested size: 219.2565pt x 106.88734pt.

Overfull \hbox (9.0pt too wide) in paragraph at lines 127--128
 [][] 
 []


LaTeX Warning: `!h' float specifier changed to `!ht'.

<figure/q8setup.png, id=64, 177.0615pt x 112.0185pt>
File: figure/q8setup.png Graphic file (type png)
 <use figure/q8setup.png>
Package pdftex.def Info: figure/q8setup.png used on input line 135.
(pdftex.def)             Requested size: 219.2565pt x 138.72371pt.

Overfull \hbox (9.0pt too wide) in paragraph at lines 135--136
 [][] 
 []


Overfull \hbox (4.03633pt too wide) in paragraph at lines 132--140
[]\OT1/txr/m/n/12 In or-der to lin-earize the at-ten-tu-a-tor shown
 []


Overfull \hbox (18.51152pt too wide) in paragraph at lines 132--140
\OT1/txr/m/n/12 great-est at-ten-u-a-tion on the in-put sig-nal. Treating
 []


Overfull \hbox (6.1868pt too wide) in paragraph at lines 144--146
\OT1/txr/m/n/12 est pos-si-ble JFET drain-source re-sis-tance cor-
 []

<figure/q8trace.png, id=66, 481.8pt x 234.8775pt>
File: figure/q8trace.png Graphic file (type png)
 <use figure/q8trace.png>
Package pdftex.def Info: figure/q8trace.png used on input line 150.
(pdftex.def)             Requested size: 219.2565pt x 106.88734pt.

Overfull \hbox (9.0pt too wide) in paragraph at lines 150--151
 [][] 
 []


Overfull \hbox (2.4675pt too wide) in paragraph at lines 147--155
\OT1/txr/m/n/12 po-ten-tiome-ter to this max-i-mum at-tain-able at-
 []


Overfull \hbox (2.88751pt too wide) in paragraph at lines 147--155
\OT1/txr/m/n/12 ten-tu-a-tion, we mea-sured the gate source volt-
 []


Overfull \hbox (0.34279pt too wide) in paragraph at lines 147--155
\OT1/txr/m/n/12 age as 3.1263V$\OMS/txsy/m/n/12 ^^F$\OT1/txr/m/n/12 0.8mV and t
he drain source
 []


Overfull \hbox (11.22278pt too wide) in paragraph at lines 147--155
\OT1/txr/m/n/12 mea-sured at 3.18mV$\OMS/txsy/m/n/12 ^^F$\OT1/txr/m/n/12 0.04mV
 and $\OML/txmi/m/it/12 V[]$ \OT1/txr/m/n/12 is mea-
 []

[4 <./figure/q7setup.png> <./figure/q7trace.png (PNG copy)> <./figure/q8setup.p
ng>] <figure/q9setup.png, id=82, 216.20775pt x 133.09724pt>
File: figure/q9setup.png Graphic file (type png)

<use figure/q9setup.png>
Package pdftex.def Info: figure/q9setup.png used on input line 159.
(pdftex.def)             Requested size: 219.2565pt x 134.97548pt.

Overfull \hbox (9.0pt too wide) in paragraph at lines 159--160
 [][] 
 []

<figure/q9trace.png, id=83, 262.0992pt x 121.8954pt>
File: figure/q9trace.png Graphic file (type png)
 <use figure/q9trace.png>
Package pdftex.def Info: figure/q9trace.png used on input line 165.
(pdftex.def)             Requested size: 219.2565pt x 101.97107pt.

Overfull \hbox (9.0pt too wide) in paragraph at lines 165--166
 [][] 
 []


Overfull \hbox (0.10349pt too wide) in paragraph at lines 156--169
\OT1/txr/m/n/12 wave. The mod-u-lated out-put sig-nal is shown
 []


LaTeX Warning: `!h' float specifier changed to `!ht'.


Overfull \hbox (9.5355pt too wide) in paragraph at lines 172--173
\OT1/txr/m/n/12 sides of the dif-fer-en-tial am-pli-fier, [][][] both JFETs
 []


Overfull \hbox (1.3395pt too wide) in paragraph at lines 172--173
\OT1/txr/m/n/12 mode drive. The com-mon mode gain is com-
 []

[5 <./figure/q8trace.png (PNG copy)> <./figure/q9setup.png> <./figure/q9trace.p
ng>] <figure/q12setup.png, id=102, 216.20775pt x 126.4725pt>
File: figure/q12setup.png Graphic file (type png)

<use figure/q12setup.png>
Package pdftex.def Info: figure/q12setup.png used on input line 185.
(pdftex.def)             Requested size: 175.40251pt x 102.60426pt.
 <figure/q12trace.png, id=104, 481.8pt x 234.8775pt>
File: figure/q12trace.png Graphic file (type png)

<use figure/q12trace.png>
Package pdftex.def Info: figure/q12trace.png used on input line 192.
(pdftex.def)             Requested size: 175.40251pt x 85.50557pt.

Overfull \hbox (22.5675pt too wide) in paragraph at lines 182--196
\OT1/txr/m/n/12 hap-pens be-cause the volt-age through the 0.001$\OML/txmi/m/it
/12 ^^V$\OT1/txr/m/n/12 F
 []


LaTeX Warning: `!h' float specifier changed to `!ht'.

<figure/q13setup.png, id=106, 220.825pt x 406.51875pt>
File: figure/q13setup.png Graphic file (type png)

<use figure/q13setup.png>
Package pdftex.def Info: figure/q13setup.png used on input line 200.
(pdftex.def)             Requested size: 65.77426pt x 121.08194pt.


LaTeX Warning: `!h' float specifier changed to `!ht'.

<figure/q13trace.png, id=108, 322.3242pt x 157.0668pt>
File: figure/q13trace.png Graphic file (type png)

<use figure/q13trace.png>
Package pdftex.def Info: figure/q13trace.png used on input line 207.
(pdftex.def)             Requested size: 219.2565pt x 106.84474pt.

Overfull \hbox (9.0pt too wide) in paragraph at lines 207--208
 [][] 
 []


Overfull \hbox (2.32349pt too wide) in paragraph at lines 204--211
\OT1/txr/m/n/12 two sig-nals are al-most 180$[]$ out of phase with
 []


Overfull \hbox (28.5875pt too wide) in paragraph at lines 204--211
\OT1/txr/m/n/12 in-put sig-nal and the $\OML/txmi/m/it/12 V[]$ \OT1/txr/m/n/12 
to al-most zero (24.8mV),
 []


LaTeX Warning: `!h' float specifier changed to `!ht'.

<figure/q14setup.png, id=110, 192.72pt x 223.43475pt>
File: figure/q14setup.png Graphic file (type png)

<use figure/q14setup.png>
Package pdftex.def Info: figure/q14setup.png used on input line 215.
(pdftex.def)             Requested size: 175.40251pt x 203.35661pt.

Overfull \hbox (26.89633pt too wide) in paragraph at lines 212--219
[]\OT1/txr/m/n/12 We built a tem-per-a-ture, and JFET-independent
 []


Overfull \hbox (8.5155pt too wide) in paragraph at lines 212--219
\OT1/txr/m/n/12 sub-sti-tuted a $\OML/txmi/m/it/12 R[]$\OT1/txr/m/n/12 resistor
 of 520k$
$ and a $\OML/txmi/m/it/12 R[]$\OT1/txr/m/n/12 1k$
$
 []

[6 <./figure/q12setup.png> <./figure/q12trace.png (PNG copy)> <./figure/q13setu
p.png>]
Overfull \hbox (5.45952pt too wide) in paragraph at lines 219--220
\OT1/txr/m/n/12 re-duced to 14 ($[]$). Us-ing a new un-matched
 []


Overfull \hbox (15.43878pt too wide) in paragraph at lines 219--220
\OT1/txr/m/n/12 Since the JFET is op-er-at-ing at the lin-ear regime,
 []


Overfull \hbox (6.52147pt too wide) in paragraph at lines 226--227
\OT1/txr/m/n/12 con-tain-ing 0.1$\OML/txmi/m/it/12 ^^V$\OT1/txr/m/n/12 F ca-pac
-i-tor sets the gain
 []


Overfull \hbox (4.70619pt too wide) in paragraph at lines 226--227
\OT1/txr/m/n/12 con-trol over $\OML/txmi/m/it/12 V[]$\OT1/txr/m/n/12 , which is
 used to com-
 []


Overfull \hbox (2.62221pt too wide) in paragraph at lines 227--228
\OT1/txr/m/n/12 as a cur-rent source to in-crease the gain.
 []


Overfull \hbox (2.63419pt too wide) in paragraph at lines 230--231
\OT1/txr/m/n/12 JFETs is ap-prox-i-mately 12V. This 12V
 []


Overfull \hbox (1.6622pt too wide) in paragraph at lines 231--233
\OT1/txr/m/n/12 of the cir-cuit un-til it equi-lib-ri-ates. This
 []


Overfull \hbox (5.73152pt too wide) in paragraph at lines 235--236
\OT1/txr/m/n/12 of re-sis-tors and ca-pac-i-tors on the source, gate,
 []


Overfull \hbox (22.69952pt too wide) in paragraph at lines 235--236
\OT1/txr/m/n/12 on the cir-cuits such as the temperature-dependent
 []


Overfull \hbox (14.8755pt too wide) in paragraph at lines 235--236
\OT1/txr/m/n/12 gain in 5.3 and the im-por-tance of the ``matched"
 []

[7 <./figure/q13trace.png> <./figure/q14setup.png>]
LaTeX Font Info:    Try loading font information for OMS+txr on input line 243.


(/usr/local/texlive/2014/texmf-dist/tex/latex/txfonts/omstxr.fd
File: omstxr.fd 2000/12/15 v3.1
)
LaTeX Font Info:    Font shape `OMS/txr/m/n' in size <10> not available
(Font)              Font shape `OMS/txsy/m/n' tried instead on input line 243.

Overfull \hbox (8.15819pt too wide) in paragraph at lines 245--246
[]\OT1/txr/m/it/10 Phase Split-ter\OT1/txr/m/n/10 . Dig-i-tal im-age. \OT1/txr/
m/it/10 Wikipedia\OT1/txr/m/n/10 . Wiki-
 []

Package atveryend Info: Empty hook `BeforeClearDocument' on input line 249.
[8

]
Package atveryend Info: Empty hook `AfterLastShipout' on input line 249.
 (./lab5_report.aux)
Package atveryend Info: Executing hook `AtVeryEndDocument' on input line 249.
Package atveryend Info: Executing hook `AtEndAfterFileList' on input line 249.
Package rerunfilecheck Info: File `lab5_report.out' has not changed.
(rerunfilecheck)             Checksum: D41D8CD98F00B204E9800998ECF8427E;0.


LaTeX Warning: There were multiply-defined labels.

Package atveryend Info: Empty hook `AtVeryVeryEnd' on input line 249.
 ) 
Here is how much of TeX's memory you used:
 8838 strings out of 493117
 129022 string characters out of 6135433
 225633 words of memory out of 5000000
 12081 multiletter control sequences out of 15000+600000
 40697 words of font info for 102 fonts, out of 8000000 for 9000
 1141 hyphenation exceptions out of 8191
 42i,10n,40p,711b,345s stack positions out of 5000i,500n,10000p,200000b,80000s
pdfTeX warning (dest): name{Hfootnote.5} has been referenced but does not exi
st, replaced by a fixed one

pdfTeX warning (dest): name{Hfootnote.4} has been referenced but does not exist
, replaced by a fixed one

pdfTeX warning (dest): name{Hfootnote.3} has been referenced but does not exist
, replaced by a fixed one

pdfTeX warning (dest): name{Hfootnote.2} has been referenced but does not exist
, replaced by a fixed one

pdfTeX warning (dest): name{Hfootnote.1} has been referenced but does not exist
, replaced by a fixed one

{/usr/local/texlive/2014/texmf-dist/fonts/enc/dvips/base/8r.enc}</usr/local/tex
live/2014/texmf-dist/fonts/type1/public/txfonts/rtxmi.pfb></usr/local/texlive/2
014/texmf-dist/fonts/type1/public/txfonts/rtxr.pfb></usr/local/texlive/2014/tex
mf-dist/fonts/type1/public/txfonts/txex.pfb></usr/local/texlive/2014/texmf-dist
/fonts/type1/public/txfonts/txsy.pfb></usr/local/texlive/2014/texmf-dist/fonts/
type1/urw/times/utmb8a.pfb></usr/local/texlive/2014/texmf-dist/fonts/type1/urw/
times/utmr8a.pfb></usr/local/texlive/2014/texmf-dist/fonts/type1/urw/times/utmr
i8a.pfb>
Output written on lab5_report.pdf (8 pages, 305962 bytes).
PDF statistics:
 189 PDF objects out of 1000 (max. 8388607)
 146 compressed objects within 2 object streams
 62 named destinations out of 1000 (max. 500000)
 71 words of extra memory for PDF output out of 10000 (max. 10000000)

