This is pdfTeX, Version 3.14159265-2.6-1.40.15 (TeX Live 2014) (preloaded format=pdflatex 2014.5.25)  17 FEB 2015 13:45
entering extended mode
 restricted \write18 enabled.
 %&-line parsing enabled.
**lab3_report.tex
(./lab3_report.tex
LaTeX2e <2014/05/01>
Babel <3.9k> and hyphenation patterns for 78 languages loaded.
(./elsarticle.cls
Document Class: elsarticle 2009/09/17, 1.20b: Elsevier Ltd
\@bls=\dimen102
(/usr/local/texlive/2014/texmf-dist/tex/latex/base/article.cls
Document Class: article 2007/10/19 v1.4h Standard LaTeX document class
(/usr/local/texlive/2014/texmf-dist/tex/latex/base/size12.clo
File: size12.clo 2007/10/19 v1.4h Standard LaTeX file (size option)
)
\c@part=\count79
\c@section=\count80
\c@subsection=\count81
\c@subsubsection=\count82
\c@paragraph=\count83
\c@subparagraph=\count84
\c@figure=\count85
\c@table=\count86
\abovecaptionskip=\skip41
\belowcaptionskip=\skip42
\bibindent=\dimen103
)
(/usr/local/texlive/2014/texmf-dist/tex/latex/graphics/graphicx.sty
Package: graphicx 2014/04/25 v1.0g Enhanced LaTeX Graphics (DPC,SPQR)

(/usr/local/texlive/2014/texmf-dist/tex/latex/graphics/keyval.sty
Package: keyval 2014/05/08 v1.15 key=value parser (DPC)
\KV@toks@=\toks14
)
(/usr/local/texlive/2014/texmf-dist/tex/latex/graphics/graphics.sty
Package: graphics 2009/02/05 v1.0o Standard LaTeX Graphics (DPC,SPQR)

(/usr/local/texlive/2014/texmf-dist/tex/latex/graphics/trig.sty
Package: trig 1999/03/16 v1.09 sin cos tan (DPC)
)
(/usr/local/texlive/2014/texmf-dist/tex/latex/latexconfig/graphics.cfg
File: graphics.cfg 2010/04/23 v1.9 graphics configuration of TeX Live
)
Package graphics Info: Driver file: pdftex.def on input line 91.

(/usr/local/texlive/2014/texmf-dist/tex/latex/pdftex-def/pdftex.def
File: pdftex.def 2011/05/27 v0.06d Graphics/color for pdfTeX

(/usr/local/texlive/2014/texmf-dist/tex/generic/oberdiek/infwarerr.sty
Package: infwarerr 2010/04/08 v1.3 Providing info/warning/error messages (HO)
)
(/usr/local/texlive/2014/texmf-dist/tex/generic/oberdiek/ltxcmds.sty
Package: ltxcmds 2011/11/09 v1.22 LaTeX kernel commands for general use (HO)
)
\Gread@gobject=\count87
))
\Gin@req@height=\dimen104
\Gin@req@width=\dimen105
)
(/usr/local/texlive/2014/texmf-dist/tex/latex/psnfss/pifont.sty
Package: pifont 2005/04/12 PSNFSS-v9.2a Pi font support (SPQR) 
LaTeX Font Info:    Try loading font information for U+pzd on input line 63.

(/usr/local/texlive/2014/texmf-dist/tex/latex/psnfss/upzd.fd
File: upzd.fd 2001/06/04 font definitions for U/pzd.
)
LaTeX Font Info:    Try loading font information for U+psy on input line 64.

(/usr/local/texlive/2014/texmf-dist/tex/latex/psnfss/upsy.fd
File: upsy.fd 2001/06/04 font definitions for U/psy.
))
\c@tnote=\count88
\c@fnote=\count89
\c@cnote=\count90
\c@ead=\count91
\c@author=\count92
\@eadauthor=\toks15
\c@affn=\count93
\absbox=\box26
\keybox=\box27
\Columnwidth=\dimen106
\space@left=\dimen107
\els@boxa=\box28
\els@boxb=\box29
\leftMargin=\dimen108
\@enLab=\toks16
\@sep=\skip43
\@@sep=\skip44

(./lab3_report.spl)
(/usr/local/texlive/2014/texmf-dist/tex/latex/natbib/natbib.sty
Package: natbib 2010/09/13 8.31b (PWD, AO)
\bibhang=\skip45
\bibsep=\skip46
LaTeX Info: Redefining \cite on input line 694.
\c@NAT@ctr=\count94
)
\splwrite=\write3
\openout3 = `lab3_report.spl'.


(/usr/local/texlive/2014/texmf-dist/tex/latex/geometry/geometry.sty
Package: geometry 2010/09/12 v5.6 Page Geometry

(/usr/local/texlive/2014/texmf-dist/tex/generic/oberdiek/ifpdf.sty
Package: ifpdf 2011/01/30 v2.3 Provides the ifpdf switch (HO)
Package ifpdf Info: pdfTeX in PDF mode is detected.
)
(/usr/local/texlive/2014/texmf-dist/tex/generic/oberdiek/ifvtex.sty
Package: ifvtex 2010/03/01 v1.5 Detect VTeX and its facilities (HO)
Package ifvtex Info: VTeX not detected.
)
(/usr/local/texlive/2014/texmf-dist/tex/generic/ifxetex/ifxetex.sty
Package: ifxetex 2010/09/12 v0.6 Provides ifxetex conditional
)
\Gm@cnth=\count95
\Gm@cntv=\count96
\c@Gm@tempcnt=\count97
\Gm@bindingoffset=\dimen109
\Gm@wd@mp=\dimen110
\Gm@odd@mp=\dimen111
\Gm@even@mp=\dimen112
\Gm@layoutwidth=\dimen113
\Gm@layoutheight=\dimen114
\Gm@layouthoffset=\dimen115
\Gm@layoutvoffset=\dimen116
\Gm@dimlist=\toks17
)
(/usr/local/texlive/2014/texmf-dist/tex/latex/base/fleqn.clo
File: fleqn.clo 1998/08/17 v1.1c Standard LaTeX option (flush left equations)
\mathindent=\dimen117
)
\appnamewidth=\dimen118
)
(/usr/local/texlive/2014/texmf-dist/tex/latex/txfonts/txfonts.sty
Package: txfonts 2008/01/22 v3.2.1
LaTeX Font Info:    Redeclaring symbol font `operators' on input line 21.
LaTeX Font Info:    Overwriting symbol font `operators' in version `normal'
(Font)                  OT1/cmr/m/n --> OT1/txr/m/n on input line 21.
LaTeX Font Info:    Overwriting symbol font `operators' in version `bold'
(Font)                  OT1/cmr/bx/n --> OT1/txr/m/n on input line 21.
LaTeX Font Info:    Overwriting symbol font `operators' in version `bold'
(Font)                  OT1/txr/m/n --> OT1/txr/bx/n on input line 22.
\symitalic=\mathgroup4
LaTeX Font Info:    Overwriting symbol font `italic' in version `bold'
(Font)                  OT1/txr/m/it --> OT1/txr/bx/it on input line 26.
LaTeX Font Info:    Redeclaring math alphabet \mathbf on input line 29.
LaTeX Font Info:    Overwriting math alphabet `\mathbf' in version `normal'
(Font)                  OT1/cmr/bx/n --> OT1/txr/bx/n on input line 29.
LaTeX Font Info:    Overwriting math alphabet `\mathbf' in version `bold'
(Font)                  OT1/cmr/bx/n --> OT1/txr/bx/n on input line 29.
LaTeX Font Info:    Redeclaring math alphabet \mathit on input line 30.
LaTeX Font Info:    Overwriting math alphabet `\mathit' in version `normal'
(Font)                  OT1/cmr/m/it --> OT1/txr/m/it on input line 30.
LaTeX Font Info:    Overwriting math alphabet `\mathit' in version `bold'
(Font)                  OT1/cmr/bx/it --> OT1/txr/m/it on input line 30.
LaTeX Font Info:    Overwriting math alphabet `\mathit' in version `bold'
(Font)                  OT1/txr/m/it --> OT1/txr/bx/it on input line 31.
LaTeX Font Info:    Redeclaring math alphabet \mathsf on input line 40.
LaTeX Font Info:    Overwriting math alphabet `\mathsf' in version `normal'
(Font)                  OT1/cmss/m/n --> OT1/txss/m/n on input line 40.
LaTeX Font Info:    Overwriting math alphabet `\mathsf' in version `bold'
(Font)                  OT1/cmss/bx/n --> OT1/txss/m/n on input line 40.
LaTeX Font Info:    Overwriting math alphabet `\mathsf' in version `bold'
(Font)                  OT1/txss/m/n --> OT1/txss/b/n on input line 41.
LaTeX Font Info:    Redeclaring math alphabet \mathtt on input line 50.
LaTeX Font Info:    Overwriting math alphabet `\mathtt' in version `normal'
(Font)                  OT1/cmtt/m/n --> OT1/txtt/m/n on input line 50.
LaTeX Font Info:    Overwriting math alphabet `\mathtt' in version `bold'
(Font)                  OT1/cmtt/m/n --> OT1/txtt/m/n on input line 50.
LaTeX Font Info:    Overwriting math alphabet `\mathtt' in version `bold'
(Font)                  OT1/txtt/m/n --> OT1/txtt/b/n on input line 51.
LaTeX Font Info:    Redeclaring symbol font `letters' on input line 58.
LaTeX Font Info:    Overwriting symbol font `letters' in version `normal'
(Font)                  OML/cmm/m/it --> OML/txmi/m/it on input line 58.
LaTeX Font Info:    Overwriting symbol font `letters' in version `bold'
(Font)                  OML/cmm/b/it --> OML/txmi/m/it on input line 58.
LaTeX Font Info:    Overwriting symbol font `letters' in version `bold'
(Font)                  OML/txmi/m/it --> OML/txmi/bx/it on input line 59.
\symlettersA=\mathgroup5
LaTeX Font Info:    Overwriting symbol font `lettersA' in version `bold'
(Font)                  U/txmia/m/it --> U/txmia/bx/it on input line 67.
LaTeX Font Info:    Redeclaring symbol font `symbols' on input line 77.
LaTeX Font Info:    Overwriting symbol font `symbols' in version `normal'
(Font)                  OMS/cmsy/m/n --> OMS/txsy/m/n on input line 77.
LaTeX Font Info:    Overwriting symbol font `symbols' in version `bold'
(Font)                  OMS/cmsy/b/n --> OMS/txsy/m/n on input line 77.
LaTeX Font Info:    Overwriting symbol font `symbols' in version `bold'
(Font)                  OMS/txsy/m/n --> OMS/txsy/bx/n on input line 78.
\symAMSa=\mathgroup6
LaTeX Font Info:    Overwriting symbol font `AMSa' in version `bold'
(Font)                  U/txsya/m/n --> U/txsya/bx/n on input line 94.
\symAMSb=\mathgroup7
LaTeX Font Info:    Overwriting symbol font `AMSb' in version `bold'
(Font)                  U/txsyb/m/n --> U/txsyb/bx/n on input line 103.
\symsymbolsC=\mathgroup8
LaTeX Font Info:    Overwriting symbol font `symbolsC' in version `bold'
(Font)                  U/txsyc/m/n --> U/txsyc/bx/n on input line 113.
LaTeX Font Info:    Redeclaring symbol font `largesymbols' on input line 120.
LaTeX Font Info:    Overwriting symbol font `largesymbols' in version `normal'
(Font)                  OMX/cmex/m/n --> OMX/txex/m/n on input line 120.
LaTeX Font Info:    Overwriting symbol font `largesymbols' in version `bold'
(Font)                  OMX/cmex/m/n --> OMX/txex/m/n on input line 120.
LaTeX Font Info:    Overwriting symbol font `largesymbols' in version `bold'
(Font)                  OMX/txex/m/n --> OMX/txex/bx/n on input line 121.
\symlargesymbolsA=\mathgroup9
LaTeX Font Info:    Overwriting symbol font `largesymbolsA' in version `bold'
(Font)                  U/txexa/m/n --> U/txexa/bx/n on input line 129.
LaTeX Info: Redefining \not on input line 1043.
)

Package geometry Warning: Over-specification in `h'-direction.
    `width' (522.0pt) is ignored.


Package geometry Warning: Over-specification in `v'-direction.
    `height' (682.0pt) is ignored.

(/usr/local/texlive/2014/texmf-dist/tex/latex/float/float.sty
Package: float 2001/11/08 v1.3d Float enhancements (AL)
\c@float@type=\count98
\float@exts=\toks18
\float@box=\box30
\@float@everytoks=\toks19
\@floatcapt=\box31
)
(/usr/local/texlive/2014/texmf-dist/tex/latex/amsmath/amsmath.sty
Package: amsmath 2013/01/14 v2.14 AMS math features
\@mathmargin=\skip47

For additional information on amsmath, use the `?' option.
(/usr/local/texlive/2014/texmf-dist/tex/latex/amsmath/amstext.sty
Package: amstext 2000/06/29 v2.01

(/usr/local/texlive/2014/texmf-dist/tex/latex/amsmath/amsgen.sty
File: amsgen.sty 1999/11/30 v2.0
\@emptytoks=\toks20
\ex@=\dimen119
))
(/usr/local/texlive/2014/texmf-dist/tex/latex/amsmath/amsbsy.sty
Package: amsbsy 1999/11/29 v1.2d
\pmbraise@=\dimen120
)
(/usr/local/texlive/2014/texmf-dist/tex/latex/amsmath/amsopn.sty
Package: amsopn 1999/12/14 v2.01 operator names
)
\inf@bad=\count99
LaTeX Info: Redefining \frac on input line 210.
\uproot@=\count100
\leftroot@=\count101
LaTeX Info: Redefining \overline on input line 306.
\classnum@=\count102
\DOTSCASE@=\count103
LaTeX Info: Redefining \ldots on input line 378.
LaTeX Info: Redefining \dots on input line 381.
LaTeX Info: Redefining \cdots on input line 466.
\Mathstrutbox@=\box32
\strutbox@=\box33
\big@size=\dimen121
LaTeX Font Info:    Redeclaring font encoding OML on input line 566.
LaTeX Font Info:    Redeclaring font encoding OMS on input line 567.
\macc@depth=\count104
\c@MaxMatrixCols=\count105
\dotsspace@=\muskip10
\c@parentequation=\count106
\dspbrk@lvl=\count107
\tag@help=\toks21
\row@=\count108
\column@=\count109
\maxfields@=\count110
\andhelp@=\toks22
\eqnshift@=\dimen122
\alignsep@=\dimen123
\tagshift@=\dimen124
\tagwidth@=\dimen125
\totwidth@=\dimen126
\lineht@=\dimen127
\@envbody=\toks23
\multlinegap=\skip48
\multlinetaggap=\skip49
\mathdisplay@stack=\toks24
LaTeX Info: Redefining \[ on input line 2665.
LaTeX Info: Redefining \] on input line 2666.
)
(/usr/local/texlive/2014/texmf-dist/tex/latex/hyperref/hyperref.sty
Package: hyperref 2012/11/06 v6.83m Hypertext links for LaTeX

(/usr/local/texlive/2014/texmf-dist/tex/generic/oberdiek/hobsub-hyperref.sty
Package: hobsub-hyperref 2012/05/28 v1.13 Bundle oberdiek, subset hyperref (HO)


(/usr/local/texlive/2014/texmf-dist/tex/generic/oberdiek/hobsub-generic.sty
Package: hobsub-generic 2012/05/28 v1.13 Bundle oberdiek, subset generic (HO)
Package: hobsub 2012/05/28 v1.13 Construct package bundles (HO)
Package hobsub Info: Skipping package `infwarerr' (already loaded).
Package hobsub Info: Skipping package `ltxcmds' (already loaded).
Package: ifluatex 2010/03/01 v1.3 Provides the ifluatex switch (HO)
Package ifluatex Info: LuaTeX not detected.
Package hobsub Info: Skipping package `ifvtex' (already loaded).
Package: intcalc 2007/09/27 v1.1 Expandable calculations with integers (HO)
Package hobsub Info: Skipping package `ifpdf' (already loaded).
Package: etexcmds 2011/02/16 v1.5 Avoid name clashes with e-TeX commands (HO)
Package etexcmds Info: Could not find \expanded.
(etexcmds)             That can mean that you are not using pdfTeX 1.50 or
(etexcmds)             that some package has redefined \expanded.
(etexcmds)             In the latter case, load this package earlier.
Package: kvsetkeys 2012/04/25 v1.16 Key value parser (HO)
Package: kvdefinekeys 2011/04/07 v1.3 Define keys (HO)
Package: pdftexcmds 2011/11/29 v0.20 Utility functions of pdfTeX for LuaTeX (HO
)
Package pdftexcmds Info: LuaTeX not detected.
Package pdftexcmds Info: \pdf@primitive is available.
Package pdftexcmds Info: \pdf@ifprimitive is available.
Package pdftexcmds Info: \pdfdraftmode found.
Package: pdfescape 2011/11/25 v1.13 Implements pdfTeX's escape features (HO)
Package: bigintcalc 2012/04/08 v1.3 Expandable calculations on big integers (HO
)
Package: bitset 2011/01/30 v1.1 Handle bit-vector datatype (HO)
Package: uniquecounter 2011/01/30 v1.2 Provide unlimited unique counter (HO)
)
Package hobsub Info: Skipping package `hobsub' (already loaded).
Package: letltxmacro 2010/09/02 v1.4 Let assignment for LaTeX macros (HO)
Package: hopatch 2012/05/28 v1.2 Wrapper for package hooks (HO)
Package: xcolor-patch 2011/01/30 xcolor patch
Package: atveryend 2011/06/30 v1.8 Hooks at the very end of document (HO)
Package atveryend Info: \enddocument detected (standard20110627).
Package: atbegshi 2011/10/05 v1.16 At begin shipout hook (HO)
Package: refcount 2011/10/16 v3.4 Data extraction from label references (HO)
Package: hycolor 2011/01/30 v1.7 Color options for hyperref/bookmark (HO)
)
(/usr/local/texlive/2014/texmf-dist/tex/latex/oberdiek/auxhook.sty
Package: auxhook 2011/03/04 v1.3 Hooks for auxiliary files (HO)
)
(/usr/local/texlive/2014/texmf-dist/tex/latex/oberdiek/kvoptions.sty
Package: kvoptions 2011/06/30 v3.11 Key value format for package options (HO)
)
\@linkdim=\dimen128
\Hy@linkcounter=\count111
\Hy@pagecounter=\count112

(/usr/local/texlive/2014/texmf-dist/tex/latex/hyperref/pd1enc.def
File: pd1enc.def 2012/11/06 v6.83m Hyperref: PDFDocEncoding definition (HO)
)
\Hy@SavedSpaceFactor=\count113

(/usr/local/texlive/2014/texmf-dist/tex/latex/latexconfig/hyperref.cfg
File: hyperref.cfg 2002/06/06 v1.2 hyperref configuration of TeXLive
)
Package hyperref Info: Hyper figures OFF on input line 4443.
Package hyperref Info: Link nesting OFF on input line 4448.
Package hyperref Info: Hyper index ON on input line 4451.
Package hyperref Info: Plain pages OFF on input line 4458.
Package hyperref Info: Backreferencing OFF on input line 4463.
Package hyperref Info: Implicit mode ON; LaTeX internals redefined.
Package hyperref Info: Bookmarks ON on input line 4688.
\c@Hy@tempcnt=\count114

(/usr/local/texlive/2014/texmf-dist/tex/latex/url/url.sty
\Urlmuskip=\muskip11
Package: url 2013/09/16  ver 3.4  Verb mode for urls, etc.
)
LaTeX Info: Redefining \url on input line 5041.
\XeTeXLinkMargin=\dimen129
\Fld@menulength=\count115
\Field@Width=\dimen130
\Fld@charsize=\dimen131
Package hyperref Info: Hyper figures OFF on input line 6295.
Package hyperref Info: Link nesting OFF on input line 6300.
Package hyperref Info: Hyper index ON on input line 6303.
Package hyperref Info: backreferencing OFF on input line 6310.
Package hyperref Info: Link coloring OFF on input line 6315.
Package hyperref Info: Link coloring with OCG OFF on input line 6320.
Package hyperref Info: PDF/A mode OFF on input line 6325.
LaTeX Info: Redefining \ref on input line 6365.
LaTeX Info: Redefining \pageref on input line 6369.
\Hy@abspage=\count116
\c@Item=\count117
\c@Hfootnote=\count118
)

Package hyperref Message: Driver (autodetected): hpdftex.

(/usr/local/texlive/2014/texmf-dist/tex/latex/hyperref/hpdftex.def
File: hpdftex.def 2012/11/06 v6.83m Hyperref driver for pdfTeX
\Fld@listcount=\count119
\c@bookmark@seq@number=\count120

(/usr/local/texlive/2014/texmf-dist/tex/latex/oberdiek/rerunfilecheck.sty
Package: rerunfilecheck 2011/04/15 v1.7 Rerun checks for auxiliary files (HO)
Package uniquecounter Info: New unique counter `rerunfilecheck' on input line 2
82.
)
\Hy@SectionHShift=\skip50
)
(/usr/local/texlive/2014/texmf-dist/tex/latex/was/gensymb.sty
Package: gensymb 2003/07/02 v1.0 (WaS)
)
(/usr/local/texlive/2014/texmf-dist/tex/latex/caption/subcaption.sty
Package: subcaption 2013/02/03 v1.1-62 Sub-captions (AR)

(/usr/local/texlive/2014/texmf-dist/tex/latex/caption/caption.sty
Package: caption 2013/05/02 v3.3-89 Customizing captions (AR)

(/usr/local/texlive/2014/texmf-dist/tex/latex/caption/caption3.sty
Package: caption3 2013/05/02 v1.6-88 caption3 kernel (AR)
Package caption3 Info: TeX engine: e-TeX on input line 57.
\captionmargin=\dimen132
\captionmargin@=\dimen133
\captionwidth=\dimen134
\caption@tempdima=\dimen135
\caption@indent=\dimen136
\caption@parindent=\dimen137
\caption@hangindent=\dimen138
)
\c@ContinuedFloat=\count121
Package caption Info: float package is loaded.
Package caption Info: hyperref package is loaded.
)
\c@subfigure=\count122
\c@subtable=\count123
)
(/usr/local/texlive/2014/texmf-dist/tex/latex/footmisc/footmisc.sty
Package: footmisc 2011/06/06 v5.5b a miscellany of footnote facilities
\FN@temptoken=\toks25
\footnotemargin=\dimen139
\c@pp@next@reset=\count124
Package footmisc Info: Declaring symbol style bringhurst on input line 855.
Package footmisc Info: Declaring symbol style chicago on input line 863.
Package footmisc Info: Declaring symbol style wiley on input line 872.
Package footmisc Info: Declaring symbol style lamport-robust on input line 883.

Package footmisc Info: Declaring symbol style lamport* on input line 903.
Package footmisc Info: Declaring symbol style lamport*-robust on input line 924
.
)
(./lab3_report.aux)
\openout1 = `lab3_report.aux'.

LaTeX Font Info:    Checking defaults for OML/txmi/m/it on input line 15.
LaTeX Font Info:    Try loading font information for OML+txmi on input line 15.


(/usr/local/texlive/2014/texmf-dist/tex/latex/txfonts/omltxmi.fd
File: omltxmi.fd 2000/12/15 v3.1
)
LaTeX Font Info:    ... okay on input line 15.
LaTeX Font Info:    Checking defaults for T1/cmr/m/n on input line 15.
LaTeX Font Info:    ... okay on input line 15.
LaTeX Font Info:    Checking defaults for OT1/cmr/m/n on input line 15.
LaTeX Font Info:    ... okay on input line 15.
LaTeX Font Info:    Checking defaults for OMS/txsy/m/n on input line 15.
LaTeX Font Info:    Try loading font information for OMS+txsy on input line 15.


(/usr/local/texlive/2014/texmf-dist/tex/latex/txfonts/omstxsy.fd
File: omstxsy.fd 2000/12/15 v3.1
)
LaTeX Font Info:    ... okay on input line 15.
LaTeX Font Info:    Checking defaults for OMX/txex/m/n on input line 15.
LaTeX Font Info:    Try loading font information for OMX+txex on input line 15.


(/usr/local/texlive/2014/texmf-dist/tex/latex/txfonts/omxtxex.fd
File: omxtxex.fd 2000/12/15 v3.1
)
LaTeX Font Info:    ... okay on input line 15.
LaTeX Font Info:    Checking defaults for U/txexa/m/n on input line 15.
LaTeX Font Info:    Try loading font information for U+txexa on input line 15.

(/usr/local/texlive/2014/texmf-dist/tex/latex/txfonts/utxexa.fd
File: utxexa.fd 2000/12/15 v3.1
)
LaTeX Font Info:    ... okay on input line 15.
LaTeX Font Info:    Checking defaults for PD1/pdf/m/n on input line 15.
LaTeX Font Info:    ... okay on input line 15.
LaTeX Font Info:    Try loading font information for OT1+txr on input line 15.

(/usr/local/texlive/2014/texmf-dist/tex/latex/txfonts/ot1txr.fd
File: ot1txr.fd 2000/12/15 v3.1
)
(/usr/local/texlive/2014/texmf-dist/tex/context/base/supp-pdf.mkii
[Loading MPS to PDF converter (version 2006.09.02).]
\scratchcounter=\count125
\scratchdimen=\dimen140
\scratchbox=\box34
\nofMPsegments=\count126
\nofMParguments=\count127
\everyMPshowfont=\toks26
\MPscratchCnt=\count128
\MPscratchDim=\dimen141
\MPnumerator=\count129
\makeMPintoPDFobject=\count130
\everyMPtoPDFconversion=\toks27
) (/usr/local/texlive/2014/texmf-dist/tex/latex/oberdiek/epstopdf-base.sty
Package: epstopdf-base 2010/02/09 v2.5 Base part for package epstopdf

(/usr/local/texlive/2014/texmf-dist/tex/latex/oberdiek/grfext.sty
Package: grfext 2010/08/19 v1.1 Manage graphics extensions (HO)
)
Package grfext Info: Graphics extension search list:
(grfext)             [.png,.pdf,.jpg,.mps,.jpeg,.jbig2,.jb2,.PNG,.PDF,.JPG,.JPE
G,.JBIG2,.JB2,.eps]
(grfext)             \AppendGraphicsExtensions on input line 452.

(/usr/local/texlive/2014/texmf-dist/tex/latex/latexconfig/epstopdf-sys.cfg
File: epstopdf-sys.cfg 2010/07/13 v1.3 Configuration of (r)epstopdf for TeX Liv
e
))
*geometry* driver: auto-detecting
*geometry* detected driver: pdftex
*geometry* verbose mode - [ preamble ] result:
* driver: pdftex
* paper: custom
* layout: <same size as paper>
* layoutoffset:(h,v)=(0.0pt,0.0pt)
* hratio: 1:1
* vratio: 1:1
* modes: 
* h-part:(L,W,R)=(79.49744pt, 438.513pt, 79.49744pt)
* v-part:(T,H,B)=(108.405pt, 628.23685pt, 108.405pt)
* \paperwidth=597.50787pt
* \paperheight=845.04684pt
* \textwidth=438.513pt
* \textheight=628.23685pt
* \oddsidemargin=7.22745pt
* \evensidemargin=7.22745pt
* \topmargin=-25.86499pt
* \headheight=50.0pt
* \headsep=12.0pt
* \topskip=12.0pt
* \footskip=18.0pt
* \marginparwidth=44.0pt
* \marginparsep=10.0pt
* \columnsep=18.0pt
* \skip\footins=24.0pt plus 2.0pt minus 12.0pt
* \hoffset=0.0pt
* \voffset=0.0pt
* \mag=1000
* \@twocolumntrue
* \@twosidefalse
* \@mparswitchfalse
* \@reversemarginfalse
* (1in=72.27pt=25.4mm, 1cm=28.453pt)

\AtBeginShipoutBox=\box35
Package hyperref Info: Link coloring OFF on input line 15.
(/usr/local/texlive/2014/texmf-dist/tex/latex/hyperref/nameref.sty
Package: nameref 2012/10/27 v2.43 Cross-referencing by name of section

(/usr/local/texlive/2014/texmf-dist/tex/generic/oberdiek/gettitlestring.sty
Package: gettitlestring 2010/12/03 v1.4 Cleanup title references (HO)
)
\c@section@level=\count131
)
LaTeX Info: Redefining \ref on input line 15.
LaTeX Info: Redefining \pageref on input line 15.
LaTeX Info: Redefining \nameref on input line 15.

(./lab3_report.out) (./lab3_report.out)
\@outlinefile=\write4
\openout4 = `lab3_report.out'.

LaTeX Info: Redefining \celsius on input line 15.
Package gensymb Info: Faking symbols for \degree and \celsius on input line 15.



Package gensymb Warning: Not defining \perthousand.

LaTeX Info: Redefining \ohm on input line 15.
Package gensymb Info: Using \Omega for \ohm on input line 15.

Package gensymb Warning: Not defining \micro.

Package caption Info: Begin \AtBeginDocument code.
Package caption Info: End \AtBeginDocument code.
LaTeX Font Info:    Try loading font information for U+txmia on input line 19.
(/usr/local/texlive/2014/texmf-dist/tex/latex/txfonts/utxmia.fd
File: utxmia.fd 2000/12/15 v3.1
)
LaTeX Font Info:    Try loading font information for U+txsya on input line 19.

(/usr/local/texlive/2014/texmf-dist/tex/latex/txfonts/utxsya.fd
File: utxsya.fd 2000/12/15 v3.1
)
LaTeX Font Info:    Try loading font information for U+txsyb on input line 19.

(/usr/local/texlive/2014/texmf-dist/tex/latex/txfonts/utxsyb.fd
File: utxsyb.fd 2000/12/15 v3.1
)
LaTeX Font Info:    Try loading font information for U+txsyc on input line 19.

(/usr/local/texlive/2014/texmf-dist/tex/latex/txfonts/utxsyc.fd
File: utxsyc.fd 2000/12/15 v3.1
)
Overfull \hbox (12.4635pt too wide) in paragraph at lines 21--24
\OT1/txr/m/n/12 lab, we in-ves-ti-gated the char-ac-ter-is-tics of semi-
 []


Overfull \hbox (18.13953pt too wide) in paragraph at lines 21--24
\OT1/txr/m/n/12 con-duc-tor diodes. We ex-plored the temperature-
 []


Overfull \hbox (14.71951pt too wide) in paragraph at lines 26--28
\OT1/txr/m/n/12 di-rec-tion-ally, since if there is a non-overloading
 []


Overfull \hbox (1.2675pt too wide) in paragraph at lines 29--30
\OT1/txr/m/n/12 stick mounted 1NN4448 diode has a for-ward
 []


Overfull \hbox (2.70749pt too wide) in paragraph at lines 29--30
\OT1/txr/m/n/12 mea-sured for-ward volt-age drop is 8.215mV$\OMS/txsy/m/n/12 ^^
F$
 []


Overfull \hbox (6.90753pt too wide) in paragraph at lines 30--31
\OT1/txr/m/n/12 tem-per-a-ture, the con-duc-tion elec-trons has less
 []

<figure/3_3.png, id=6, 398.6895pt x 288.1164pt>
File: figure/3_3.png Graphic file (type png)
 <use figure/3_3.png>
Package pdftex.def Info: figure/3_3.png used on input line 35.
(pdftex.def)             Requested size: 219.2565pt x 158.44691pt.

Overfull \hbox (9.0pt too wide) in paragraph at lines 35--36
 [] 
 []


Overfull \hbox (3.21152pt too wide) in paragraph at lines 32--39
\OT1/txr/m/n/12 in-creases the volt-age and vice versa for coun-
 []

[1{/usr/local/texlive/2014/texmf-var/fonts/map/pdftex/updmap/pdftex.map}


]
<figure/3_4_diag.png, id=23, 216.05719pt x 52.69687pt>
File: figure/3_4_diag.png Graphic file (type png)

<use figure/3_4_diag.png>
Package pdftex.def Info: figure/3_4_diag.png used on input line 42.
(pdftex.def)             Requested size: 131.55524pt x 32.08794pt.

<figure/3_4_no_log.png, id=27, 410.53375pt x 285.065pt>
File: figure/3_4_no_log.png Graphic file (type png)

<use figure/3_4_no_log.png>
Package pdftex.def Info: figure/3_4_no_log.png used on input line 49.
(pdftex.def)             Requested size: 219.2565pt x 152.2451pt.

Overfull \hbox (9.0pt too wide) in paragraph at lines 49--50
 [] 
 []

<figure/3_4_log.png, id=28, 411.5375pt x 288.07625pt>
File: figure/3_4_log.png Graphic file (type png)
 <use figure/3_4_log.png>
Package pdftex.def Info: figure/3_4_log.png used on input line 55.
(pdftex.def)             Requested size: 219.2565pt x 153.47969pt.

Overfull \hbox (9.0pt too wide) in paragraph at lines 55--56
 [] 
 []


LaTeX Warning: `!h' float specifier changed to `!ht'.


LaTeX Warning: `!h' float specifier changed to `!ht'.

<figure/3_5_norm.png, id=30, 400.49625pt x 285.065pt>
File: figure/3_5_norm.png Graphic file (type png)

<use figure/3_5_norm.png>
Package pdftex.def Info: figure/3_5_norm.png used on input line 63.
(pdftex.def)             Requested size: 219.2565pt x 156.06418pt.

Overfull \hbox (9.0pt too wide) in paragraph at lines 63--64
 [] 
 []


Overfull \hbox (8.4435pt too wide) in paragraph at lines 60--67
\OT1/txr/m/n/12 au-to-mated ad-just-ment varies the volt-age faster
 []


Overfull \hbox (1.60352pt too wide) in paragraph at lines 60--67
\OT1/txr/m/n/12 age ad-just-ment. By se-lect-ing the Ohmic (lin-
 []


LaTeX Warning: `!h' float specifier changed to `!ht'.


Overfull \hbox (5.72833pt too wide) in paragraph at lines 67--68
[]\OT1/txr/m/n/12 We re-ar-range the diode equa-tion as shown
 []


Overfull \hbox (12.1005pt too wide) in paragraph at lines 77--77
[] 
 []

[2 <./figure/3_3.png> <./figure/3_4_diag.png> <./figure/3_4_no_log.png> <./figu
re/3_4_log.png>] <figure/3_5_ln2.png, id=53, 400.49625pt x 285.065pt>
File: figure/3_5_ln2.png Graphic file (type png)

<use figure/3_5_ln2.png>
Package pdftex.def Info: figure/3_5_ln2.png used on input line 82.
(pdftex.def)             Requested size: 219.2565pt x 156.06418pt.

Overfull \hbox (9.0pt too wide) in paragraph at lines 82--83
 [] 
 []


LaTeX Warning: `!h' float specifier changed to `!ht'.

<figure/3_7_setup.png, id=56, 227.34938pt x 101.62968pt>
File: figure/3_7_setup.png Graphic file (type png)

<use figure/3_7_setup.png>
Package pdftex.def Info: figure/3_7_setup.png used on input line 96.
(pdftex.def)             Requested size: 219.2565pt x 98.01309pt.

Overfull \hbox (9.0pt too wide) in paragraph at lines 96--97
 [] 
 []

<figure/3_7.png, id=58, 481.8pt x 234.8775pt>
File: figure/3_7.png Graphic file (type png)
 <use figure/3_7.png>
Package pdftex.def Info: figure/3_7.png used on input line 103.
(pdftex.def)             Requested size: 219.2565pt x 106.88734pt.

Overfull \hbox (9.0pt too wide) in paragraph at lines 103--104
 [] 
 []

[3 <./figure/3_5_norm.png> <./figure/3_5_ln2.png> <./figure/3_7_setup.png>]
Overfull \hbox (0.42433pt too wide) in paragraph at lines 111--112
[]\OT1/txr/m/n/12 The rip-ple am-pli-tude de-creases as shown
 []

<figure/TEK00015.png, id=74, 421.575pt x 234.8775pt>
File: figure/TEK00015.png Graphic file (type png)
 <use figure/TEK00015.png>
Package pdftex.def Info: figure/TEK00015.png used on input line 116.
(pdftex.def)             Requested size: 219.2565pt x 122.1585pt.

<figure/TEK00017.png, id=75, 421.575pt x 233.87375pt>
File: figure/TEK00017.png Graphic file (type png)

<use figure/TEK00017.png>
Package pdftex.def Info: figure/TEK00017.png used on input line 117.
(pdftex.def)             Requested size: 219.2565pt x 121.63644pt.

Overfull \hbox (9.0pt too wide) in paragraph at lines 116--118
 [] 
 []


Overfull \hbox (9.0pt too wide) in paragraph at lines 116--118
 [] 
 []

<figure/fig2.png, id=77, 373.395pt x 95.6072pt>
File: figure/fig2.png Graphic file (type png)
 <use figure/fig2.png>
Package pdftex.def Info: figure/fig2.png used on input line 125.
(pdftex.def)             Requested size: 219.2565pt x 56.14078pt.

Overfull \hbox (9.0pt too wide) in paragraph at lines 125--126
 [] 
 []


Overfull \hbox (7.1235pt too wide) in paragraph at lines 122--129
\OT1/txr/m/n/12 duct this pro-ce-dure on both the 1k$
$ and 10k$
$
 []


Package caption Warning: \label without proper \caption on input line 130.
See the caption package documentation for explanation.


LaTeX Warning: Reference `ll' on page 4 undefined on input line 129.

<figure/loadlines.png, id=80, 413.545pt x 285.065pt>
File: figure/loadlines.png Graphic file (type png)

<use figure/loadlines.png>
Package pdftex.def Info: figure/loadlines.png used on input line 132.
(pdftex.def)             Requested size: 219.2565pt x 151.14027pt.

Overfull \hbox (9.0pt too wide) in paragraph at lines 132--133
 [] 
 []

<figure/table.png, id=81, 546.04pt x 105.39375pt>
File: figure/table.png Graphic file (type png)
 <use figure/table.png>
Package pdftex.def Info: figure/table.png used on input line 137.
(pdftex.def)             Requested size: 219.2565pt x 42.31917pt.

Overfull \hbox (9.0pt too wide) in paragraph at lines 137--139
 [] 
 []

<figure/intersect.png, id=82, 442.65375pt x 285.065pt>
File: figure/intersect.png Graphic file (type png)

<use figure/intersect.png>
Package pdftex.def Info: figure/intersect.png used on input line 143.
(pdftex.def)             Requested size: 219.2565pt x 141.20113pt.

<figure/intersect_10k.png, id=83, 429.605pt x 285.065pt>
File: figure/intersect_10k.png Graphic file (type png)

<use figure/intersect_10k.png>
Package pdftex.def Info: figure/intersect_10k.png used on input line 144.
(pdftex.def)             Requested size: 219.2565pt x 145.48996pt.

Overfull \hbox (9.0pt too wide) in paragraph at lines 143--145
 [] 
 []


Overfull \hbox (9.0pt too wide) in paragraph at lines 143--145
 [] 
 []


Overfull \hbox (5.36751pt too wide) in paragraph at lines 129--148
\OT1/txr/m/n/12 pre-dicted value and $\OML/txmi/m/it/12 V[]$ \OT1/txr/m/n/12 me
a-sure-ments shows
 []

[4 <./figure/3_7.png (PNG copy)> <./figure/TEK00015.png> <./figure/TEK00017.png
> <./figure/fig2.png>]

LaTeX Warning: `!h' float specifier changed to `!ht'.

<figure/3_10_12.png, id=95, 481.8pt x 92.7465pt>
File: figure/3_10_12.png Graphic file (type png)
 <use figure/3_10_12.png>
Package pdftex.def Info: figure/3_10_12.png used on input line 152.
(pdftex.def)             Requested size: 219.2565pt x 42.20679pt.

<figure/3_10_13.png, id=96, 481.8pt x 102.3825pt>
File: figure/3_10_13.png Graphic file (type png)
 <use figure/3_10_13.png>
Package pdftex.def Info: figure/3_10_13.png used on input line 153.
(pdftex.def)             Requested size: 219.2565pt x 46.59192pt.

<figure/3_10_14.png, id=97, 479.7925pt x 136.51pt>
File: figure/3_10_14.png Graphic file (type png)
 <use figure/3_10_14.png>
Package pdftex.def Info: figure/3_10_14.png used on input line 154.
(pdftex.def)             Requested size: 219.2565pt x 62.38292pt.

Overfull \hbox (9.0pt too wide) in paragraph at lines 152--155
 [] 
 []


Overfull \hbox (9.0pt too wide) in paragraph at lines 152--155
 [] 
 []


Overfull \hbox (9.0pt too wide) in paragraph at lines 152--155
 [] 
 []


Overfull \hbox (4.19551pt too wide) in paragraph at lines 149--159
\OT1/txr/m/n/12 sense be-cause the off-set adder lim-its the max-
 []


Overfull \hbox (0.73149pt too wide) in paragraph at lines 149--159
\OT1/txr/m/n/12 i-mum V$[]$ of the sig-nal to 2V, there-fore, any-
 []


LaTeX Warning: `!h' float specifier changed to `!ht'.

<figure/3_10_17.png, id=99, 481.8pt x 83.31125pt>
File: figure/3_10_17.png Graphic file (type png)
 <use figure/3_10_17.png>
Package pdftex.def Info: figure/3_10_17.png used on input line 162.
(pdftex.def)             Requested size: 219.2565pt x 37.91302pt.

<figure/3_10_16.png, id=100, 481.8pt x 75.28125pt>
File: figure/3_10_16.png Graphic file (type png)
 <use figure/3_10_16.png>
Package pdftex.def Info: figure/3_10_16.png used on input line 163.
(pdftex.def)             Requested size: 219.2565pt x 34.25876pt.

Overfull \hbox (9.0pt too wide) in paragraph at lines 162--164
 [] 
 []


Overfull \hbox (9.0pt too wide) in paragraph at lines 162--164
 [] 
 []


LaTeX Warning: `!h' float specifier changed to `!ht'.

<figure/TEK00022.png, id=104, 481.8pt x 234.8775pt>
File: figure/TEK00022.png Graphic file (type png)
 <use figure/TEK00022.png>
Package pdftex.def Info: figure/TEK00022.png used on input line 174.
(pdftex.def)             Requested size: 219.2565pt x 106.88734pt.

<figure/TEK00024.png, id=105, 481.8pt x 234.8775pt>
File: figure/TEK00024.png Graphic file (type png)
 <use figure/TEK00024.png>
Package pdftex.def Info: figure/TEK00024.png used on input line 175.
(pdftex.def)             Requested size: 219.2565pt x 106.88734pt.

Overfull \hbox (9.0pt too wide) in paragraph at lines 174--176
 [] 
 []


Overfull \hbox (9.0pt too wide) in paragraph at lines 174--176
 [] 
 []

[5 <./figure/loadlines.png> <./figure/table.png> <./figure/intersect.png> <./fi
gure/intersect_10k.png>]
<figure/3_12_fig.png, id=122, 400.49625pt x 285.065pt>
File: figure/3_12_fig.png Graphic file (type png)

<use figure/3_12_fig.png>
Package pdftex.def Info: figure/3_12_fig.png used on input line 184.
(pdftex.def)             Requested size: 219.2565pt x 156.06418pt.

Overfull \hbox (9.0pt too wide) in paragraph at lines 184--185
 [] 
 []


LaTeX Warning: `!h' float specifier changed to `!ht'.

<figure/3_13_LED.png, id=123, 398.48875pt x 292.09125pt>
File: figure/3_13_LED.png Graphic file (type png)

<use figure/3_13_LED.png>
Package pdftex.def Info: figure/3_13_LED.png used on input line 193.
(pdftex.def)             Requested size: 219.2565pt x 160.71306pt.

Overfull \hbox (9.0pt too wide) in paragraph at lines 193--194
 [] 
 []


Overfull \hbox (5.65633pt too wide) in paragraph at lines 190--198
[]\OT1/txr/m/n/12 When we flipped the po-lar-ity of the power
 []


Overfull \hbox (8.13153pt too wide) in paragraph at lines 190--198
\OT1/txr/m/n/12 crease the re-sis-tance, the for-ward volt-age drop
 []


Overfull \hbox (8.25081pt too wide) in paragraph at lines 190--198
\OT1/txr/m/n/12 in-creases and the LED bright-ness dims. When
 []


Overfull \hbox (11.67152pt too wide) in paragraph at lines 190--198
\OT1/txr/m/n/12 the re-sis-tance too large, the volt-age drop across
 []

[6 <./figure/3_10_12.png> <./figure/3_10_13.png> <./figure/3_10_14.png> <./figu
re/3_10_17.png> <./figure/3_10_16.png> <./figure/TEK00022.png (PNG copy)> <./fi
gure/TEK00024.png (PNG copy)>]
<figure/3_14_LED.png, id=140, 400.49625pt x 285.065pt>
File: figure/3_14_LED.png Graphic file (type png)

<use figure/3_14_LED.png>
Package pdftex.def Info: figure/3_14_LED.png used on input line 202.
(pdftex.def)             Requested size: 219.2565pt x 156.06418pt.

Overfull \hbox (9.0pt too wide) in paragraph at lines 202--203
 [] 
 []


LaTeX Warning: `!h' float specifier changed to `!ht'.


Overfull \hbox (11.21234pt too wide) in paragraph at lines 207--208
[]\OT1/txr/m/n/12 The charge stored in a ca-pac-i-tor dis-charged
 []


Overfull \hbox (1.84279pt too wide) in paragraph at lines 211--217
\OT1/txr/m/n/12 pac-i-tor dis-charges into the RC cir-cuit formed
 []


Overfull \hbox (14.15257pt too wide) detected at line 226
\OML/txmi/m/it/12 V[] \OT1/txr/m/n/12 = 5\OML/txmi/m/it/12 V\OT1/txr/m/n/12 (1 
\OMS/txsy/m/n/12 ^^@ \OML/txmi/m/it/12 e[]\OT1/txr/m/n/12 ) = 259\OML/txmi/m/it
/12 mV
 []


Overfull \hbox (4.9995pt too wide) in paragraph at lines 226--229
\OT1/txr/m/n/12 rip-ple volt-age is 131mV, ap-prox-i-mately equal
 []


Overfull \hbox (6.46278pt too wide) in paragraph at lines 226--229
\OT1/txr/m/n/12 volt-age (150mV) for the lower fig-ure of Fig.[]9[]. 
 []

[7 <./figure/3_12_fig.png> <./figure/3_13_LED.png> <./figure/3_14_LED.png>]
<figure/doris.png, id=162, 407.5225pt x 285.065pt>
File: figure/doris.png Graphic file (type png)
 <use figure/doris.png>
Package pdftex.def Info: figure/doris.png used on input line 233.
(pdftex.def)             Requested size: 219.2565pt x 153.37169pt.

Overfull \hbox (9.0pt too wide) in paragraph at lines 233--234
 [] 
 []


Overfull \hbox (0.13634pt too wide) in paragraph at lines 230--237
[]\OT1/txr/m/n/12 We per-formed the graph-i-cal per-tur-ba-tion
 []


Overfull \hbox (2.07152pt too wide) in paragraph at lines 230--237
\OT1/txr/m/n/12 changes to the sys-tem pa-ram-e-ters for the per-
 []


LaTeX Warning: `!h' float specifier changed to `!ht'.

<figure/table1.png, id=163, 474.77374pt x 82.3075pt>
File: figure/table1.png Graphic file (type png)
 <use figure/table1.png>
Package pdftex.def Info: figure/table1.png used on input line 241.
(pdftex.def)             Requested size: 219.2565pt x 38.01009pt.

Overfull \hbox (9.0pt too wide) in paragraph at lines 241--242
 [] 
 []

File: figure/doris.png Graphic file (type png)
<use figure/doris.png>
Package pdftex.def Info: figure/doris.png used on input line 245.
(pdftex.def)             Requested size: 219.2565pt x 153.37169pt.

Overfull \hbox (9.0pt too wide) in paragraph at lines 245--246
 [] 
 []

Missing character: There is no Î in font txr!
Missing character: There is no © in font txr!

LaTeX Warning: `!h' float specifier changed to `!ht'.

<figure/table2.png, id=164, 441.65pt x 82.3075pt>
File: figure/table2.png Graphic file (type png)
 <use figure/table2.png>
Package pdftex.def Info: figure/table2.png used on input line 256.
(pdftex.def)             Requested size: 219.2565pt x 40.86101pt.

Overfull \hbox (9.0pt too wide) in paragraph at lines 256--257
 [] 
 []


Overfull \hbox (1.0155pt too wide) in paragraph at lines 252--258
\OT1/txr/m/n/12 ba-tion anal-y-sis are com-pared against the val-
 []

<figure/bad.png, id=166, 400.49625pt x 285.065pt>
File: figure/bad.png Graphic file (type png)
 <use figure/bad.png>
Package pdftex.def Info: figure/bad.png used on input line 261.
(pdftex.def)             Requested size: 219.2565pt x 156.06418pt.

Overfull \hbox (9.0pt too wide) in paragraph at lines 261--262
 [] 
 []

[8 <./figure/doris.png> <./figure/table1.png>]
Overfull \hbox (0.94032pt too wide) in paragraph at lines 266--267
[]\OT1/txr/m/n/12 We de-signed the zener diode volt-age reg-
 []


Overfull \hbox (5.99551pt too wide) in paragraph at lines 266--267
\OT1/txr/m/n/12 with one re-sis-tor and the 1N5234 zener diode.
 []


Overfull \hbox (8.2155pt too wide) in paragraph at lines 266--267
\OT1/txr/m/n/12 We com-pute the re-sis-tance given that the max-
 []

<figure/3_18_schematic.jpg, id=183, 3246.1275pt x 1631.09375pt>
File: figure/3_18_schematic.jpg Graphic file (type jpg)

<use figure/3_18_schematic.jpg>
Package pdftex.def Info: figure/3_18_schematic.jpg used on input line 273.
(pdftex.def)             Requested size: 219.2565pt x 110.1563pt.

Overfull \hbox (9.0pt too wide) in paragraph at lines 273--274
 [] 
 []

<figure/3_18_curve.png, id=184, 400.49625pt x 285.065pt>
File: figure/3_18_curve.png Graphic file (type png)

<use figure/3_18_curve.png>
Package pdftex.def Info: figure/3_18_curve.png used on input line 280.
(pdftex.def)             Requested size: 219.2565pt x 156.06418pt.

Overfull \hbox (9.0pt too wide) in paragraph at lines 280--281
 [] 
 []


Overfull \hbox (6.07878pt too wide) in paragraph at lines 269--284
\OT1/txr/m/n/12 12V$\OMS/txsy/m/n/12 ^^F$\OT1/txr/m/n/12 1.84mV in-put from the
 bread-board box,
 []

<figure/3_19_setup.png, id=185, 184.5294pt x 113.223pt>
File: figure/3_19_setup.png Graphic file (type png)

<use figure/3_19_setup.png>
Package pdftex.def Info: figure/3_19_setup.png used on input line 287.
(pdftex.def)             Requested size: 219.2565pt x 134.54008pt.

Overfull \hbox (9.0pt too wide) in paragraph at lines 287--288
 [] 
 []


LaTeX Warning: `!h' float specifier changed to `!ht'.

<figure/1.jpg, id=188, 1279.78125pt x 897.3525pt>
File: figure/1.jpg Graphic file (type jpg)
 <use figure/1.jpg>
Package pdftex.def Info: figure/1.jpg used on input line 294.
(pdftex.def)             Requested size: 219.2565pt x 153.72545pt.

<figure/Part2-Part1.jpg, id=189, 1277.77374pt x 900.36375pt>
File: figure/Part2-Part1.jpg Graphic file (type jpg)

<use figure/Part2-Part1.jpg>
Package pdftex.def Info: figure/Part2-Part1.jpg used on input line 295.
(pdftex.def)             Requested size: 219.2565pt x 154.4886pt.

Overfull \hbox (9.0pt too wide) in paragraph at lines 294--296
 [] 
 []


Overfull \hbox (9.0pt too wide) in paragraph at lines 294--296
 [] 
 []


Underfull \hbox (badness 4132) in paragraph at lines 296--296
[]\OT1/txr/m/n/10 Figure 25: |In-put sig-nal(red) and out-put sig-
 []


Overfull \hbox (3.1363pt too wide) in paragraph at lines 291--299
[]\OT1/txr/m/n/12 The Bi-as-Diode sim-u-la-tion setup is shown
 []


LaTeX Warning: `!h' float specifier changed to `!ht'.

<figure/V_in_2.jpg, id=191, 1277.77374pt x 898.35625pt>
File: figure/V_in_2.jpg Graphic file (type jpg)

<use figure/V_in_2.jpg>
Package pdftex.def Info: figure/V_in_2.jpg used on input line 302.
(pdftex.def)             Requested size: 219.2565pt x 154.14415pt.

<figure/V_out_2.jpg, id=192, 1278.7775pt x 892.33376pt>
File: figure/V_out_2.jpg Graphic file (type jpg)

<use figure/V_out_2.jpg>
Package pdftex.def Info: figure/V_out_2.jpg used on input line 303.
(pdftex.def)             Requested size: 219.2565pt x 152.98824pt.

Overfull \hbox (9.0pt too wide) in paragraph at lines 302--304
 [] 
 []


Overfull \hbox (9.0pt too wide) in paragraph at lines 302--304
 [] 
 []


Overfull \hbox (3.8835pt too wide) in paragraph at lines 299--307
\OT1/txr/m/n/12 shown be-low. As shown in Fig.[]26[] he strength
 []

[9 <./figure/table2.png> <./figure/bad.png> <./figure/3_18_schematic.jpg> <./fi
gure/3_18_curve.png>]

LaTeX Warning: `!h' float specifier changed to `!ht'.

<figure/V_in_Part3or2.jpg, id=209, 1278.7775pt x 900.36375pt>
File: figure/V_in_Part3or2.jpg Graphic file (type jpg)

<use figure/V_in_Part3or2.jpg>
Package pdftex.def Info: figure/V_in_Part3or2.jpg used on input line 310.
(pdftex.def)             Requested size: 219.2565pt x 154.36496pt.

<figure/V_out_Part3actually2.jpg, id=210, 1279.78125pt x 898.35625pt>
File: figure/V_out_Part3actually2.jpg Graphic file (type jpg)

<use figure/V_out_Part3actually2.jpg>
Package pdftex.def Info: figure/V_out_Part3actually2.jpg used on input line 311
.
(pdftex.def)             Requested size: 219.2565pt x 153.8974pt.

Overfull \hbox (9.0pt too wide) in paragraph at lines 310--312
 [] 
 []


Overfull \hbox (9.0pt too wide) in paragraph at lines 310--312
 [] 
 []


Overfull \hbox (2.39551pt too wide) in paragraph at lines 307--315
\OT1/txr/m/n/12 out-put sig-nal has been rec-ti-fied and flat-tened.
 []


Overfull \hbox (0.9915pt too wide) in paragraph at lines 307--315
\OT1/txr/m/n/12 As the sig-nal has been cut-off in re-verse bias,
 []


LaTeX Warning: `!h' float specifier changed to `!ht'.

<figure/0_01V.jpg, id=211, 1275.76625pt x 901.3675pt>
File: figure/0_01V.jpg Graphic file (type jpg)
 <use figure/0_01V.jpg>
Package pdftex.def Info: figure/0_01V.jpg used on input line 318.
(pdftex.def)             Requested size: 219.2565pt x 154.9084pt.

<figure/0_001V.jpg, id=212, 1276.77pt x 898.35625pt>
File: figure/0_001V.jpg Graphic file (type jpg)
 <use figure/0_001V.jpg>
Package pdftex.def Info: figure/0_001V.jpg used on input line 319.
(pdftex.def)             Requested size: 219.2565pt x 154.26752pt.

<figure/0_000001V.jpg, id=213, 1276.77pt x 899.36pt>
File: figure/0_000001V.jpg Graphic file (type jpg)

<use figure/0_000001V.jpg>
Package pdftex.def Info: figure/0_000001V.jpg used on input line 320.
(pdftex.def)             Requested size: 219.2565pt x 154.43988pt.

Overfull \hbox (9.0pt too wide) in paragraph at lines 318--321
 [] 
 []


Overfull \hbox (9.0pt too wide) in paragraph at lines 318--321
 [] 
 []


Overfull \hbox (9.0pt too wide) in paragraph at lines 318--321
 [] 
 []


Overfull \hbox (2.28749pt too wide) in paragraph at lines 315--324
\OT1/txr/m/n/12 quency dou-bling is at $10[]$V. The sec-ond har-
 []

[10 <./figure/3_19_setup.png> <./figure/1.jpg> <./figure/Part2-Part1.jpg> <./fi
gure/V_in_2.jpg> <./figure/V_out_2.jpg>]
Overfull \hbox (3.23232pt too wide) in paragraph at lines 324--325
[]\OT1/txr/m/n/12 Frequency dou-bling is a phe-nomenon ob-
 []


Overfull \hbox (15.73953pt too wide) in paragraph at lines 326--328
\OT1/txr/m/n/12 plored the temperature-dependence of the diode
 []


Overfull \hbox (4.68752pt too wide) in paragraph at lines 326--328
\OT1/txr/m/n/12 cludes dif-fer-ent types of diodes, such as light-
 []

[11 <./figure/V_in_Part3or2.jpg> <./figure/V_out_Part3actually2.jpg> <./figure/
0_01V.jpg> <./figure/0_001V.jpg> <./figure/0_000001V.jpg>]
LaTeX Font Info:    Try loading font information for OMS+txr on input line 335.


(/usr/local/texlive/2014/texmf-dist/tex/latex/txfonts/omstxr.fd
File: omstxr.fd 2000/12/15 v3.1
)
LaTeX Font Info:    Font shape `OMS/txr/m/n' in size <10> not available
(Font)              Font shape `OMS/txsy/m/n' tried instead on input line 335.

Overfull \hbox (0.56828pt too wide) in paragraph at lines 336--337
[]\OT1/txr/m/n/10 ``Lab 3 - Diodes." \OT1/txr/m/it/10 Don-ald A. Glaser Ad-vanc
ed
 []

Package atveryend Info: Empty hook `BeforeClearDocument' on input line 341.
[12

]
Package atveryend Info: Empty hook `AfterLastShipout' on input line 341.
 (./lab3_report.aux)
Package atveryend Info: Executing hook `AtVeryEndDocument' on input line 341.
Package atveryend Info: Executing hook `AtEndAfterFileList' on input line 341.
Package rerunfilecheck Info: File `lab3_report.out' has not changed.
(rerunfilecheck)             Checksum: D41D8CD98F00B204E9800998ECF8427E;0.


LaTeX Warning: There were undefined references.

Package atveryend Info: Empty hook `AtVeryVeryEnd' on input line 341.
 ) 
Here is how much of TeX's memory you used:
 9001 strings out of 493117
 132255 string characters out of 6135433
 228897 words of memory out of 5000000
 12201 multiletter control sequences out of 15000+600000
 42013 words of font info for 104 fonts, out of 8000000 for 9000
 1141 hyphenation exceptions out of 8191
 42i,19n,40p,859b,362s stack positions out of 5000i,500n,10000p,200000b,80000s
pdfTeX warning (dest): name{Hfootnote.2} has been referenced but does not exi
st, replaced by a fixed one

pdfTeX warning (dest): name{Hfootnote.1} has been referenced but does not exist
, replaced by a fixed one

{/usr/local/texlive/2014/texmf-dist/fonts/enc/dvips/base/8r.enc}</usr/local/tex
live/2014/texmf-dist/fonts/type1/public/txfonts/rtxmi.pfb></usr/local/texlive/2
014/texmf-dist/fonts/type1/public/txfonts/rtxr.pfb></usr/local/texlive/2014/tex
mf-dist/fonts/type1/public/txfonts/txex.pfb></usr/local/texlive/2014/texmf-dist
/fonts/type1/public/txfonts/txsy.pfb></usr/local/texlive/2014/texmf-dist/fonts/
type1/urw/times/utmb8a.pfb></usr/local/texlive/2014/texmf-dist/fonts/type1/urw/
times/utmr8a.pfb></usr/local/texlive/2014/texmf-dist/fonts/type1/urw/times/utmr
i8a.pfb>
Output written on lab3_report.pdf (12 pages, 1405050 bytes).
PDF statistics:
 276 PDF objects out of 1000 (max. 8388607)
 183 compressed objects within 2 object streams
 76 named destinations out of 1000 (max. 500000)
 206 words of extra memory for PDF output out of 10000 (max. 10000000)

